[0.432s] Invoking command in '/home/mori/ros2_ws/src/mypkg': PYTHONPATH=/home/mori/ros2_ws/build/mypkg/prefix_override:/usr/lib/python3/dist-packages/colcon_core/task/python/colcon_distutils_commands:/home/mori/ros2_ws/install/mypkg/lib/python3.8/site-packages:${PYTHONPATH} /usr/bin/python3 -W ignore:setup.py install is deprecated setup.py egg_info --egg-base ../../build/mypkg build --build-base /home/mori/ros2_ws/build/mypkg/build install --record /home/mori/ros2_ws/build/mypkg/install.log --install-scripts $base/lib/mypkg --single-version-externally-managed install_data
[0.555s] running egg_info
[0.555s] writing ../../build/mypkg/mypkg.egg-info/PKG-INFO
[0.555s] writing dependency_links to ../../build/mypkg/mypkg.egg-info/dependency_links.txt
[0.556s] writing entry points to ../../build/mypkg/mypkg.egg-info/entry_points.txt
[0.556s] writing requirements to ../../build/mypkg/mypkg.egg-info/requires.txt
[0.556s] writing top-level names to ../../build/mypkg/mypkg.egg-info/top_level.txt
[0.578s] reading manifest file '../../build/mypkg/mypkg.egg-info/SOURCES.txt'
[0.579s] writing manifest file '../../build/mypkg/mypkg.egg-info/SOURCES.txt'
[0.579s] running build
[0.579s] running build_py
[0.579s] running install
[0.580s] running install_lib
[0.581s] running install_data
[0.581s] running install_egg_info
[0.582s] removing '/home/mori/ros2_ws/install/mypkg/lib/python3.8/site-packages/mypkg-0.0.0-py3.8.egg-info' (and everything under it)
[0.582s] Copying ../../build/mypkg/mypkg.egg-info to /home/mori/ros2_ws/install/mypkg/lib/python3.8/site-packages/mypkg-0.0.0-py3.8.egg-info
[0.583s] running install_scripts
[0.597s] Installing listener script to /home/mori/ros2_ws/install/mypkg/lib/mypkg
[0.597s] Installing talker script to /home/mori/ros2_ws/install/mypkg/lib/mypkg
[0.598s] writing list of installed files to '/home/mori/ros2_ws/build/mypkg/install.log'
[0.616s] Invoked command in '/home/mori/ros2_ws/src/mypkg' returned '0': PYTHONPATH=/home/mori/ros2_ws/build/mypkg/prefix_override:/usr/lib/python3/dist-packages/colcon_core/task/python/colcon_distutils_commands:/home/mori/ros2_ws/install/mypkg/lib/python3.8/site-packages:${PYTHONPATH} /usr/bin/python3 -W ignore:setup.py install is deprecated setup.py egg_info --egg-base ../../build/mypkg build --build-base /home/mori/ros2_ws/build/mypkg/build install --record /home/mori/ros2_ws/build/mypkg/install.log --install-scripts $base/lib/mypkg --single-version-externally-managed install_data
