[0.143s] Invoking command in '/home/mori/ros2_ws/build/person_msgs': CMAKE_PREFIX_PATH=${CMAKE_PREFIX_PATH}:/home/mori/ros2_ws/install/mypkg:/opt/ros/foxy /usr/bin/cmake /home/mori/ros2_ws/src/person_msgs -DCMAKE_INSTALL_PREFIX=/home/mori/ros2_ws/install/person_msgs
[0.151s] -- Found ament_cmake: 0.9.12 (/opt/ros/foxy/share/ament_cmake/cmake)
[0.167s] -- Found PythonInterp: /usr/bin/python3 (found suitable version "3.8.10", minimum required is "3") 
[0.167s] -- Using PYTHON_EXECUTABLE: /usr/bin/python3
[0.279s] -- Override CMake install command with custom implementation using symlinks instead of copying resources
[0.284s] -- Found rosidl_default_generators: 1.0.1 (/opt/ros/foxy/share/rosidl_default_generators/cmake)
[0.285s] -- Using all available rosidl_typesupport_c: rosidl_typesupport_fastrtps_c;rosidl_typesupport_introspection_c
[0.287s] -- Found rosidl_adapter: 1.3.1 (/opt/ros/foxy/share/rosidl_adapter/cmake)
[5.394s] -- Using all available rosidl_typesupport_cpp: rosidl_typesupport_fastrtps_cpp;rosidl_typesupport_introspection_cpp
[5.424s] -- Found PythonInterp: /usr/bin/python3 (found version "3.8.10") 
[5.498s] -- Found ament_cmake_ros: 0.9.2 (/opt/ros/foxy/share/ament_cmake_ros/cmake)
[9.995s] -- Using all available rosidl_typesupport_c: rosidl_typesupport_fastrtps_c;rosidl_typesupport_introspection_c
[9.999s] -- Using all available rosidl_typesupport_cpp: rosidl_typesupport_fastrtps_cpp;rosidl_typesupport_introspection_cpp
[10.017s] -- Found PythonInterp: /usr/bin/python3 (found suitable version "3.8.10", minimum required is "3.5") 
[10.017s] -- Found python_cmake_module: 0.8.1 (/opt/ros/foxy/share/python_cmake_module/cmake)
[10.035s] -- Using PYTHON_EXECUTABLE: /usr/bin/python3
[10.036s] -- Using PYTHON_INCLUDE_DIRS: /usr/include/python3.8
[10.036s] -- Using PYTHON_LIBRARIES: /usr/lib/x86_64-linux-gnu/libpython3.8.so
[10.046s] -- Found ament_lint_auto: 0.9.8 (/opt/ros/foxy/share/ament_lint_auto/cmake)
[10.052s] -- Added test 'copyright' to check source files copyright and LICENSE
[10.053s] -- Added test 'lint_cmake' to check CMake code style
[10.053s] -- Added test 'xmllint' to check XML markup files
[10.056s] -- Configuring done
[10.070s] -- Generating done
[10.072s] -- Build files have been written to: /home/mori/ros2_ws/build/person_msgs
[10.078s] Invoked command in '/home/mori/ros2_ws/build/person_msgs' returned '0': CMAKE_PREFIX_PATH=${CMAKE_PREFIX_PATH}:/home/mori/ros2_ws/install/mypkg:/opt/ros/foxy /usr/bin/cmake /home/mori/ros2_ws/src/person_msgs -DCMAKE_INSTALL_PREFIX=/home/mori/ros2_ws/install/person_msgs
[10.080s] Invoking command in '/home/mori/ros2_ws/build/person_msgs': CMAKE_PREFIX_PATH=${CMAKE_PREFIX_PATH}:/home/mori/ros2_ws/install/mypkg:/opt/ros/foxy /usr/bin/cmake --build /home/mori/ros2_ws/build/person_msgs -- -j20 -l20
[10.106s] [  3%] [34m[1mGenerating C code for ROS interfaces[0m
[10.112s] [  6%] [34m[1mGenerating C++ code for ROS interfaces[0m
[10.256s] [  6%] Built target person_msgs__cpp
[10.263s] [35m[1mScanning dependencies of target person_msgs__rosidl_generator_c[0m
[10.263s] [ 12%] [34m[1mGenerating C++ type support dispatch for ROS interfaces[0m
[10.263s] [ 12%] [34m[1mGenerating C++ introspection for ROS interfaces[0m
[10.263s] [ 16%] [34m[1mGenerating C++ type support for eProsima Fast-RTPS[0m
[10.272s] [ 19%] [32mBuilding C object CMakeFiles/person_msgs__rosidl_generator_c.dir/rosidl_generator_c/person_msgs/msg/detail/person__functions.c.o[0m
[10.396s] [35m[1mScanning dependencies of target person_msgs__rosidl_typesupport_cpp[0m
[10.404s] [ 22%] [32mBuilding CXX object CMakeFiles/person_msgs__rosidl_typesupport_cpp.dir/rosidl_typesupport_cpp/person_msgs/msg/person__type_support.cpp.o[0m
[10.404s] [35m[1mScanning dependencies of target person_msgs__rosidl_typesupport_introspection_cpp[0m
[10.411s] [35m[1mScanning dependencies of target person_msgs__rosidl_typesupport_fastrtps_cpp[0m
[10.412s] [ 25%] [32mBuilding CXX object CMakeFiles/person_msgs__rosidl_typesupport_introspection_cpp.dir/rosidl_typesupport_introspection_cpp/person_msgs/msg/detail/person__type_support.cpp.o[0m
[10.420s] [ 29%] [32m[1mLinking C shared library libperson_msgs__rosidl_generator_c.so[0m
[10.420s] [ 32%] [32mBuilding CXX object CMakeFiles/person_msgs__rosidl_typesupport_fastrtps_cpp.dir/rosidl_typesupport_fastrtps_cpp/person_msgs/msg/detail/dds_fastrtps/person__type_support.cpp.o[0m
[10.565s] [ 32%] Built target person_msgs__rosidl_generator_c
[10.574s] [ 35%] [34m[1mGenerating C type support dispatch for ROS interfaces[0m
[10.576s] [ 38%] [34m[1mGenerating C introspection for ROS interfaces[0m
[10.684s] [ 45%] [32m[1mLinking CXX shared library libperson_msgs__rosidl_typesupport_introspection_cpp.so[0m
[10.685s] [ 45%] [32m[1mLinking CXX shared library libperson_msgs__rosidl_typesupport_cpp.so[0m
[10.757s] [35m[1mScanning dependencies of target person_msgs__rosidl_typesupport_c[0m
[10.765s] [35m[1mScanning dependencies of target person_msgs__rosidl_typesupport_introspection_c[0m
[10.766s] [ 48%] [32mBuilding CXX object CMakeFiles/person_msgs__rosidl_typesupport_c.dir/rosidl_typesupport_c/person_msgs/msg/person__type_support.cpp.o[0m
[10.775s] [ 51%] [32mBuilding C object CMakeFiles/person_msgs__rosidl_typesupport_introspection_c.dir/rosidl_typesupport_introspection_c/person_msgs/msg/detail/person__type_support.c.o[0m
[10.793s] [ 51%] Built target person_msgs__rosidl_typesupport_cpp
[10.794s] [ 54%] [32m[1mLinking CXX shared library libperson_msgs__rosidl_typesupport_c.so[0m
[10.804s] [ 58%] [32m[1mLinking C shared library libperson_msgs__rosidl_typesupport_introspection_c.so[0m
[10.810s] [ 61%] [32m[1mLinking CXX shared library libperson_msgs__rosidl_typesupport_fastrtps_cpp.so[0m
[10.810s] [ 61%] Built target person_msgs__rosidl_typesupport_introspection_cpp
[10.922s] [ 61%] Built target person_msgs__rosidl_typesupport_introspection_c
[10.929s] [ 61%] Built target person_msgs__rosidl_typesupport_c
[11.004s] [ 61%] Built target person_msgs__rosidl_typesupport_fastrtps_cpp
[11.012s] [ 64%] [34m[1mGenerating C type support for eProsima Fast-RTPS[0m
[11.147s] [35m[1mScanning dependencies of target person_msgs__rosidl_typesupport_fastrtps_c[0m
[11.155s] [ 67%] [32mBuilding CXX object CMakeFiles/person_msgs__rosidl_typesupport_fastrtps_c.dir/rosidl_typesupport_fastrtps_c/person_msgs/msg/detail/person__type_support_c.cpp.o[0m
[11.355s] [ 70%] [32m[1mLinking CXX shared library libperson_msgs__rosidl_typesupport_fastrtps_c.so[0m
[11.483s] [ 70%] Built target person_msgs__rosidl_typesupport_fastrtps_c
[11.496s] [ 70%] Built target person_msgs
[11.510s] [ 74%] [34m[1mGenerating Python code for ROS interfaces[0m
[11.779s] [ 74%] Built target person_msgs__py
[11.786s] [35m[1mScanning dependencies of target person_msgs__python[0m
[11.794s] [ 77%] [32mBuilding C object CMakeFiles/person_msgs__python.dir/rosidl_generator_py/person_msgs/msg/_person_s.c.o[0m
[11.877s] [ 80%] [32m[1mLinking C shared library rosidl_generator_py/person_msgs/libperson_msgs__python.so[0m
[11.998s] [ 80%] Built target person_msgs__python
[12.005s] [35m[1mScanning dependencies of target person_msgs__rosidl_typesupport_c__pyext[0m
[12.006s] [35m[1mScanning dependencies of target person_msgs__rosidl_typesupport_introspection_c__pyext[0m
[12.006s] [35m[1mScanning dependencies of target person_msgs__rosidl_typesupport_fastrtps_c__pyext[0m
[12.014s] [ 87%] [32mBuilding C object CMakeFiles/person_msgs__rosidl_typesupport_fastrtps_c__pyext.dir/rosidl_generator_py/person_msgs/_person_msgs_s.ep.rosidl_typesupport_fastrtps_c.c.o[0m
[12.015s] [ 87%] [32mBuilding C object CMakeFiles/person_msgs__rosidl_typesupport_introspection_c__pyext.dir/rosidl_generator_py/person_msgs/_person_msgs_s.ep.rosidl_typesupport_introspection_c.c.o[0m
[12.015s] [ 90%] [32mBuilding C object CMakeFiles/person_msgs__rosidl_typesupport_c__pyext.dir/rosidl_generator_py/person_msgs/_person_msgs_s.ep.rosidl_typesupport_c.c.o[0m
[12.067s] [100%] [32m[1mLinking C shared library rosidl_generator_py/person_msgs/person_msgs_s__rosidl_typesupport_introspection_c.cpython-38-x86_64-linux-gnu.so[0m
[12.067s] [100%] [32m[1mLinking C shared library rosidl_generator_py/person_msgs/person_msgs_s__rosidl_typesupport_c.cpython-38-x86_64-linux-gnu.so[0m
[12.067s] [100%] [32m[1mLinking CXX shared library rosidl_generator_py/person_msgs/person_msgs_s__rosidl_typesupport_fastrtps_c.cpython-38-x86_64-linux-gnu.so[0m
[12.156s] [100%] Built target person_msgs__rosidl_typesupport_c__pyext
[12.156s] [100%] Built target person_msgs__rosidl_typesupport_introspection_c__pyext
[12.175s] [100%] Built target person_msgs__rosidl_typesupport_fastrtps_c__pyext
[12.182s] Invoked command in '/home/mori/ros2_ws/build/person_msgs' returned '0': CMAKE_PREFIX_PATH=${CMAKE_PREFIX_PATH}:/home/mori/ros2_ws/install/mypkg:/opt/ros/foxy /usr/bin/cmake --build /home/mori/ros2_ws/build/person_msgs -- -j20 -l20
[12.221s] Invoking command in '/home/mori/ros2_ws/build/person_msgs': CMAKE_PREFIX_PATH=${CMAKE_PREFIX_PATH}:/home/mori/ros2_ws/install/mypkg:/opt/ros/foxy /usr/bin/cmake --install /home/mori/ros2_ws/build/person_msgs
[12.226s] -- Install configuration: ""
[12.226s] -- Execute custom install script
[12.226s] -- Symlinking: /home/mori/ros2_ws/install/person_msgs/share/ament_index/resource_index/rosidl_interfaces/person_msgs
[12.233s] -- Symlinking: /home/mori/ros2_ws/install/person_msgs/include/person_msgs/msg/detail/person__functions.h
[12.239s] -- Symlinking: /home/mori/ros2_ws/install/person_msgs/include/person_msgs/msg/detail/person__struct.h
[12.245s] -- Symlinking: /home/mori/ros2_ws/install/person_msgs/include/person_msgs/msg/detail/person__type_support.h
[12.251s] -- Symlinking: /home/mori/ros2_ws/install/person_msgs/include/person_msgs/msg/person.h
[12.259s] -- Symlinking: /home/mori/ros2_ws/install/person_msgs/include/person_msgs/msg/rosidl_generator_c__visibility_control.h
[12.265s] -- Symlinking: /home/mori/ros2_ws/install/person_msgs/share/person_msgs/environment/library_path.sh
[12.271s] -- Symlinking: /home/mori/ros2_ws/install/person_msgs/share/person_msgs/environment/library_path.dsv
[12.279s] -- Symlinking: /home/mori/ros2_ws/install/person_msgs/include/person_msgs/msg/detail/person__rosidl_typesupport_fastrtps_c.h
[12.286s] -- Symlinking: /home/mori/ros2_ws/install/person_msgs/include/person_msgs/msg/rosidl_typesupport_fastrtps_c__visibility_control.h
[12.294s] -- Symlinking: /home/mori/ros2_ws/install/person_msgs/lib/libperson_msgs__rosidl_typesupport_fastrtps_c.so
[12.300s] -- Symlinking: /home/mori/ros2_ws/install/person_msgs/include/person_msgs/msg/detail/person__rosidl_typesupport_fastrtps_cpp.hpp
[12.306s] -- Symlinking: /home/mori/ros2_ws/install/person_msgs/include/person_msgs/msg/rosidl_typesupport_fastrtps_cpp__visibility_control.h
[12.311s] -- Symlinking: /home/mori/ros2_ws/install/person_msgs/lib/libperson_msgs__rosidl_typesupport_fastrtps_cpp.so
[12.318s] -- Symlinking: /home/mori/ros2_ws/install/person_msgs/include/person_msgs/msg/detail/person__rosidl_typesupport_introspection_c.h
[12.324s] -- Symlinking: /home/mori/ros2_ws/install/person_msgs/include/person_msgs/msg/rosidl_typesupport_introspection_c__visibility_control.h
[12.330s] -- Symlinking: /home/mori/ros2_ws/install/person_msgs/include/person_msgs/msg/detail/person__builder.hpp
[12.338s] -- Symlinking: /home/mori/ros2_ws/install/person_msgs/include/person_msgs/msg/detail/person__struct.hpp
[12.345s] -- Symlinking: /home/mori/ros2_ws/install/person_msgs/include/person_msgs/msg/detail/person__traits.hpp
[12.351s] -- Symlinking: /home/mori/ros2_ws/install/person_msgs/include/person_msgs/msg/detail/person__type_support.hpp
[12.358s] -- Symlinking: /home/mori/ros2_ws/install/person_msgs/include/person_msgs/msg/person.hpp
[12.364s] -- Symlinking: /home/mori/ros2_ws/install/person_msgs/include/person_msgs/msg/rosidl_generator_cpp__visibility_control.hpp
[12.370s] -- Symlinking: /home/mori/ros2_ws/install/person_msgs/include/person_msgs/msg/detail/person__rosidl_typesupport_introspection_cpp.hpp
[12.376s] -- Symlinking: /home/mori/ros2_ws/install/person_msgs/share/person_msgs/environment/pythonpath.sh
[12.383s] -- Symlinking: /home/mori/ros2_ws/install/person_msgs/share/person_msgs/environment/pythonpath.dsv
[12.389s] -- Symlinking: /home/mori/ros2_ws/install/person_msgs/lib/python3.8/site-packages/person_msgs/__init__.py
[12.396s] -- Symlinking: /home/mori/ros2_ws/install/person_msgs/lib/python3.8/site-packages/person_msgs/msg/__init__.py
[12.403s] -- Symlinking: /home/mori/ros2_ws/install/person_msgs/lib/python3.8/site-packages/person_msgs/msg/_person.py
[12.409s] -- Symlinking: /home/mori/ros2_ws/install/person_msgs/lib/python3.8/site-packages/person_msgs/person_msgs_s__rosidl_typesupport_fastrtps_c.cpython-38-x86_64-linux-gnu.so
[12.416s] -- Symlinking: /home/mori/ros2_ws/install/person_msgs/lib/python3.8/site-packages/person_msgs/person_msgs_s__rosidl_typesupport_introspection_c.cpython-38-x86_64-linux-gnu.so
[12.422s] -- Symlinking: /home/mori/ros2_ws/install/person_msgs/lib/python3.8/site-packages/person_msgs/person_msgs_s__rosidl_typesupport_c.cpython-38-x86_64-linux-gnu.so
[12.428s] -- Symlinking: /home/mori/ros2_ws/install/person_msgs/lib/libperson_msgs__python.so
[12.435s] -- Symlinking: /home/mori/ros2_ws/install/person_msgs/share/person_msgs/msg/Person.idl
[12.441s] -- Symlinking: /home/mori/ros2_ws/install/person_msgs/share/person_msgs/msg/Person.msg
[12.447s] CMake Error at ament_cmake_symlink_install/ament_cmake_symlink_install.cmake:100 (message):
[12.447s]   ament_cmake_symlink_install_directory() can't find
[12.447s]   '/home/mori/ros2_ws/src/person_msgs/launch/'
[12.447s] Call Stack (most recent call first):
[12.447s]   ament_cmake_symlink_install/ament_cmake_symlink_install.cmake:377 (ament_cmake_symlink_install_directory)
[12.447s]   cmake_install.cmake:41 (include)
[12.447s] 
[12.447s] 
[12.451s] Invoked command in '/home/mori/ros2_ws/build/person_msgs' returned '1': CMAKE_PREFIX_PATH=${CMAKE_PREFIX_PATH}:/home/mori/ros2_ws/install/mypkg:/opt/ros/foxy /usr/bin/cmake --install /home/mori/ros2_ws/build/person_msgs
