[0.640s] Invoking command in '/home/mori/ros2_ws/src/mypkg': AMENT_PREFIX_PATH=/home/mori/ros2_ws/install/person_msgs:${AMENT_PREFIX_PATH} CMAKE_PREFIX_PATH=/home/mori/ros2_ws/install/person_msgs LD_LIBRARY_PATH=/home/mori/ros2_ws/install/person_msgs/lib:${LD_LIBRARY_PATH} PYTHONPATH=/home/mori/ros2_ws/build/mypkg/prefix_override:/usr/lib/python3/dist-packages/colcon_core/task/python/colcon_distutils_commands:/home/mori/ros2_ws/install/mypkg/lib/python3.8/site-packages:/home/mori/ros2_ws/install/person_msgs/lib/python3.8/site-packages:${PYTHONPATH} /usr/bin/python3 -W ignore:setup.py install is deprecated setup.py egg_info --egg-base ../../build/mypkg build --build-base /home/mori/ros2_ws/build/mypkg/build install --record /home/mori/ros2_ws/build/mypkg/install.log --install-scripts $base/lib/mypkg --single-version-externally-managed install_data
[0.742s] running egg_info
[0.742s] writing ../../build/mypkg/mypkg.egg-info/PKG-INFO
[0.742s] writing dependency_links to ../../build/mypkg/mypkg.egg-info/dependency_links.txt
[0.743s] writing entry points to ../../build/mypkg/mypkg.egg-info/entry_points.txt
[0.743s] writing requirements to ../../build/mypkg/mypkg.egg-info/requires.txt
[0.743s] writing top-level names to ../../build/mypkg/mypkg.egg-info/top_level.txt
[0.760s] reading manifest file '../../build/mypkg/mypkg.egg-info/SOURCES.txt'
[0.760s] writing manifest file '../../build/mypkg/mypkg.egg-info/SOURCES.txt'
[0.761s] running build
[0.761s] running build_py
[0.761s] running install
[0.761s] running install_lib
[0.762s] running install_data
[0.762s] running install_egg_info
[0.763s] removing '/home/mori/ros2_ws/install/mypkg/lib/python3.8/site-packages/mypkg-0.0.0-py3.8.egg-info' (and everything under it)
[0.763s] Copying ../../build/mypkg/mypkg.egg-info to /home/mori/ros2_ws/install/mypkg/lib/python3.8/site-packages/mypkg-0.0.0-py3.8.egg-info
[0.764s] running install_scripts
[0.775s] Installing listener script to /home/mori/ros2_ws/install/mypkg/lib/mypkg
[0.775s] Installing talker script to /home/mori/ros2_ws/install/mypkg/lib/mypkg
[0.776s] writing list of installed files to '/home/mori/ros2_ws/build/mypkg/install.log'
[0.788s] Invoked command in '/home/mori/ros2_ws/src/mypkg' returned '0': AMENT_PREFIX_PATH=/home/mori/ros2_ws/install/person_msgs:${AMENT_PREFIX_PATH} CMAKE_PREFIX_PATH=/home/mori/ros2_ws/install/person_msgs LD_LIBRARY_PATH=/home/mori/ros2_ws/install/person_msgs/lib:${LD_LIBRARY_PATH} PYTHONPATH=/home/mori/ros2_ws/build/mypkg/prefix_override:/usr/lib/python3/dist-packages/colcon_core/task/python/colcon_distutils_commands:/home/mori/ros2_ws/install/mypkg/lib/python3.8/site-packages:/home/mori/ros2_ws/install/person_msgs/lib/python3.8/site-packages:${PYTHONPATH} /usr/bin/python3 -W ignore:setup.py install is deprecated setup.py egg_info --egg-base ../../build/mypkg build --build-base /home/mori/ros2_ws/build/mypkg/build install --record /home/mori/ros2_ws/build/mypkg/install.log --install-scripts $base/lib/mypkg --single-version-externally-managed install_data
