[0.426s] Invoking command in '/home/mori/ros2_setup_scripts/ros2_ws/src/mypkg': PYTHONPATH=/home/mori/ros2_setup_scripts/ros2_ws/build/mypkg/prefix_override:/usr/lib/python3/dist-packages/colcon_core/task/python/colcon_distutils_commands:/home/mori/ros2_setup_scripts/ros2_ws/install/mypkg/lib/python3.8/site-packages:${PYTHONPATH} /usr/bin/python3 -W ignore:setup.py install is deprecated setup.py egg_info --egg-base ../../build/mypkg build --build-base /home/mori/ros2_setup_scripts/ros2_ws/build/mypkg/build install --record /home/mori/ros2_setup_scripts/ros2_ws/build/mypkg/install.log --install-scripts $base/lib/mypkg --single-version-externally-managed install_data
[0.545s] running egg_info
[0.546s] creating ../../build/mypkg/mypkg.egg-info
[0.546s] writing ../../build/mypkg/mypkg.egg-info/PKG-INFO
[0.546s] writing dependency_links to ../../build/mypkg/mypkg.egg-info/dependency_links.txt
[0.546s] writing entry points to ../../build/mypkg/mypkg.egg-info/entry_points.txt
[0.546s] writing requirements to ../../build/mypkg/mypkg.egg-info/requires.txt
[0.546s] writing top-level names to ../../build/mypkg/mypkg.egg-info/top_level.txt
[0.550s] writing manifest file '../../build/mypkg/mypkg.egg-info/SOURCES.txt'
[0.570s] reading manifest file '../../build/mypkg/mypkg.egg-info/SOURCES.txt'
[0.571s] writing manifest file '../../build/mypkg/mypkg.egg-info/SOURCES.txt'
[0.571s] running build
[0.571s] running build_py
[0.571s] creating /home/mori/ros2_setup_scripts/ros2_ws/build/mypkg/build
[0.571s] creating /home/mori/ros2_setup_scripts/ros2_ws/build/mypkg/build/lib
[0.571s] creating /home/mori/ros2_setup_scripts/ros2_ws/build/mypkg/build/lib/mypkg
[0.571s] copying mypkg/__init__.py -> /home/mori/ros2_setup_scripts/ros2_ws/build/mypkg/build/lib/mypkg
[0.571s] running install
[0.573s] running install_lib
[0.573s] creating /home/mori/ros2_setup_scripts/ros2_ws/install/mypkg/lib/python3.8/site-packages/mypkg
[0.573s] copying /home/mori/ros2_setup_scripts/ros2_ws/build/mypkg/build/lib/mypkg/__init__.py -> /home/mori/ros2_setup_scripts/ros2_ws/install/mypkg/lib/python3.8/site-packages/mypkg
[0.574s] byte-compiling /home/mori/ros2_setup_scripts/ros2_ws/install/mypkg/lib/python3.8/site-packages/mypkg/__init__.py to __init__.cpython-38.pyc
[0.574s] running install_data
[0.574s] creating /home/mori/ros2_setup_scripts/ros2_ws/install/mypkg/share/ament_index
[0.575s] creating /home/mori/ros2_setup_scripts/ros2_ws/install/mypkg/share/ament_index/resource_index
[0.575s] creating /home/mori/ros2_setup_scripts/ros2_ws/install/mypkg/share/ament_index/resource_index/packages
[0.575s] copying resource/mypkg -> /home/mori/ros2_setup_scripts/ros2_ws/install/mypkg/share/ament_index/resource_index/packages
[0.575s] copying package.xml -> /home/mori/ros2_setup_scripts/ros2_ws/install/mypkg/share/mypkg
[0.575s] running install_egg_info
[0.576s] Copying ../../build/mypkg/mypkg.egg-info to /home/mori/ros2_setup_scripts/ros2_ws/install/mypkg/lib/python3.8/site-packages/mypkg-0.0.0-py3.8.egg-info
[0.576s] running install_scripts
[0.588s] writing list of installed files to '/home/mori/ros2_setup_scripts/ros2_ws/build/mypkg/install.log'
[0.604s] Invoked command in '/home/mori/ros2_setup_scripts/ros2_ws/src/mypkg' returned '0': PYTHONPATH=/home/mori/ros2_setup_scripts/ros2_ws/build/mypkg/prefix_override:/usr/lib/python3/dist-packages/colcon_core/task/python/colcon_distutils_commands:/home/mori/ros2_setup_scripts/ros2_ws/install/mypkg/lib/python3.8/site-packages:${PYTHONPATH} /usr/bin/python3 -W ignore:setup.py install is deprecated setup.py egg_info --egg-base ../../build/mypkg build --build-base /home/mori/ros2_setup_scripts/ros2_ws/build/mypkg/build install --record /home/mori/ros2_setup_scripts/ros2_ws/build/mypkg/install.log --install-scripts $base/lib/mypkg --single-version-externally-managed install_data
