[0.476s] Invoking command in '/home/mori/ros2_ws/src/mypkg': PYTHONPATH=/home/mori/ros2_ws/build/mypkg/prefix_override:/usr/lib/python3/dist-packages/colcon_core/task/python/colcon_distutils_commands:/home/mori/ros2_ws/install/mypkg/lib/python3.8/site-packages:${PYTHONPATH} /usr/bin/python3 -W ignore:setup.py install is deprecated setup.py egg_info --egg-base ../../build/mypkg build --build-base /home/mori/ros2_ws/build/mypkg/build install --record /home/mori/ros2_ws/build/mypkg/install.log --install-scripts $base/lib/mypkg --single-version-externally-managed install_data
[0.613s] running egg_info
[0.614s] creating ../../build/mypkg/mypkg.egg-info
[0.614s] writing ../../build/mypkg/mypkg.egg-info/PKG-INFO
[0.614s] writing dependency_links to ../../build/mypkg/mypkg.egg-info/dependency_links.txt
[0.614s] writing entry points to ../../build/mypkg/mypkg.egg-info/entry_points.txt
[0.614s] writing requirements to ../../build/mypkg/mypkg.egg-info/requires.txt
[0.614s] writing top-level names to ../../build/mypkg/mypkg.egg-info/top_level.txt
[0.615s] writing manifest file '../../build/mypkg/mypkg.egg-info/SOURCES.txt'
[0.638s] reading manifest file '../../build/mypkg/mypkg.egg-info/SOURCES.txt'
[0.638s] writing manifest file '../../build/mypkg/mypkg.egg-info/SOURCES.txt'
[0.639s] running build
[0.639s] running build_py
[0.639s] creating /home/mori/ros2_ws/build/mypkg/build
[0.639s] creating /home/mori/ros2_ws/build/mypkg/build/lib
[0.639s] creating /home/mori/ros2_ws/build/mypkg/build/lib/mypkg
[0.639s] copying mypkg/talker.py -> /home/mori/ros2_ws/build/mypkg/build/lib/mypkg
[0.640s] copying mypkg/__init__.py -> /home/mori/ros2_ws/build/mypkg/build/lib/mypkg
[0.640s] copying mypkg/listener.py -> /home/mori/ros2_ws/build/mypkg/build/lib/mypkg
[0.640s] running install
[0.641s] running install_lib
[0.642s] creating /home/mori/ros2_ws/install/mypkg/lib/python3.8/site-packages/mypkg
[0.642s] copying /home/mori/ros2_ws/build/mypkg/build/lib/mypkg/talker.py -> /home/mori/ros2_ws/install/mypkg/lib/python3.8/site-packages/mypkg
[0.642s] copying /home/mori/ros2_ws/build/mypkg/build/lib/mypkg/__init__.py -> /home/mori/ros2_ws/install/mypkg/lib/python3.8/site-packages/mypkg
[0.642s] copying /home/mori/ros2_ws/build/mypkg/build/lib/mypkg/listener.py -> /home/mori/ros2_ws/install/mypkg/lib/python3.8/site-packages/mypkg
[0.643s] byte-compiling /home/mori/ros2_ws/install/mypkg/lib/python3.8/site-packages/mypkg/talker.py to talker.cpython-38.pyc
[0.645s] byte-compiling /home/mori/ros2_ws/install/mypkg/lib/python3.8/site-packages/mypkg/__init__.py to __init__.cpython-38.pyc
[0.645s] byte-compiling /home/mori/ros2_ws/install/mypkg/lib/python3.8/site-packages/mypkg/listener.py to listener.cpython-38.pyc
[0.645s] running install_data
[0.645s] creating /home/mori/ros2_ws/install/mypkg/share/ament_index
[0.645s] creating /home/mori/ros2_ws/install/mypkg/share/ament_index/resource_index
[0.646s] creating /home/mori/ros2_ws/install/mypkg/share/ament_index/resource_index/packages
[0.646s] copying resource/mypkg -> /home/mori/ros2_ws/install/mypkg/share/ament_index/resource_index/packages
[0.646s] copying package.xml -> /home/mori/ros2_ws/install/mypkg/share/mypkg
[0.646s] copying launch/talk_listen.launch.py -> /home/mori/ros2_ws/install/mypkg/share/mypkg
[0.646s] running install_egg_info
[0.647s] Copying ../../build/mypkg/mypkg.egg-info to /home/mori/ros2_ws/install/mypkg/lib/python3.8/site-packages/mypkg-0.0.0-py3.8.egg-info
[0.648s] running install_scripts
[0.666s] Installing listener script to /home/mori/ros2_ws/install/mypkg/lib/mypkg
[0.667s] Installing talker script to /home/mori/ros2_ws/install/mypkg/lib/mypkg
[0.667s] writing list of installed files to '/home/mori/ros2_ws/build/mypkg/install.log'
[0.690s] Invoked command in '/home/mori/ros2_ws/src/mypkg' returned '0': PYTHONPATH=/home/mori/ros2_ws/build/mypkg/prefix_override:/usr/lib/python3/dist-packages/colcon_core/task/python/colcon_distutils_commands:/home/mori/ros2_ws/install/mypkg/lib/python3.8/site-packages:${PYTHONPATH} /usr/bin/python3 -W ignore:setup.py install is deprecated setup.py egg_info --egg-base ../../build/mypkg build --build-base /home/mori/ros2_ws/build/mypkg/build install --record /home/mori/ros2_ws/build/mypkg/install.log --install-scripts $base/lib/mypkg --single-version-externally-managed install_data
