[0.161s] Invoking command in '/home/mori/ros2_ws/build/person_msgs': CMAKE_PREFIX_PATH=/home/mori/ros2_ws/install/mypkg:/opt/ros/foxy /usr/bin/cmake /home/mori/ros2_ws/src/person_msgs -DCMAKE_INSTALL_PREFIX=/home/mori/ros2_ws/install/person_msgs
[0.170s] -- Found ament_cmake: 0.9.12 (/opt/ros/foxy/share/ament_cmake/cmake)
[0.187s] -- Found PythonInterp: /usr/bin/python3 (found suitable version "3.8.10", minimum required is "3") 
[0.187s] -- Using PYTHON_EXECUTABLE: /usr/bin/python3
[0.323s] -- Found rosidl_default_generators: 1.0.1 (/opt/ros/foxy/share/rosidl_default_generators/cmake)
[0.324s] -- Using all available rosidl_typesupport_c: rosidl_typesupport_fastrtps_c;rosidl_typesupport_introspection_c
[0.327s] -- Found rosidl_adapter: 1.3.1 (/opt/ros/foxy/share/rosidl_adapter/cmake)
[5.503s] -- Using all available rosidl_typesupport_cpp: rosidl_typesupport_fastrtps_cpp;rosidl_typesupport_introspection_cpp
[5.530s] -- Found PythonInterp: /usr/bin/python3 (found version "3.8.10") 
[5.597s] CMake Error at /opt/ros/foxy/share/rosidl_cmake/cmake/rosidl_generate_interfaces.cmake:229 (message):
[5.597s]   Packages installing interfaces must include
[5.597s]   '<member_of_group>rosidl_interface_packages</member_of_group>' in their
[5.597s]   package.xml
[5.597s] Call Stack (most recent call first):
[5.597s]   CMakeLists.txt:21 (rosidl_generate_interfaces)
[5.597s] 
[5.597s] 
[5.598s] -- Configuring incomplete, errors occurred!
[5.598s] See also "/home/mori/ros2_ws/build/person_msgs/CMakeFiles/CMakeOutput.log".
[5.604s] Invoked command in '/home/mori/ros2_ws/build/person_msgs' returned '1': CMAKE_PREFIX_PATH=/home/mori/ros2_ws/install/mypkg:/opt/ros/foxy /usr/bin/cmake /home/mori/ros2_ws/src/person_msgs -DCMAKE_INSTALL_PREFIX=/home/mori/ros2_ws/install/person_msgs
