[0.166s] Invoking command in '/home/mori/ros2_ws/build/person_msgs': CMAKE_PREFIX_PATH=${CMAKE_PREFIX_PATH}:/home/mori/ros2_ws/install/mypkg:/opt/ros/foxy /usr/bin/cmake /home/mori/ros2_ws/src/person_msgs -DCMAKE_INSTALL_PREFIX=/home/mori/ros2_ws/install/person_msgs
[0.472s] -- The C compiler identification is GNU 9.4.0
[0.869s] -- The CXX compiler identification is GNU 9.4.0
[1.037s] -- Check for working C compiler: /usr/bin/cc
[1.180s] -- Check for working C compiler: /usr/bin/cc -- works
[1.183s] -- Detecting C compiler ABI info
[1.300s] -- Detecting C compiler ABI info - done
[1.309s] -- Detecting C compile features
[1.309s] -- Detecting C compile features - done
[1.312s] -- Check for working CXX compiler: /usr/bin/c++
[1.459s] -- Check for working CXX compiler: /usr/bin/c++ -- works
[1.460s] -- Detecting CXX compiler ABI info
[1.644s] -- Detecting CXX compiler ABI info - done
[1.650s] -- Detecting CXX compile features
[1.650s] -- Detecting CXX compile features - done
[1.654s] -- Found ament_cmake: 0.9.12 (/opt/ros/foxy/share/ament_cmake/cmake)
[1.675s] -- Found PythonInterp: /usr/bin/python3 (found suitable version "3.8.10", minimum required is "3") 
[1.675s] -- Using PYTHON_EXECUTABLE: /usr/bin/python3
[1.833s] -- Found rosidl_default_generators: 1.0.1 (/opt/ros/foxy/share/rosidl_default_generators/cmake)
[1.837s] -- Using all available rosidl_typesupport_c: rosidl_typesupport_fastrtps_c;rosidl_typesupport_introspection_c
[1.843s] -- Found rosidl_adapter: 1.3.1 (/opt/ros/foxy/share/rosidl_adapter/cmake)
[3.501s] -- Found OpenSSL: /usr/lib/x86_64-linux-gnu/libcrypto.so (found version "1.1.1f")  
[4.857s] -- Found FastRTPS: /opt/ros/foxy/include  
[6.965s] -- Using all available rosidl_typesupport_cpp: rosidl_typesupport_fastrtps_cpp;rosidl_typesupport_introspection_cpp
[6.997s] -- Found PythonInterp: /usr/bin/python3 (found version "3.8.10") 
[7.079s] -- Found ament_cmake_ros: 0.9.2 (/opt/ros/foxy/share/ament_cmake_ros/cmake)
[11.556s] -- Using all available rosidl_typesupport_c: rosidl_typesupport_fastrtps_c;rosidl_typesupport_introspection_c
[11.561s] -- Using all available rosidl_typesupport_cpp: rosidl_typesupport_fastrtps_cpp;rosidl_typesupport_introspection_cpp
[11.577s] -- Found PythonInterp: /usr/bin/python3 (found suitable version "3.8.10", minimum required is "3.5") 
[11.578s] -- Found python_cmake_module: 0.8.1 (/opt/ros/foxy/share/python_cmake_module/cmake)
[12.001s] -- Found PythonLibs: /usr/lib/x86_64-linux-gnu/libpython3.8.so (found suitable version "3.8.10", minimum required is "3.5") 
[12.001s] -- Using PYTHON_EXECUTABLE: /usr/bin/python3
[12.001s] -- Using PYTHON_INCLUDE_DIRS: /usr/include/python3.8
[12.001s] -- Using PYTHON_LIBRARIES: /usr/lib/x86_64-linux-gnu/libpython3.8.so
[12.015s] -- Found PythonExtra: .so  
[12.102s] -- Found ament_lint_auto: 0.9.8 (/opt/ros/foxy/share/ament_lint_auto/cmake)
[12.122s] -- Added test 'copyright' to check source files copyright and LICENSE
[12.123s] -- Added test 'lint_cmake' to check CMake code style
[12.125s] -- Added test 'xmllint' to check XML markup files
[12.127s] -- Configuring done
[12.146s] -- Generating done
[12.147s] -- Build files have been written to: /home/mori/ros2_ws/build/person_msgs
[12.153s] Invoked command in '/home/mori/ros2_ws/build/person_msgs' returned '0': CMAKE_PREFIX_PATH=${CMAKE_PREFIX_PATH}:/home/mori/ros2_ws/install/mypkg:/opt/ros/foxy /usr/bin/cmake /home/mori/ros2_ws/src/person_msgs -DCMAKE_INSTALL_PREFIX=/home/mori/ros2_ws/install/person_msgs
[12.153s] Invoking command in '/home/mori/ros2_ws/build/person_msgs': CMAKE_PREFIX_PATH=${CMAKE_PREFIX_PATH}:/home/mori/ros2_ws/install/mypkg:/opt/ros/foxy /usr/bin/cmake --build /home/mori/ros2_ws/build/person_msgs -- -j20 -l20
[12.178s] [  3%] [34m[1mGenerating C code for ROS interfaces[0m
[12.178s] [35m[1mScanning dependencies of target person_msgs__cpp[0m
[12.185s] [  6%] [34m[1mGenerating C++ code for ROS interfaces[0m
[12.331s] [35m[1mScanning dependencies of target person_msgs__rosidl_generator_c[0m
[12.342s] [  6%] Built target person_msgs__cpp
[12.343s] [  9%] [32mBuilding C object CMakeFiles/person_msgs__rosidl_generator_c.dir/rosidl_generator_c/person_msgs/msg/detail/person__functions.c.o[0m
[12.349s] [ 16%] [34m[1mGenerating C++ type support dispatch for ROS interfaces[0m
[12.349s] [ 16%] [34m[1mGenerating C++ type support for eProsima Fast-RTPS[0m
[12.349s] [ 19%] [34m[1mGenerating C++ introspection for ROS interfaces[0m
[12.401s] [ 22%] [32m[1mLinking C shared library libperson_msgs__rosidl_generator_c.so[0m
[12.490s] [35m[1mScanning dependencies of target person_msgs__rosidl_typesupport_cpp[0m
[12.502s] [ 25%] [32mBuilding CXX object CMakeFiles/person_msgs__rosidl_typesupport_cpp.dir/rosidl_typesupport_cpp/person_msgs/msg/person__type_support.cpp.o[0m
[12.503s] [35m[1mScanning dependencies of target person_msgs__rosidl_typesupport_introspection_cpp[0m
[12.512s] [35m[1mScanning dependencies of target person_msgs__rosidl_typesupport_fastrtps_cpp[0m
[12.514s] [ 29%] [32mBuilding CXX object CMakeFiles/person_msgs__rosidl_typesupport_introspection_cpp.dir/rosidl_typesupport_introspection_cpp/person_msgs/msg/detail/person__type_support.cpp.o[0m
[12.525s] [ 32%] [32mBuilding CXX object CMakeFiles/person_msgs__rosidl_typesupport_fastrtps_cpp.dir/rosidl_typesupport_fastrtps_cpp/person_msgs/msg/detail/dds_fastrtps/person__type_support.cpp.o[0m
[12.531s] [ 32%] Built target person_msgs__rosidl_generator_c
[12.539s] [ 35%] [34m[1mGenerating C type support dispatch for ROS interfaces[0m
[12.539s] [ 38%] [34m[1mGenerating C introspection for ROS interfaces[0m
[12.705s] [35m[1mScanning dependencies of target person_msgs__rosidl_typesupport_c[0m
[12.718s] [ 41%] [32mBuilding CXX object CMakeFiles/person_msgs__rosidl_typesupport_c.dir/rosidl_typesupport_c/person_msgs/msg/person__type_support.cpp.o[0m
[12.727s] [35m[1mScanning dependencies of target person_msgs__rosidl_typesupport_introspection_c[0m
[12.739s] [ 45%] [32mBuilding C object CMakeFiles/person_msgs__rosidl_typesupport_introspection_c.dir/rosidl_typesupport_introspection_c/person_msgs/msg/detail/person__type_support.c.o[0m
[12.747s] [ 48%] [32m[1mLinking CXX shared library libperson_msgs__rosidl_typesupport_c.so[0m
[12.763s] [ 54%] [32m[1mLinking CXX shared library libperson_msgs__rosidl_typesupport_cpp.so[0m
[12.763s] [ 54%] [32m[1mLinking CXX shared library libperson_msgs__rosidl_typesupport_introspection_cpp.so[0m
[12.765s] [ 58%] [32m[1mLinking C shared library libperson_msgs__rosidl_typesupport_introspection_c.so[0m
[12.856s] [ 61%] [32m[1mLinking CXX shared library libperson_msgs__rosidl_typesupport_fastrtps_cpp.so[0m
[12.858s] [ 61%] Built target person_msgs__rosidl_typesupport_introspection_c
[12.866s] [ 61%] Built target person_msgs__rosidl_typesupport_c
[12.883s] [ 61%] Built target person_msgs__rosidl_typesupport_introspection_cpp
[12.897s] [ 61%] Built target person_msgs__rosidl_typesupport_cpp
[13.033s] [ 61%] Built target person_msgs__rosidl_typesupport_fastrtps_cpp
[13.040s] [ 64%] [34m[1mGenerating C type support for eProsima Fast-RTPS[0m
[13.167s] [35m[1mScanning dependencies of target person_msgs__rosidl_typesupport_fastrtps_c[0m
[13.176s] [ 67%] [32mBuilding CXX object CMakeFiles/person_msgs__rosidl_typesupport_fastrtps_c.dir/rosidl_typesupport_fastrtps_c/person_msgs/msg/detail/person__type_support_c.cpp.o[0m
[13.370s] [ 70%] [32m[1mLinking CXX shared library libperson_msgs__rosidl_typesupport_fastrtps_c.so[0m
[13.545s] [ 70%] Built target person_msgs__rosidl_typesupport_fastrtps_c
[13.553s] [35m[1mScanning dependencies of target person_msgs[0m
[13.559s] [ 70%] Built target person_msgs
[13.566s] [35m[1mScanning dependencies of target person_msgs__py[0m
[13.573s] [ 74%] [34m[1mGenerating Python code for ROS interfaces[0m
[13.810s] [ 74%] Built target person_msgs__py
[13.817s] [35m[1mScanning dependencies of target person_msgs__python[0m
[13.846s] [ 77%] [32mBuilding C object CMakeFiles/person_msgs__python.dir/rosidl_generator_py/person_msgs/msg/_person_s.c.o[0m
[13.912s] [ 80%] [32m[1mLinking C shared library rosidl_generator_py/person_msgs/libperson_msgs__python.so[0m
[14.096s] [ 80%] Built target person_msgs__python
[14.103s] [35m[1mScanning dependencies of target person_msgs__rosidl_typesupport_fastrtps_c__pyext[0m
[14.103s] [35m[1mScanning dependencies of target person_msgs__rosidl_typesupport_c__pyext[0m
[14.103s] [35m[1mScanning dependencies of target person_msgs__rosidl_typesupport_introspection_c__pyext[0m
[14.114s] [ 90%] [32mBuilding C object CMakeFiles/person_msgs__rosidl_typesupport_introspection_c__pyext.dir/rosidl_generator_py/person_msgs/_person_msgs_s.ep.rosidl_typesupport_introspection_c.c.o[0m
[14.114s] [ 90%] [32mBuilding C object CMakeFiles/person_msgs__rosidl_typesupport_c__pyext.dir/rosidl_generator_py/person_msgs/_person_msgs_s.ep.rosidl_typesupport_c.c.o[0m
[14.114s] [ 90%] [32mBuilding C object CMakeFiles/person_msgs__rosidl_typesupport_fastrtps_c__pyext.dir/rosidl_generator_py/person_msgs/_person_msgs_s.ep.rosidl_typesupport_fastrtps_c.c.o[0m
[14.166s] [ 96%] [32m[1mLinking C shared library rosidl_generator_py/person_msgs/person_msgs_s__rosidl_typesupport_c.cpython-38-x86_64-linux-gnu.so[0m
[14.166s] [ 96%] [32m[1mLinking C shared library rosidl_generator_py/person_msgs/person_msgs_s__rosidl_typesupport_introspection_c.cpython-38-x86_64-linux-gnu.so[0m
[14.167s] [100%] [32m[1mLinking CXX shared library rosidl_generator_py/person_msgs/person_msgs_s__rosidl_typesupport_fastrtps_c.cpython-38-x86_64-linux-gnu.so[0m
[14.274s] [100%] Built target person_msgs__rosidl_typesupport_introspection_c__pyext
[14.274s] [100%] Built target person_msgs__rosidl_typesupport_c__pyext
[14.291s] [100%] Built target person_msgs__rosidl_typesupport_fastrtps_c__pyext
[14.299s] Invoked command in '/home/mori/ros2_ws/build/person_msgs' returned '0': CMAKE_PREFIX_PATH=${CMAKE_PREFIX_PATH}:/home/mori/ros2_ws/install/mypkg:/opt/ros/foxy /usr/bin/cmake --build /home/mori/ros2_ws/build/person_msgs -- -j20 -l20
[14.337s] Invoking command in '/home/mori/ros2_ws/build/person_msgs': CMAKE_PREFIX_PATH=${CMAKE_PREFIX_PATH}:/home/mori/ros2_ws/install/mypkg:/opt/ros/foxy /usr/bin/cmake --install /home/mori/ros2_ws/build/person_msgs
[14.342s] -- Install configuration: ""
[14.342s] -- Installing: /home/mori/ros2_ws/install/person_msgs/share/ament_index/resource_index/rosidl_interfaces/person_msgs
[14.342s] -- Installing: /home/mori/ros2_ws/install/person_msgs/include/person_msgs
[14.342s] -- Installing: /home/mori/ros2_ws/install/person_msgs/include/person_msgs/msg
[14.342s] -- Installing: /home/mori/ros2_ws/install/person_msgs/include/person_msgs/msg/person.h
[14.343s] -- Installing: /home/mori/ros2_ws/install/person_msgs/include/person_msgs/msg/rosidl_generator_c__visibility_control.h
[14.343s] -- Installing: /home/mori/ros2_ws/install/person_msgs/include/person_msgs/msg/detail
[14.343s] -- Installing: /home/mori/ros2_ws/install/person_msgs/include/person_msgs/msg/detail/person__functions.h
[14.343s] -- Installing: /home/mori/ros2_ws/install/person_msgs/include/person_msgs/msg/detail/person__functions.c
[14.343s] -- Installing: /home/mori/ros2_ws/install/person_msgs/include/person_msgs/msg/detail/person__type_support.h
[14.344s] -- Installing: /home/mori/ros2_ws/install/person_msgs/include/person_msgs/msg/detail/person__struct.h
[14.344s] -- Installing: /home/mori/ros2_ws/install/person_msgs/share/person_msgs/environment/library_path.sh
[14.344s] -- Installing: /home/mori/ros2_ws/install/person_msgs/share/person_msgs/environment/library_path.dsv
[14.344s] -- Installing: /home/mori/ros2_ws/install/person_msgs/lib/libperson_msgs__rosidl_generator_c.so
[14.344s] -- Set runtime path of "/home/mori/ros2_ws/install/person_msgs/lib/libperson_msgs__rosidl_generator_c.so" to ""
[14.344s] -- Up-to-date: /home/mori/ros2_ws/install/person_msgs/include/person_msgs
[14.344s] -- Up-to-date: /home/mori/ros2_ws/install/person_msgs/include/person_msgs/msg
[14.344s] -- Installing: /home/mori/ros2_ws/install/person_msgs/include/person_msgs/msg/rosidl_typesupport_fastrtps_c__visibility_control.h
[14.344s] -- Up-to-date: /home/mori/ros2_ws/install/person_msgs/include/person_msgs/msg/detail
[14.344s] -- Installing: /home/mori/ros2_ws/install/person_msgs/include/person_msgs/msg/detail/person__rosidl_typesupport_fastrtps_c.h
[14.344s] -- Installing: /home/mori/ros2_ws/install/person_msgs/lib/libperson_msgs__rosidl_typesupport_fastrtps_c.so
[14.344s] -- Set runtime path of "/home/mori/ros2_ws/install/person_msgs/lib/libperson_msgs__rosidl_typesupport_fastrtps_c.so" to ""
[14.344s] -- Up-to-date: /home/mori/ros2_ws/install/person_msgs/include/person_msgs
[14.345s] -- Up-to-date: /home/mori/ros2_ws/install/person_msgs/include/person_msgs/msg
[14.345s] -- Installing: /home/mori/ros2_ws/install/person_msgs/include/person_msgs/msg/rosidl_typesupport_fastrtps_cpp__visibility_control.h
[14.345s] -- Up-to-date: /home/mori/ros2_ws/install/person_msgs/include/person_msgs/msg/detail
[14.345s] -- Installing: /home/mori/ros2_ws/install/person_msgs/include/person_msgs/msg/detail/dds_fastrtps
[14.345s] -- Installing: /home/mori/ros2_ws/install/person_msgs/include/person_msgs/msg/detail/person__rosidl_typesupport_fastrtps_cpp.hpp
[14.345s] -- Installing: /home/mori/ros2_ws/install/person_msgs/lib/libperson_msgs__rosidl_typesupport_fastrtps_cpp.so
[14.345s] -- Set runtime path of "/home/mori/ros2_ws/install/person_msgs/lib/libperson_msgs__rosidl_typesupport_fastrtps_cpp.so" to ""
[14.345s] -- Up-to-date: /home/mori/ros2_ws/install/person_msgs/include/person_msgs
[14.346s] -- Up-to-date: /home/mori/ros2_ws/install/person_msgs/include/person_msgs/msg
[14.346s] -- Up-to-date: /home/mori/ros2_ws/install/person_msgs/include/person_msgs/msg/detail
[14.346s] -- Installing: /home/mori/ros2_ws/install/person_msgs/include/person_msgs/msg/detail/person__type_support.c
[14.346s] -- Installing: /home/mori/ros2_ws/install/person_msgs/include/person_msgs/msg/detail/person__rosidl_typesupport_introspection_c.h
[14.346s] -- Installing: /home/mori/ros2_ws/install/person_msgs/include/person_msgs/msg/rosidl_typesupport_introspection_c__visibility_control.h
[14.346s] -- Installing: /home/mori/ros2_ws/install/person_msgs/lib/libperson_msgs__rosidl_typesupport_introspection_c.so
[14.346s] -- Set runtime path of "/home/mori/ros2_ws/install/person_msgs/lib/libperson_msgs__rosidl_typesupport_introspection_c.so" to ""
[14.346s] -- Installing: /home/mori/ros2_ws/install/person_msgs/lib/libperson_msgs__rosidl_typesupport_c.so
[14.346s] -- Set runtime path of "/home/mori/ros2_ws/install/person_msgs/lib/libperson_msgs__rosidl_typesupport_c.so" to ""
[14.346s] -- Up-to-date: /home/mori/ros2_ws/install/person_msgs/include/person_msgs
[14.346s] -- Up-to-date: /home/mori/ros2_ws/install/person_msgs/include/person_msgs/msg
[14.346s] -- Installing: /home/mori/ros2_ws/install/person_msgs/include/person_msgs/msg/person.hpp
[14.347s] -- Installing: /home/mori/ros2_ws/install/person_msgs/include/person_msgs/msg/rosidl_generator_cpp__visibility_control.hpp
[14.347s] -- Up-to-date: /home/mori/ros2_ws/install/person_msgs/include/person_msgs/msg/detail
[14.347s] -- Installing: /home/mori/ros2_ws/install/person_msgs/include/person_msgs/msg/detail/person__struct.hpp
[14.347s] -- Installing: /home/mori/ros2_ws/install/person_msgs/include/person_msgs/msg/detail/person__type_support.hpp
[14.347s] -- Installing: /home/mori/ros2_ws/install/person_msgs/include/person_msgs/msg/detail/person__traits.hpp
[14.347s] -- Installing: /home/mori/ros2_ws/install/person_msgs/include/person_msgs/msg/detail/person__builder.hpp
[14.347s] -- Up-to-date: /home/mori/ros2_ws/install/person_msgs/include/person_msgs
[14.347s] -- Up-to-date: /home/mori/ros2_ws/install/person_msgs/include/person_msgs/msg
[14.347s] -- Up-to-date: /home/mori/ros2_ws/install/person_msgs/include/person_msgs/msg/detail
[14.347s] -- Installing: /home/mori/ros2_ws/install/person_msgs/include/person_msgs/msg/detail/person__rosidl_typesupport_introspection_cpp.hpp
[14.347s] -- Installing: /home/mori/ros2_ws/install/person_msgs/include/person_msgs/msg/detail/person__type_support.cpp
[14.347s] -- Installing: /home/mori/ros2_ws/install/person_msgs/lib/libperson_msgs__rosidl_typesupport_introspection_cpp.so
[14.347s] -- Set runtime path of "/home/mori/ros2_ws/install/person_msgs/lib/libperson_msgs__rosidl_typesupport_introspection_cpp.so" to ""
[14.347s] -- Installing: /home/mori/ros2_ws/install/person_msgs/lib/libperson_msgs__rosidl_typesupport_cpp.so
[14.347s] -- Set runtime path of "/home/mori/ros2_ws/install/person_msgs/lib/libperson_msgs__rosidl_typesupport_cpp.so" to ""
[14.347s] -- Installing: /home/mori/ros2_ws/install/person_msgs/share/person_msgs/environment/pythonpath.sh
[14.347s] -- Installing: /home/mori/ros2_ws/install/person_msgs/share/person_msgs/environment/pythonpath.dsv
[14.347s] -- Installing: /home/mori/ros2_ws/install/person_msgs/lib/python3.8/site-packages/person_msgs/__init__.py
[14.369s] Compiling '/home/mori/ros2_ws/install/person_msgs/lib/python3.8/site-packages/person_msgs/__init__.py'...
[14.372s] -- Installing: /home/mori/ros2_ws/install/person_msgs/lib/python3.8/site-packages/person_msgs/msg
[14.372s] -- Installing: /home/mori/ros2_ws/install/person_msgs/lib/python3.8/site-packages/person_msgs/msg/_person_s.c
[14.372s] -- Installing: /home/mori/ros2_ws/install/person_msgs/lib/python3.8/site-packages/person_msgs/msg/_person.py
[14.372s] -- Installing: /home/mori/ros2_ws/install/person_msgs/lib/python3.8/site-packages/person_msgs/msg/__init__.py
[14.372s] -- Installing: /home/mori/ros2_ws/install/person_msgs/lib/python3.8/site-packages/person_msgs/person_msgs_s__rosidl_typesupport_fastrtps_c.cpython-38-x86_64-linux-gnu.so
[14.372s] -- Set runtime path of "/home/mori/ros2_ws/install/person_msgs/lib/python3.8/site-packages/person_msgs/person_msgs_s__rosidl_typesupport_fastrtps_c.cpython-38-x86_64-linux-gnu.so" to ""
[14.372s] -- Installing: /home/mori/ros2_ws/install/person_msgs/lib/python3.8/site-packages/person_msgs/person_msgs_s__rosidl_typesupport_introspection_c.cpython-38-x86_64-linux-gnu.so
[14.372s] -- Set runtime path of "/home/mori/ros2_ws/install/person_msgs/lib/python3.8/site-packages/person_msgs/person_msgs_s__rosidl_typesupport_introspection_c.cpython-38-x86_64-linux-gnu.so" to ""
[14.373s] -- Installing: /home/mori/ros2_ws/install/person_msgs/lib/python3.8/site-packages/person_msgs/person_msgs_s__rosidl_typesupport_c.cpython-38-x86_64-linux-gnu.so
[14.373s] -- Set runtime path of "/home/mori/ros2_ws/install/person_msgs/lib/python3.8/site-packages/person_msgs/person_msgs_s__rosidl_typesupport_c.cpython-38-x86_64-linux-gnu.so" to ""
[14.373s] -- Installing: /home/mori/ros2_ws/install/person_msgs/lib/libperson_msgs__python.so
[14.373s] -- Set runtime path of "/home/mori/ros2_ws/install/person_msgs/lib/libperson_msgs__python.so" to ""
[14.373s] -- Installing: /home/mori/ros2_ws/install/person_msgs/share/person_msgs/msg/Person.idl
[14.373s] -- Installing: /home/mori/ros2_ws/install/person_msgs/share/person_msgs/msg/Person.msg
[14.373s] -- Installing: /home/mori/ros2_ws/install/person_msgs/share/ament_index/resource_index/package_run_dependencies/person_msgs
[14.374s] -- Installing: /home/mori/ros2_ws/install/person_msgs/share/ament_index/resource_index/parent_prefix_path/person_msgs
[14.374s] -- Installing: /home/mori/ros2_ws/install/person_msgs/share/person_msgs/environment/ament_prefix_path.sh
[14.374s] -- Installing: /home/mori/ros2_ws/install/person_msgs/share/person_msgs/environment/ament_prefix_path.dsv
[14.374s] -- Installing: /home/mori/ros2_ws/install/person_msgs/share/person_msgs/environment/path.sh
[14.374s] -- Installing: /home/mori/ros2_ws/install/person_msgs/share/person_msgs/environment/path.dsv
[14.374s] -- Installing: /home/mori/ros2_ws/install/person_msgs/share/person_msgs/local_setup.bash
[14.374s] -- Installing: /home/mori/ros2_ws/install/person_msgs/share/person_msgs/local_setup.sh
[14.374s] -- Installing: /home/mori/ros2_ws/install/person_msgs/share/person_msgs/local_setup.zsh
[14.374s] -- Installing: /home/mori/ros2_ws/install/person_msgs/share/person_msgs/local_setup.dsv
[14.374s] -- Installing: /home/mori/ros2_ws/install/person_msgs/share/person_msgs/package.dsv
[14.374s] -- Installing: /home/mori/ros2_ws/install/person_msgs/share/ament_index/resource_index/packages/person_msgs
[14.375s] -- Installing: /home/mori/ros2_ws/install/person_msgs/share/person_msgs/cmake/person_msgs__rosidl_generator_cExport.cmake
[14.375s] -- Installing: /home/mori/ros2_ws/install/person_msgs/share/person_msgs/cmake/person_msgs__rosidl_generator_cExport-noconfig.cmake
[14.375s] -- Installing: /home/mori/ros2_ws/install/person_msgs/share/person_msgs/cmake/person_msgs__rosidl_typesupport_introspection_cExport.cmake
[14.375s] -- Installing: /home/mori/ros2_ws/install/person_msgs/share/person_msgs/cmake/person_msgs__rosidl_typesupport_introspection_cExport-noconfig.cmake
[14.375s] -- Installing: /home/mori/ros2_ws/install/person_msgs/share/person_msgs/cmake/person_msgs__rosidl_typesupport_cExport.cmake
[14.375s] -- Installing: /home/mori/ros2_ws/install/person_msgs/share/person_msgs/cmake/person_msgs__rosidl_typesupport_cExport-noconfig.cmake
[14.375s] -- Installing: /home/mori/ros2_ws/install/person_msgs/share/person_msgs/cmake/person_msgs__rosidl_generator_cppExport.cmake
[14.375s] -- Installing: /home/mori/ros2_ws/install/person_msgs/share/person_msgs/cmake/person_msgs__rosidl_typesupport_introspection_cppExport.cmake
[14.375s] -- Installing: /home/mori/ros2_ws/install/person_msgs/share/person_msgs/cmake/person_msgs__rosidl_typesupport_introspection_cppExport-noconfig.cmake
[14.375s] -- Installing: /home/mori/ros2_ws/install/person_msgs/share/person_msgs/cmake/person_msgs__rosidl_typesupport_cppExport.cmake
[14.376s] -- Installing: /home/mori/ros2_ws/install/person_msgs/share/person_msgs/cmake/person_msgs__rosidl_typesupport_cppExport-noconfig.cmake
[14.376s] -- Installing: /home/mori/ros2_ws/install/person_msgs/share/person_msgs/cmake/rosidl_cmake-extras.cmake
[14.376s] -- Installing: /home/mori/ros2_ws/install/person_msgs/share/person_msgs/cmake/ament_cmake_export_dependencies-extras.cmake
[14.376s] -- Installing: /home/mori/ros2_ws/install/person_msgs/share/person_msgs/cmake/ament_cmake_export_libraries-extras.cmake
[14.376s] -- Installing: /home/mori/ros2_ws/install/person_msgs/share/person_msgs/cmake/ament_cmake_export_targets-extras.cmake
[14.376s] -- Installing: /home/mori/ros2_ws/install/person_msgs/share/person_msgs/cmake/ament_cmake_export_include_directories-extras.cmake
[14.376s] -- Installing: /home/mori/ros2_ws/install/person_msgs/share/person_msgs/cmake/rosidl_cmake_export_typesupport_libraries-extras.cmake
[14.376s] -- Installing: /home/mori/ros2_ws/install/person_msgs/share/person_msgs/cmake/rosidl_cmake_export_typesupport_targets-extras.cmake
[14.376s] -- Installing: /home/mori/ros2_ws/install/person_msgs/share/person_msgs/cmake/person_msgsConfig.cmake
[14.376s] -- Installing: /home/mori/ros2_ws/install/person_msgs/share/person_msgs/cmake/person_msgsConfig-version.cmake
[14.376s] -- Installing: /home/mori/ros2_ws/install/person_msgs/share/person_msgs/package.xml
[14.378s] Invoked command in '/home/mori/ros2_ws/build/person_msgs' returned '0': CMAKE_PREFIX_PATH=${CMAKE_PREFIX_PATH}:/home/mori/ros2_ws/install/mypkg:/opt/ros/foxy /usr/bin/cmake --install /home/mori/ros2_ws/build/person_msgs
