[0.011s] Invoking command in '/home/mori/ros2_ws/build/person_msgs': CMAKE_PREFIX_PATH=${CMAKE_PREFIX_PATH}:/home/mori/ros2_ws/install/mypkg:/opt/ros/foxy /usr/bin/cmake --build /home/mori/ros2_ws/build/person_msgs -- -j20 -l20
[0.034s] -- Found ament_cmake: 0.9.12 (/opt/ros/foxy/share/ament_cmake/cmake)
[0.055s] -- Found PythonInterp: /usr/bin/python3 (found suitable version "3.8.10", minimum required is "3") 
[0.055s] -- Using PYTHON_EXECUTABLE: /usr/bin/python3
[0.174s] -- Found rosidl_default_generators: 1.0.1 (/opt/ros/foxy/share/rosidl_default_generators/cmake)
[0.177s] -- Using all available rosidl_typesupport_c: rosidl_typesupport_fastrtps_c;rosidl_typesupport_introspection_c
[0.181s] -- Found rosidl_adapter: 1.3.1 (/opt/ros/foxy/share/rosidl_adapter/cmake)
[7.327s] -- Using all available rosidl_typesupport_cpp: rosidl_typesupport_fastrtps_cpp;rosidl_typesupport_introspection_cpp
[7.360s] -- Found PythonInterp: /usr/bin/python3 (found version "3.8.10") 
[7.436s] -- Found ament_cmake_ros: 0.9.2 (/opt/ros/foxy/share/ament_cmake_ros/cmake)
[13.929s] -- Using all available rosidl_typesupport_c: rosidl_typesupport_fastrtps_c;rosidl_typesupport_introspection_c
[13.935s] -- Using all available rosidl_typesupport_cpp: rosidl_typesupport_fastrtps_cpp;rosidl_typesupport_introspection_cpp
[13.949s] -- Found PythonInterp: /usr/bin/python3 (found suitable version "3.8.10", minimum required is "3.5") 
[13.949s] -- Found python_cmake_module: 0.8.1 (/opt/ros/foxy/share/python_cmake_module/cmake)
[13.965s] -- Using PYTHON_EXECUTABLE: /usr/bin/python3
[13.965s] -- Using PYTHON_INCLUDE_DIRS: /usr/include/python3.8
[13.965s] -- Using PYTHON_LIBRARIES: /usr/lib/x86_64-linux-gnu/libpython3.8.so
[13.974s] -- Found ament_lint_auto: 0.9.8 (/opt/ros/foxy/share/ament_lint_auto/cmake)
[13.995s] -- Added test 'copyright' to check source files copyright and LICENSE
[13.997s] -- Added test 'lint_cmake' to check CMake code style
[13.997s] -- Added test 'xmllint' to check XML markup files
[14.001s] -- Configuring done
[14.023s] -- Generating done
[14.024s] -- Build files have been written to: /home/mori/ros2_ws/build/person_msgs
[14.040s] [  3%] [34m[1mGenerating C code for ROS interfaces[0m
[14.046s] [  6%] [34m[1mGenerating C++ code for ROS interfaces[0m
[14.187s] [  6%] Built target person_msgs__cpp
[14.187s] [35m[1mScanning dependencies of target person_msgs__rosidl_generator_c[0m
[14.194s] [ 16%] [34m[1mGenerating C++ type support for eProsima Fast-RTPS[0m
[14.194s] [ 16%] [34m[1mGenerating C++ introspection for ROS interfaces[0m
[14.194s] [ 16%] [34m[1mGenerating C++ type support dispatch for ROS interfaces[0m
[14.194s] [ 19%] [32mBuilding C object CMakeFiles/person_msgs__rosidl_generator_c.dir/rosidl_generator_c/person_msgs/msg/detail/person__functions.c.o[0m
[14.319s] [35m[1mScanning dependencies of target person_msgs__rosidl_typesupport_cpp[0m
[14.327s] [ 22%] [32mBuilding CXX object CMakeFiles/person_msgs__rosidl_typesupport_cpp.dir/rosidl_typesupport_cpp/person_msgs/msg/person__type_support.cpp.o[0m
[14.327s] [35m[1mScanning dependencies of target person_msgs__rosidl_typesupport_introspection_cpp[0m
[14.335s] [ 25%] [32mBuilding CXX object CMakeFiles/person_msgs__rosidl_typesupport_introspection_cpp.dir/rosidl_typesupport_introspection_cpp/person_msgs/msg/detail/person__type_support.cpp.o[0m
[14.340s] [35m[1mScanning dependencies of target person_msgs__rosidl_typesupport_fastrtps_cpp[0m
[14.340s] [ 29%] [32m[1mLinking C shared library libperson_msgs__rosidl_generator_c.so[0m
[14.348s] [ 32%] [32mBuilding CXX object CMakeFiles/person_msgs__rosidl_typesupport_fastrtps_cpp.dir/rosidl_typesupport_fastrtps_cpp/person_msgs/msg/detail/dds_fastrtps/person__type_support.cpp.o[0m
[14.484s] [ 32%] Built target person_msgs__rosidl_generator_c
[14.494s] [ 35%] [34m[1mGenerating C type support dispatch for ROS interfaces[0m
[14.494s] [ 38%] [34m[1mGenerating C introspection for ROS interfaces[0m
[14.585s] [ 41%] [32m[1mLinking CXX shared library libperson_msgs__rosidl_typesupport_cpp.so[0m
[14.590s] [ 45%] [32m[1mLinking CXX shared library libperson_msgs__rosidl_typesupport_introspection_cpp.so[0m
[14.646s] [35m[1mScanning dependencies of target person_msgs__rosidl_typesupport_c[0m
[14.647s] [35m[1mScanning dependencies of target person_msgs__rosidl_typesupport_introspection_c[0m
[14.654s] [ 51%] [32mBuilding CXX object CMakeFiles/person_msgs__rosidl_typesupport_c.dir/rosidl_typesupport_c/person_msgs/msg/person__type_support.cpp.o[0m
[14.654s] [ 51%] [32mBuilding C object CMakeFiles/person_msgs__rosidl_typesupport_introspection_c.dir/rosidl_typesupport_introspection_c/person_msgs/msg/detail/person__type_support.c.o[0m
[14.675s] [ 54%] [32m[1mLinking CXX shared library libperson_msgs__rosidl_typesupport_c.so[0m
[14.677s] [ 58%] [32m[1mLinking C shared library libperson_msgs__rosidl_typesupport_introspection_c.so[0m
[14.679s] [ 61%] [32m[1mLinking CXX shared library libperson_msgs__rosidl_typesupport_fastrtps_cpp.so[0m
[14.694s] [ 61%] Built target person_msgs__rosidl_typesupport_cpp
[14.706s] [ 61%] Built target person_msgs__rosidl_typesupport_introspection_cpp
[14.768s] [ 61%] Built target person_msgs__rosidl_typesupport_introspection_c
[14.777s] [ 61%] Built target person_msgs__rosidl_typesupport_c
[14.828s] [ 61%] Built target person_msgs__rosidl_typesupport_fastrtps_cpp
[14.833s] [ 64%] [34m[1mGenerating C type support for eProsima Fast-RTPS[0m
[14.949s] [35m[1mScanning dependencies of target person_msgs__rosidl_typesupport_fastrtps_c[0m
[14.956s] [ 67%] [32mBuilding CXX object CMakeFiles/person_msgs__rosidl_typesupport_fastrtps_c.dir/rosidl_typesupport_fastrtps_c/person_msgs/msg/detail/person__type_support_c.cpp.o[0m
[15.142s] [ 70%] [32m[1mLinking CXX shared library libperson_msgs__rosidl_typesupport_fastrtps_c.so[0m
[15.315s] [ 70%] Built target person_msgs__rosidl_typesupport_fastrtps_c
[15.326s] [ 70%] Built target person_msgs
[15.338s] [ 74%] [34m[1mGenerating Python code for ROS interfaces[0m
[15.589s] [ 74%] Built target person_msgs__py
[15.596s] [35m[1mScanning dependencies of target person_msgs__python[0m
[15.604s] [ 77%] [32mBuilding C object CMakeFiles/person_msgs__python.dir/rosidl_generator_py/person_msgs/msg/_person_s.c.o[0m
[15.676s] [ 80%] [32m[1mLinking C shared library rosidl_generator_py/person_msgs/libperson_msgs__python.so[0m
[15.833s] [ 80%] Built target person_msgs__python
[15.840s] [35m[1mScanning dependencies of target person_msgs__rosidl_typesupport_introspection_c__pyext[0m
[15.840s] [35m[1mScanning dependencies of target person_msgs__rosidl_typesupport_fastrtps_c__pyext[0m
[15.840s] [35m[1mScanning dependencies of target person_msgs__rosidl_typesupport_c__pyext[0m
[15.849s] [ 83%] [32mBuilding C object CMakeFiles/person_msgs__rosidl_typesupport_fastrtps_c__pyext.dir/rosidl_generator_py/person_msgs/_person_msgs_s.ep.rosidl_typesupport_fastrtps_c.c.o[0m
[15.849s] [ 87%] [32mBuilding C object CMakeFiles/person_msgs__rosidl_typesupport_introspection_c__pyext.dir/rosidl_generator_py/person_msgs/_person_msgs_s.ep.rosidl_typesupport_introspection_c.c.o[0m
[15.849s] [ 90%] [32mBuilding C object CMakeFiles/person_msgs__rosidl_typesupport_c__pyext.dir/rosidl_generator_py/person_msgs/_person_msgs_s.ep.rosidl_typesupport_c.c.o[0m
[15.892s] [100%] [32m[1mLinking C shared library rosidl_generator_py/person_msgs/person_msgs_s__rosidl_typesupport_c.cpython-38-x86_64-linux-gnu.so[0m
[15.892s] [100%] [32m[1mLinking C shared library rosidl_generator_py/person_msgs/person_msgs_s__rosidl_typesupport_introspection_c.cpython-38-x86_64-linux-gnu.so[0m
[15.892s] [100%] [32m[1mLinking CXX shared library rosidl_generator_py/person_msgs/person_msgs_s__rosidl_typesupport_fastrtps_c.cpython-38-x86_64-linux-gnu.so[0m
[16.004s] [100%] Built target person_msgs__rosidl_typesupport_c__pyext
[16.019s] [100%] Built target person_msgs__rosidl_typesupport_fastrtps_c__pyext
[16.041s] [100%] Built target person_msgs__rosidl_typesupport_introspection_c__pyext
[16.049s] Invoked command in '/home/mori/ros2_ws/build/person_msgs' returned '0': CMAKE_PREFIX_PATH=${CMAKE_PREFIX_PATH}:/home/mori/ros2_ws/install/mypkg:/opt/ros/foxy /usr/bin/cmake --build /home/mori/ros2_ws/build/person_msgs -- -j20 -l20
[16.085s] Invoking command in '/home/mori/ros2_ws/build/person_msgs': CMAKE_PREFIX_PATH=${CMAKE_PREFIX_PATH}:/home/mori/ros2_ws/install/mypkg:/opt/ros/foxy /usr/bin/cmake --install /home/mori/ros2_ws/build/person_msgs
[16.089s] -- Install configuration: ""
[16.090s] -- Up-to-date: /home/mori/ros2_ws/install/person_msgs/share/ament_index/resource_index/rosidl_interfaces/person_msgs
[16.090s] -- Up-to-date: /home/mori/ros2_ws/install/person_msgs/include/person_msgs
[16.090s] -- Up-to-date: /home/mori/ros2_ws/install/person_msgs/include/person_msgs/msg
[16.090s] -- Installing: /home/mori/ros2_ws/install/person_msgs/include/person_msgs/msg/person.h
[16.090s] -- Up-to-date: /home/mori/ros2_ws/install/person_msgs/include/person_msgs/msg/rosidl_generator_c__visibility_control.h
[16.090s] -- Up-to-date: /home/mori/ros2_ws/install/person_msgs/include/person_msgs/msg/detail
[16.091s] -- Installing: /home/mori/ros2_ws/install/person_msgs/include/person_msgs/msg/detail/person__functions.h
[16.091s] -- Installing: /home/mori/ros2_ws/install/person_msgs/include/person_msgs/msg/detail/person__functions.c
[16.091s] -- Installing: /home/mori/ros2_ws/install/person_msgs/include/person_msgs/msg/detail/person__type_support.h
[16.091s] -- Installing: /home/mori/ros2_ws/install/person_msgs/include/person_msgs/msg/detail/person__struct.h
[16.091s] -- Up-to-date: /home/mori/ros2_ws/install/person_msgs/share/person_msgs/environment/library_path.sh
[16.091s] -- Installing: /home/mori/ros2_ws/install/person_msgs/share/person_msgs/environment/library_path.dsv
[16.091s] -- Installing: /home/mori/ros2_ws/install/person_msgs/lib/libperson_msgs__rosidl_generator_c.so
[16.091s] -- Set runtime path of "/home/mori/ros2_ws/install/person_msgs/lib/libperson_msgs__rosidl_generator_c.so" to ""
[16.092s] -- Up-to-date: /home/mori/ros2_ws/install/person_msgs/include/person_msgs
[16.092s] -- Up-to-date: /home/mori/ros2_ws/install/person_msgs/include/person_msgs/msg
[16.092s] -- Up-to-date: /home/mori/ros2_ws/install/person_msgs/include/person_msgs/msg/rosidl_typesupport_fastrtps_c__visibility_control.h
[16.092s] -- Up-to-date: /home/mori/ros2_ws/install/person_msgs/include/person_msgs/msg/detail
[16.092s] -- Installing: /home/mori/ros2_ws/install/person_msgs/include/person_msgs/msg/detail/person__rosidl_typesupport_fastrtps_c.h
[16.092s] -- Installing: /home/mori/ros2_ws/install/person_msgs/lib/libperson_msgs__rosidl_typesupport_fastrtps_c.so
[16.092s] -- Set runtime path of "/home/mori/ros2_ws/install/person_msgs/lib/libperson_msgs__rosidl_typesupport_fastrtps_c.so" to ""
[16.092s] -- Up-to-date: /home/mori/ros2_ws/install/person_msgs/include/person_msgs
[16.092s] -- Up-to-date: /home/mori/ros2_ws/install/person_msgs/include/person_msgs/msg
[16.092s] -- Up-to-date: /home/mori/ros2_ws/install/person_msgs/include/person_msgs/msg/rosidl_typesupport_fastrtps_cpp__visibility_control.h
[16.093s] -- Up-to-date: /home/mori/ros2_ws/install/person_msgs/include/person_msgs/msg/detail
[16.093s] -- Up-to-date: /home/mori/ros2_ws/install/person_msgs/include/person_msgs/msg/detail/dds_fastrtps
[16.093s] -- Installing: /home/mori/ros2_ws/install/person_msgs/include/person_msgs/msg/detail/person__rosidl_typesupport_fastrtps_cpp.hpp
[16.093s] -- Installing: /home/mori/ros2_ws/install/person_msgs/lib/libperson_msgs__rosidl_typesupport_fastrtps_cpp.so
[16.093s] -- Set runtime path of "/home/mori/ros2_ws/install/person_msgs/lib/libperson_msgs__rosidl_typesupport_fastrtps_cpp.so" to ""
[16.093s] -- Up-to-date: /home/mori/ros2_ws/install/person_msgs/include/person_msgs
[16.093s] -- Up-to-date: /home/mori/ros2_ws/install/person_msgs/include/person_msgs/msg
[16.093s] -- Up-to-date: /home/mori/ros2_ws/install/person_msgs/include/person_msgs/msg/detail
[16.093s] -- Installing: /home/mori/ros2_ws/install/person_msgs/include/person_msgs/msg/detail/person__type_support.c
[16.093s] -- Installing: /home/mori/ros2_ws/install/person_msgs/include/person_msgs/msg/detail/person__rosidl_typesupport_introspection_c.h
[16.093s] -- Up-to-date: /home/mori/ros2_ws/install/person_msgs/include/person_msgs/msg/rosidl_typesupport_introspection_c__visibility_control.h
[16.093s] -- Installing: /home/mori/ros2_ws/install/person_msgs/lib/libperson_msgs__rosidl_typesupport_introspection_c.so
[16.094s] -- Set runtime path of "/home/mori/ros2_ws/install/person_msgs/lib/libperson_msgs__rosidl_typesupport_introspection_c.so" to ""
[16.094s] -- Installing: /home/mori/ros2_ws/install/person_msgs/lib/libperson_msgs__rosidl_typesupport_c.so
[16.094s] -- Set runtime path of "/home/mori/ros2_ws/install/person_msgs/lib/libperson_msgs__rosidl_typesupport_c.so" to ""
[16.094s] -- Up-to-date: /home/mori/ros2_ws/install/person_msgs/include/person_msgs
[16.094s] -- Up-to-date: /home/mori/ros2_ws/install/person_msgs/include/person_msgs/msg
[16.094s] -- Installing: /home/mori/ros2_ws/install/person_msgs/include/person_msgs/msg/person.hpp
[16.094s] -- Up-to-date: /home/mori/ros2_ws/install/person_msgs/include/person_msgs/msg/rosidl_generator_cpp__visibility_control.hpp
[16.094s] -- Up-to-date: /home/mori/ros2_ws/install/person_msgs/include/person_msgs/msg/detail
[16.094s] -- Installing: /home/mori/ros2_ws/install/person_msgs/include/person_msgs/msg/detail/person__struct.hpp
[16.094s] -- Installing: /home/mori/ros2_ws/install/person_msgs/include/person_msgs/msg/detail/person__type_support.hpp
[16.094s] -- Installing: /home/mori/ros2_ws/install/person_msgs/include/person_msgs/msg/detail/person__traits.hpp
[16.095s] -- Installing: /home/mori/ros2_ws/install/person_msgs/include/person_msgs/msg/detail/person__builder.hpp
[16.095s] -- Up-to-date: /home/mori/ros2_ws/install/person_msgs/include/person_msgs
[16.095s] -- Up-to-date: /home/mori/ros2_ws/install/person_msgs/include/person_msgs/msg
[16.095s] -- Up-to-date: /home/mori/ros2_ws/install/person_msgs/include/person_msgs/msg/detail
[16.095s] -- Installing: /home/mori/ros2_ws/install/person_msgs/include/person_msgs/msg/detail/person__rosidl_typesupport_introspection_cpp.hpp
[16.095s] -- Installing: /home/mori/ros2_ws/install/person_msgs/include/person_msgs/msg/detail/person__type_support.cpp
[16.095s] -- Installing: /home/mori/ros2_ws/install/person_msgs/lib/libperson_msgs__rosidl_typesupport_introspection_cpp.so
[16.095s] -- Set runtime path of "/home/mori/ros2_ws/install/person_msgs/lib/libperson_msgs__rosidl_typesupport_introspection_cpp.so" to ""
[16.095s] -- Installing: /home/mori/ros2_ws/install/person_msgs/lib/libperson_msgs__rosidl_typesupport_cpp.so
[16.095s] -- Set runtime path of "/home/mori/ros2_ws/install/person_msgs/lib/libperson_msgs__rosidl_typesupport_cpp.so" to ""
[16.095s] -- Up-to-date: /home/mori/ros2_ws/install/person_msgs/share/person_msgs/environment/pythonpath.sh
[16.095s] -- Installing: /home/mori/ros2_ws/install/person_msgs/share/person_msgs/environment/pythonpath.dsv
[16.095s] -- Installing: /home/mori/ros2_ws/install/person_msgs/lib/python3.8/site-packages/person_msgs/__init__.py
[16.112s] Compiling '/home/mori/ros2_ws/install/person_msgs/lib/python3.8/site-packages/person_msgs/__init__.py'...
[16.115s] -- Up-to-date: /home/mori/ros2_ws/install/person_msgs/lib/python3.8/site-packages/person_msgs/msg
[16.115s] -- Installing: /home/mori/ros2_ws/install/person_msgs/lib/python3.8/site-packages/person_msgs/msg/_person_s.c
[16.115s] -- Installing: /home/mori/ros2_ws/install/person_msgs/lib/python3.8/site-packages/person_msgs/msg/_person.py
[16.115s] -- Installing: /home/mori/ros2_ws/install/person_msgs/lib/python3.8/site-packages/person_msgs/msg/__init__.py
[16.115s] -- Installing: /home/mori/ros2_ws/install/person_msgs/lib/python3.8/site-packages/person_msgs/person_msgs_s__rosidl_typesupport_fastrtps_c.cpython-38-x86_64-linux-gnu.so
[16.115s] -- Set runtime path of "/home/mori/ros2_ws/install/person_msgs/lib/python3.8/site-packages/person_msgs/person_msgs_s__rosidl_typesupport_fastrtps_c.cpython-38-x86_64-linux-gnu.so" to ""
[16.116s] -- Installing: /home/mori/ros2_ws/install/person_msgs/lib/python3.8/site-packages/person_msgs/person_msgs_s__rosidl_typesupport_introspection_c.cpython-38-x86_64-linux-gnu.so
[16.116s] -- Set runtime path of "/home/mori/ros2_ws/install/person_msgs/lib/python3.8/site-packages/person_msgs/person_msgs_s__rosidl_typesupport_introspection_c.cpython-38-x86_64-linux-gnu.so" to ""
[16.116s] -- Installing: /home/mori/ros2_ws/install/person_msgs/lib/python3.8/site-packages/person_msgs/person_msgs_s__rosidl_typesupport_c.cpython-38-x86_64-linux-gnu.so
[16.116s] -- Set runtime path of "/home/mori/ros2_ws/install/person_msgs/lib/python3.8/site-packages/person_msgs/person_msgs_s__rosidl_typesupport_c.cpython-38-x86_64-linux-gnu.so" to ""
[16.116s] -- Installing: /home/mori/ros2_ws/install/person_msgs/lib/libperson_msgs__python.so
[16.117s] -- Set runtime path of "/home/mori/ros2_ws/install/person_msgs/lib/libperson_msgs__python.so" to ""
[16.117s] -- Installing: /home/mori/ros2_ws/install/person_msgs/share/person_msgs/msg/Person.idl
[16.117s] -- Installing: /home/mori/ros2_ws/install/person_msgs/share/person_msgs/msg/Person.msg
[16.117s] -- Up-to-date: /home/mori/ros2_ws/install/person_msgs/share/ament_index/resource_index/package_run_dependencies/person_msgs
[16.117s] -- Installing: /home/mori/ros2_ws/install/person_msgs/share/ament_index/resource_index/parent_prefix_path/person_msgs
[16.117s] -- Up-to-date: /home/mori/ros2_ws/install/person_msgs/share/person_msgs/environment/ament_prefix_path.sh
[16.118s] -- Installing: /home/mori/ros2_ws/install/person_msgs/share/person_msgs/environment/ament_prefix_path.dsv
[16.118s] -- Up-to-date: /home/mori/ros2_ws/install/person_msgs/share/person_msgs/environment/path.sh
[16.118s] -- Installing: /home/mori/ros2_ws/install/person_msgs/share/person_msgs/environment/path.dsv
[16.118s] -- Up-to-date: /home/mori/ros2_ws/install/person_msgs/share/person_msgs/local_setup.bash
[16.118s] -- Up-to-date: /home/mori/ros2_ws/install/person_msgs/share/person_msgs/local_setup.sh
[16.118s] -- Up-to-date: /home/mori/ros2_ws/install/person_msgs/share/person_msgs/local_setup.zsh
[16.118s] -- Installing: /home/mori/ros2_ws/install/person_msgs/share/person_msgs/local_setup.dsv
[16.118s] -- Installing: /home/mori/ros2_ws/install/person_msgs/share/person_msgs/package.dsv
[16.118s] -- Up-to-date: /home/mori/ros2_ws/install/person_msgs/share/ament_index/resource_index/packages/person_msgs
[16.119s] -- Up-to-date: /home/mori/ros2_ws/install/person_msgs/share/person_msgs/cmake/person_msgs__rosidl_generator_cExport.cmake
[16.119s] -- Installing: /home/mori/ros2_ws/install/person_msgs/share/person_msgs/cmake/person_msgs__rosidl_generator_cExport-noconfig.cmake
[16.119s] -- Up-to-date: /home/mori/ros2_ws/install/person_msgs/share/person_msgs/cmake/person_msgs__rosidl_typesupport_introspection_cExport.cmake
[16.119s] -- Installing: /home/mori/ros2_ws/install/person_msgs/share/person_msgs/cmake/person_msgs__rosidl_typesupport_introspection_cExport-noconfig.cmake
[16.119s] -- Up-to-date: /home/mori/ros2_ws/install/person_msgs/share/person_msgs/cmake/person_msgs__rosidl_typesupport_cExport.cmake
[16.119s] -- Installing: /home/mori/ros2_ws/install/person_msgs/share/person_msgs/cmake/person_msgs__rosidl_typesupport_cExport-noconfig.cmake
[16.119s] -- Up-to-date: /home/mori/ros2_ws/install/person_msgs/share/person_msgs/cmake/person_msgs__rosidl_generator_cppExport.cmake
[16.119s] -- Up-to-date: /home/mori/ros2_ws/install/person_msgs/share/person_msgs/cmake/person_msgs__rosidl_typesupport_introspection_cppExport.cmake
[16.119s] -- Installing: /home/mori/ros2_ws/install/person_msgs/share/person_msgs/cmake/person_msgs__rosidl_typesupport_introspection_cppExport-noconfig.cmake
[16.119s] -- Up-to-date: /home/mori/ros2_ws/install/person_msgs/share/person_msgs/cmake/person_msgs__rosidl_typesupport_cppExport.cmake
[16.119s] -- Installing: /home/mori/ros2_ws/install/person_msgs/share/person_msgs/cmake/person_msgs__rosidl_typesupport_cppExport-noconfig.cmake
[16.119s] -- Up-to-date: /home/mori/ros2_ws/install/person_msgs/share/person_msgs/cmake/rosidl_cmake-extras.cmake
[16.119s] -- Up-to-date: /home/mori/ros2_ws/install/person_msgs/share/person_msgs/cmake/ament_cmake_export_dependencies-extras.cmake
[16.119s] -- Up-to-date: /home/mori/ros2_ws/install/person_msgs/share/person_msgs/cmake/ament_cmake_export_libraries-extras.cmake
[16.119s] -- Up-to-date: /home/mori/ros2_ws/install/person_msgs/share/person_msgs/cmake/ament_cmake_export_targets-extras.cmake
[16.119s] -- Up-to-date: /home/mori/ros2_ws/install/person_msgs/share/person_msgs/cmake/ament_cmake_export_include_directories-extras.cmake
[16.119s] -- Up-to-date: /home/mori/ros2_ws/install/person_msgs/share/person_msgs/cmake/rosidl_cmake_export_typesupport_libraries-extras.cmake
[16.120s] -- Up-to-date: /home/mori/ros2_ws/install/person_msgs/share/person_msgs/cmake/rosidl_cmake_export_typesupport_targets-extras.cmake
[16.120s] -- Up-to-date: /home/mori/ros2_ws/install/person_msgs/share/person_msgs/cmake/person_msgsConfig.cmake
[16.120s] -- Up-to-date: /home/mori/ros2_ws/install/person_msgs/share/person_msgs/cmake/person_msgsConfig-version.cmake
[16.120s] -- Up-to-date: /home/mori/ros2_ws/install/person_msgs/share/person_msgs/package.xml
[16.121s] Invoked command in '/home/mori/ros2_ws/build/person_msgs' returned '0': CMAKE_PREFIX_PATH=${CMAKE_PREFIX_PATH}:/home/mori/ros2_ws/install/mypkg:/opt/ros/foxy /usr/bin/cmake --install /home/mori/ros2_ws/build/person_msgs
