[0.415s] Invoking command in '/home/mori/ros2_ws/src/mypkg': PYTHONPATH=/home/mori/ros2_ws/build/mypkg/prefix_override:/usr/lib/python3/dist-packages/colcon_core/task/python/colcon_distutils_commands:/home/mori/ros2_ws/install/mypkg/lib/python3.8/site-packages:${PYTHONPATH} /usr/bin/python3 -W ignore:setup.py install is deprecated setup.py egg_info --egg-base ../../build/mypkg build --build-base /home/mori/ros2_ws/build/mypkg/build install --record /home/mori/ros2_ws/build/mypkg/install.log --install-scripts $base/lib/mypkg --single-version-externally-managed install_data
[0.538s] running egg_info
[0.538s] writing ../../build/mypkg/mypkg.egg-info/PKG-INFO
[0.539s] writing dependency_links to ../../build/mypkg/mypkg.egg-info/dependency_links.txt
[0.539s] writing entry points to ../../build/mypkg/mypkg.egg-info/entry_points.txt
[0.539s] writing requirements to ../../build/mypkg/mypkg.egg-info/requires.txt
[0.539s] writing top-level names to ../../build/mypkg/mypkg.egg-info/top_level.txt
[0.561s] reading manifest file '../../build/mypkg/mypkg.egg-info/SOURCES.txt'
[0.561s] writing manifest file '../../build/mypkg/mypkg.egg-info/SOURCES.txt'
[0.561s] running build
[0.561s] running build_py
[0.562s] copying mypkg/listener.py -> /home/mori/ros2_ws/build/mypkg/build/lib/mypkg
[0.562s] running install
[0.563s] running install_lib
[0.564s] copying /home/mori/ros2_ws/build/mypkg/build/lib/mypkg/listener.py -> /home/mori/ros2_ws/install/mypkg/lib/python3.8/site-packages/mypkg
[0.564s] byte-compiling /home/mori/ros2_ws/install/mypkg/lib/python3.8/site-packages/mypkg/listener.py to listener.cpython-38.pyc
[0.565s] running install_data
[0.565s] running install_egg_info
[0.566s] removing '/home/mori/ros2_ws/install/mypkg/lib/python3.8/site-packages/mypkg-0.0.0-py3.8.egg-info' (and everything under it)
[0.567s] Copying ../../build/mypkg/mypkg.egg-info to /home/mori/ros2_ws/install/mypkg/lib/python3.8/site-packages/mypkg-0.0.0-py3.8.egg-info
[0.567s] running install_scripts
[0.580s] Installing listener script to /home/mori/ros2_ws/install/mypkg/lib/mypkg
[0.580s] Installing talker script to /home/mori/ros2_ws/install/mypkg/lib/mypkg
[0.580s] writing list of installed files to '/home/mori/ros2_ws/build/mypkg/install.log'
[0.596s] Invoked command in '/home/mori/ros2_ws/src/mypkg' returned '0': PYTHONPATH=/home/mori/ros2_ws/build/mypkg/prefix_override:/usr/lib/python3/dist-packages/colcon_core/task/python/colcon_distutils_commands:/home/mori/ros2_ws/install/mypkg/lib/python3.8/site-packages:${PYTHONPATH} /usr/bin/python3 -W ignore:setup.py install is deprecated setup.py egg_info --egg-base ../../build/mypkg build --build-base /home/mori/ros2_ws/build/mypkg/build install --record /home/mori/ros2_ws/build/mypkg/install.log --install-scripts $base/lib/mypkg --single-version-externally-managed install_data
