[0.377s] Invoking command in '/home/mori/ros2_ws/src/mypkg': PYTHONPATH=/home/mori/ros2_ws/build/mypkg/prefix_override:/usr/lib/python3/dist-packages/colcon_core/task/python/colcon_distutils_commands:/home/mori/ros2_ws/install/mypkg/lib/python3.8/site-packages:${PYTHONPATH} /usr/bin/python3 -W ignore:setup.py install is deprecated setup.py egg_info --egg-base ../../build/mypkg build --build-base /home/mori/ros2_ws/build/mypkg/build install --record /home/mori/ros2_ws/build/mypkg/install.log --install-scripts $base/lib/mypkg --single-version-externally-managed install_data
[0.498s] running egg_info
[0.498s] writing ../../build/mypkg/mypkg.egg-info/PKG-INFO
[0.499s] writing dependency_links to ../../build/mypkg/mypkg.egg-info/dependency_links.txt
[0.499s] writing entry points to ../../build/mypkg/mypkg.egg-info/entry_points.txt
[0.499s] writing requirements to ../../build/mypkg/mypkg.egg-info/requires.txt
[0.499s] writing top-level names to ../../build/mypkg/mypkg.egg-info/top_level.txt
[0.521s] reading manifest file '../../build/mypkg/mypkg.egg-info/SOURCES.txt'
[0.521s] writing manifest file '../../build/mypkg/mypkg.egg-info/SOURCES.txt'
[0.522s] running build
[0.522s] running build_py
[0.522s] copying mypkg/listener.py -> /home/mori/ros2_ws/build/mypkg/build/lib/mypkg
[0.522s] running install
[0.523s] running install_lib
[0.523s] copying /home/mori/ros2_ws/build/mypkg/build/lib/mypkg/listener.py -> /home/mori/ros2_ws/install/mypkg/lib/python3.8/site-packages/mypkg
[0.524s] byte-compiling /home/mori/ros2_ws/install/mypkg/lib/python3.8/site-packages/mypkg/listener.py to listener.cpython-38.pyc
[0.525s] running install_data
[0.525s] running install_egg_info
[0.526s] removing '/home/mori/ros2_ws/install/mypkg/lib/python3.8/site-packages/mypkg-0.0.0-py3.8.egg-info' (and everything under it)
[0.527s] Copying ../../build/mypkg/mypkg.egg-info to /home/mori/ros2_ws/install/mypkg/lib/python3.8/site-packages/mypkg-0.0.0-py3.8.egg-info
[0.527s] running install_scripts
[0.560s] Installing listener script to /home/mori/ros2_ws/install/mypkg/lib/mypkg
[0.561s] Installing talker script to /home/mori/ros2_ws/install/mypkg/lib/mypkg
[0.561s] writing list of installed files to '/home/mori/ros2_ws/build/mypkg/install.log'
[0.590s] Invoked command in '/home/mori/ros2_ws/src/mypkg' returned '0': PYTHONPATH=/home/mori/ros2_ws/build/mypkg/prefix_override:/usr/lib/python3/dist-packages/colcon_core/task/python/colcon_distutils_commands:/home/mori/ros2_ws/install/mypkg/lib/python3.8/site-packages:${PYTHONPATH} /usr/bin/python3 -W ignore:setup.py install is deprecated setup.py egg_info --egg-base ../../build/mypkg build --build-base /home/mori/ros2_ws/build/mypkg/build install --record /home/mori/ros2_ws/build/mypkg/install.log --install-scripts $base/lib/mypkg --single-version-externally-managed install_data
