[0.148s] Invoking command in '/home/mori/ros2_ws/build/person_msgs': CMAKE_PREFIX_PATH=${CMAKE_PREFIX_PATH}:/home/mori/ros2_ws/install/mypkg:/opt/ros/foxy /usr/bin/cmake --build /home/mori/ros2_ws/build/person_msgs -- -j20 -l20
[0.246s] [  3%] Built target person_msgs__cpp
[0.249s] [ 12%] Built target person_msgs__rosidl_generator_c
[0.264s] [ 22%] Built target person_msgs__rosidl_typesupport_introspection_cpp
[0.265s] [ 32%] Built target person_msgs__rosidl_typesupport_c
[0.265s] [ 41%] Built target person_msgs__rosidl_typesupport_cpp
[0.268s] [ 51%] Built target person_msgs__rosidl_typesupport_introspection_c
[0.277s] [ 61%] Built target person_msgs__rosidl_typesupport_fastrtps_cpp
[0.297s] [ 70%] Built target person_msgs__rosidl_typesupport_fastrtps_c
[0.312s] [ 70%] Built target person_msgs
[0.330s] [ 74%] Built target person_msgs__py
[0.348s] [ 80%] Built target person_msgs__python
[0.366s] [ 87%] Built target person_msgs__rosidl_typesupport_introspection_c__pyext
[0.368s] [ 96%] Built target person_msgs__rosidl_typesupport_c__pyext
[0.368s] [100%] Built target person_msgs__rosidl_typesupport_fastrtps_c__pyext
[0.379s] Invoked command in '/home/mori/ros2_ws/build/person_msgs' returned '0': CMAKE_PREFIX_PATH=${CMAKE_PREFIX_PATH}:/home/mori/ros2_ws/install/mypkg:/opt/ros/foxy /usr/bin/cmake --build /home/mori/ros2_ws/build/person_msgs -- -j20 -l20
[0.418s] Invoking command in '/home/mori/ros2_ws/build/person_msgs': CMAKE_PREFIX_PATH=${CMAKE_PREFIX_PATH}:/home/mori/ros2_ws/install/mypkg:/opt/ros/foxy /usr/bin/cmake --install /home/mori/ros2_ws/build/person_msgs
[0.424s] -- Install configuration: ""
[0.425s] -- Execute custom install script
[0.426s] -- Up-to-date symlink: /home/mori/ros2_ws/install/person_msgs/share/ament_index/resource_index/rosidl_interfaces/person_msgs
[0.427s] -- Up-to-date symlink: /home/mori/ros2_ws/install/person_msgs/include/person_msgs/msg/detail/person__functions.h
[0.427s] -- Up-to-date symlink: /home/mori/ros2_ws/install/person_msgs/include/person_msgs/msg/detail/person__struct.h
[0.427s] -- Up-to-date symlink: /home/mori/ros2_ws/install/person_msgs/include/person_msgs/msg/detail/person__type_support.h
[0.427s] -- Up-to-date symlink: /home/mori/ros2_ws/install/person_msgs/include/person_msgs/msg/person.h
[0.428s] -- Up-to-date symlink: /home/mori/ros2_ws/install/person_msgs/include/person_msgs/msg/rosidl_generator_c__visibility_control.h
[0.428s] -- Up-to-date symlink: /home/mori/ros2_ws/install/person_msgs/share/person_msgs/environment/library_path.sh
[0.428s] -- Up-to-date symlink: /home/mori/ros2_ws/install/person_msgs/share/person_msgs/environment/library_path.dsv
[0.429s] -- Up-to-date symlink: /home/mori/ros2_ws/install/person_msgs/include/person_msgs/msg/detail/person__rosidl_typesupport_fastrtps_c.h
[0.429s] -- Up-to-date symlink: /home/mori/ros2_ws/install/person_msgs/include/person_msgs/msg/rosidl_typesupport_fastrtps_c__visibility_control.h
[0.430s] -- Up-to-date symlink: /home/mori/ros2_ws/install/person_msgs/lib/libperson_msgs__rosidl_typesupport_fastrtps_c.so
[0.431s] -- Up-to-date symlink: /home/mori/ros2_ws/install/person_msgs/include/person_msgs/msg/detail/person__rosidl_typesupport_fastrtps_cpp.hpp
[0.431s] -- Up-to-date symlink: /home/mori/ros2_ws/install/person_msgs/include/person_msgs/msg/rosidl_typesupport_fastrtps_cpp__visibility_control.h
[0.432s] -- Up-to-date symlink: /home/mori/ros2_ws/install/person_msgs/lib/libperson_msgs__rosidl_typesupport_fastrtps_cpp.so
[0.432s] -- Up-to-date symlink: /home/mori/ros2_ws/install/person_msgs/include/person_msgs/msg/detail/person__rosidl_typesupport_introspection_c.h
[0.432s] -- Up-to-date symlink: /home/mori/ros2_ws/install/person_msgs/include/person_msgs/msg/rosidl_typesupport_introspection_c__visibility_control.h
[0.433s] -- Up-to-date symlink: /home/mori/ros2_ws/install/person_msgs/include/person_msgs/msg/detail/person__builder.hpp
[0.433s] -- Up-to-date symlink: /home/mori/ros2_ws/install/person_msgs/include/person_msgs/msg/detail/person__struct.hpp
[0.433s] -- Up-to-date symlink: /home/mori/ros2_ws/install/person_msgs/include/person_msgs/msg/detail/person__traits.hpp
[0.434s] -- Up-to-date symlink: /home/mori/ros2_ws/install/person_msgs/include/person_msgs/msg/detail/person__type_support.hpp
[0.434s] -- Up-to-date symlink: /home/mori/ros2_ws/install/person_msgs/include/person_msgs/msg/person.hpp
[0.434s] -- Up-to-date symlink: /home/mori/ros2_ws/install/person_msgs/include/person_msgs/msg/rosidl_generator_cpp__visibility_control.hpp
[0.435s] -- Up-to-date symlink: /home/mori/ros2_ws/install/person_msgs/include/person_msgs/msg/detail/person__rosidl_typesupport_introspection_cpp.hpp
[0.435s] -- Up-to-date symlink: /home/mori/ros2_ws/install/person_msgs/share/person_msgs/environment/pythonpath.sh
[0.435s] -- Up-to-date symlink: /home/mori/ros2_ws/install/person_msgs/share/person_msgs/environment/pythonpath.dsv
[0.436s] -- Up-to-date symlink: /home/mori/ros2_ws/install/person_msgs/lib/python3.8/site-packages/person_msgs/__init__.py
[0.436s] -- Up-to-date symlink: /home/mori/ros2_ws/install/person_msgs/lib/python3.8/site-packages/person_msgs/msg/__init__.py
[0.437s] -- Up-to-date symlink: /home/mori/ros2_ws/install/person_msgs/lib/python3.8/site-packages/person_msgs/msg/_person.py
[0.437s] -- Up-to-date symlink: /home/mori/ros2_ws/install/person_msgs/lib/python3.8/site-packages/person_msgs/person_msgs_s__rosidl_typesupport_fastrtps_c.cpython-38-x86_64-linux-gnu.so
[0.438s] -- Up-to-date symlink: /home/mori/ros2_ws/install/person_msgs/lib/python3.8/site-packages/person_msgs/person_msgs_s__rosidl_typesupport_introspection_c.cpython-38-x86_64-linux-gnu.so
[0.438s] -- Up-to-date symlink: /home/mori/ros2_ws/install/person_msgs/lib/python3.8/site-packages/person_msgs/person_msgs_s__rosidl_typesupport_c.cpython-38-x86_64-linux-gnu.so
[0.439s] -- Up-to-date symlink: /home/mori/ros2_ws/install/person_msgs/lib/libperson_msgs__python.so
[0.439s] -- Up-to-date symlink: /home/mori/ros2_ws/install/person_msgs/share/person_msgs/msg/Person.idl
[0.439s] -- Up-to-date symlink: /home/mori/ros2_ws/install/person_msgs/share/person_msgs/msg/Person.msg
[0.439s] CMake Error at ament_cmake_symlink_install/ament_cmake_symlink_install.cmake:100 (message):
[0.439s]   ament_cmake_symlink_install_directory() can't find
[0.439s]   '/home/mori/ros2_ws/src/person_msgs/launch/'
[0.439s] Call Stack (most recent call first):
[0.439s]   ament_cmake_symlink_install/ament_cmake_symlink_install.cmake:377 (ament_cmake_symlink_install_directory)
[0.440s]   cmake_install.cmake:41 (include)
[0.440s] 
[0.440s] 
[0.441s] Invoked command in '/home/mori/ros2_ws/build/person_msgs' returned '1': CMAKE_PREFIX_PATH=${CMAKE_PREFIX_PATH}:/home/mori/ros2_ws/install/mypkg:/opt/ros/foxy /usr/bin/cmake --install /home/mori/ros2_ws/build/person_msgs
