[0.140s] Invoking command in '/home/mori/ros2_ws/build/person_msgs': CMAKE_PREFIX_PATH=/home/mori/ros2_ws/install/mypkg:/opt/ros/foxy /usr/bin/cmake /home/mori/ros2_ws/src/person_msgs -DCMAKE_INSTALL_PREFIX=/home/mori/ros2_ws/install/person_msgs
[0.145s] -- Found ament_cmake: 0.9.12 (/opt/ros/foxy/share/ament_cmake/cmake)
[0.160s] -- Found PythonInterp: /usr/bin/python3 (found suitable version "3.8.10", minimum required is "3") 
[0.160s] -- Using PYTHON_EXECUTABLE: /usr/bin/python3
[0.272s] -- Found rosidl_default_generators: 1.0.1 (/opt/ros/foxy/share/rosidl_default_generators/cmake)
[0.274s] -- Using all available rosidl_typesupport_c: rosidl_typesupport_fastrtps_c;rosidl_typesupport_introspection_c
[0.276s] -- Found rosidl_adapter: 1.3.1 (/opt/ros/foxy/share/rosidl_adapter/cmake)
[5.592s] -- Using all available rosidl_typesupport_cpp: rosidl_typesupport_fastrtps_cpp;rosidl_typesupport_introspection_cpp
[5.620s] -- Found PythonInterp: /usr/bin/python3 (found version "3.8.10") 
[5.696s] -- Found ament_cmake_ros: 0.9.2 (/opt/ros/foxy/share/ament_cmake_ros/cmake)
[11.173s] -- Using all available rosidl_typesupport_c: rosidl_typesupport_fastrtps_c;rosidl_typesupport_introspection_c
[11.180s] -- Using all available rosidl_typesupport_cpp: rosidl_typesupport_fastrtps_cpp;rosidl_typesupport_introspection_cpp
[11.195s] -- Found PythonInterp: /usr/bin/python3 (found suitable version "3.8.10", minimum required is "3.5") 
[11.196s] -- Found python_cmake_module: 0.8.1 (/opt/ros/foxy/share/python_cmake_module/cmake)
[11.718s] -- Found PythonLibs: /usr/lib/x86_64-linux-gnu/libpython3.8.so (found suitable version "3.8.10", minimum required is "3.5") 
[11.718s] -- Using PYTHON_EXECUTABLE: /usr/bin/python3
[11.718s] -- Using PYTHON_INCLUDE_DIRS: /usr/include/python3.8
[11.718s] -- Using PYTHON_LIBRARIES: /usr/lib/x86_64-linux-gnu/libpython3.8.so
[11.732s] -- Found PythonExtra: .so  
[11.828s] -- Found ament_lint_auto: 0.9.8 (/opt/ros/foxy/share/ament_lint_auto/cmake)
[11.852s] -- Added test 'copyright' to check source files copyright and LICENSE
[11.854s] -- Added test 'lint_cmake' to check CMake code style
[11.855s] -- Added test 'xmllint' to check XML markup files
[11.858s] -- Configuring done
[11.877s] -- Generating done
[11.879s] -- Build files have been written to: /home/mori/ros2_ws/build/person_msgs
[11.886s] Invoked command in '/home/mori/ros2_ws/build/person_msgs' returned '0': CMAKE_PREFIX_PATH=/home/mori/ros2_ws/install/mypkg:/opt/ros/foxy /usr/bin/cmake /home/mori/ros2_ws/src/person_msgs -DCMAKE_INSTALL_PREFIX=/home/mori/ros2_ws/install/person_msgs
[11.888s] Invoking command in '/home/mori/ros2_ws/build/person_msgs': CMAKE_PREFIX_PATH=/home/mori/ros2_ws/install/mypkg:/opt/ros/foxy /usr/bin/cmake --build /home/mori/ros2_ws/build/person_msgs -- -j20 -l20
[11.915s] [  3%] [34m[1mGenerating C code for ROS interfaces[0m
[11.915s] [35m[1mScanning dependencies of target person_msgs__cpp[0m
[11.922s] [  6%] [34m[1mGenerating C++ code for ROS interfaces[0m
[12.067s] [35m[1mScanning dependencies of target person_msgs__rosidl_generator_c[0m
[12.070s] [  6%] Built target person_msgs__cpp
[12.076s] [ 12%] [34m[1mGenerating C++ type support dispatch for ROS interfaces[0m
[12.076s] [ 12%] [34m[1mGenerating C++ introspection for ROS interfaces[0m
[12.076s] [ 16%] [34m[1mGenerating C++ type support for eProsima Fast-RTPS[0m
[12.078s] [ 19%] [32mBuilding C object CMakeFiles/person_msgs__rosidl_generator_c.dir/rosidl_generator_c/person_msgs/msg/detail/person__functions.c.o[0m
[12.143s] [ 22%] [32m[1mLinking C shared library libperson_msgs__rosidl_generator_c.so[0m
[12.229s] [35m[1mScanning dependencies of target person_msgs__rosidl_typesupport_cpp[0m
[12.242s] [ 25%] [32mBuilding CXX object CMakeFiles/person_msgs__rosidl_typesupport_cpp.dir/rosidl_typesupport_cpp/person_msgs/msg/person__type_support.cpp.o[0m
[12.242s] [35m[1mScanning dependencies of target person_msgs__rosidl_typesupport_fastrtps_cpp[0m
[12.242s] [35m[1mScanning dependencies of target person_msgs__rosidl_typesupport_introspection_cpp[0m
[12.254s] [ 29%] [32mBuilding CXX object CMakeFiles/person_msgs__rosidl_typesupport_introspection_cpp.dir/rosidl_typesupport_introspection_cpp/person_msgs/msg/detail/person__type_support.cpp.o[0m
[12.257s] [ 32%] [32mBuilding CXX object CMakeFiles/person_msgs__rosidl_typesupport_fastrtps_cpp.dir/rosidl_typesupport_fastrtps_cpp/person_msgs/msg/detail/dds_fastrtps/person__type_support.cpp.o[0m
[12.279s] [ 32%] Built target person_msgs__rosidl_generator_c
[12.287s] [ 38%] [34m[1mGenerating C introspection for ROS interfaces[0m
[12.287s] [ 38%] [34m[1mGenerating C type support dispatch for ROS interfaces[0m
[12.441s] [35m[1mScanning dependencies of target person_msgs__rosidl_typesupport_c[0m
[12.451s] [ 41%] [32mBuilding CXX object CMakeFiles/person_msgs__rosidl_typesupport_c.dir/rosidl_typesupport_c/person_msgs/msg/person__type_support.cpp.o[0m
[12.473s] [35m[1mScanning dependencies of target person_msgs__rosidl_typesupport_introspection_c[0m
[12.478s] [ 45%] [32m[1mLinking CXX shared library libperson_msgs__rosidl_typesupport_c.so[0m
[12.483s] [ 51%] [32m[1mLinking CXX shared library libperson_msgs__rosidl_typesupport_cpp.so[0m
[12.483s] [ 51%] [32mBuilding C object CMakeFiles/person_msgs__rosidl_typesupport_introspection_c.dir/rosidl_typesupport_introspection_c/person_msgs/msg/detail/person__type_support.c.o[0m
[12.503s] [ 54%] [32m[1mLinking CXX shared library libperson_msgs__rosidl_typesupport_introspection_cpp.so[0m
[12.509s] [ 58%] [32m[1mLinking C shared library libperson_msgs__rosidl_typesupport_introspection_c.so[0m
[12.584s] [ 61%] [32m[1mLinking CXX shared library libperson_msgs__rosidl_typesupport_fastrtps_cpp.so[0m
[12.592s] [ 61%] Built target person_msgs__rosidl_typesupport_c
[12.592s] [ 61%] Built target person_msgs__rosidl_typesupport_cpp
[12.611s] [ 61%] Built target person_msgs__rosidl_typesupport_introspection_c
[12.632s] [ 61%] Built target person_msgs__rosidl_typesupport_introspection_cpp
[12.742s] [ 61%] Built target person_msgs__rosidl_typesupport_fastrtps_cpp
[12.749s] [ 64%] [34m[1mGenerating C type support for eProsima Fast-RTPS[0m
[12.876s] [35m[1mScanning dependencies of target person_msgs__rosidl_typesupport_fastrtps_c[0m
[12.886s] [ 67%] [32mBuilding CXX object CMakeFiles/person_msgs__rosidl_typesupport_fastrtps_c.dir/rosidl_typesupport_fastrtps_c/person_msgs/msg/detail/person__type_support_c.cpp.o[0m
[13.096s] [ 70%] [32m[1mLinking CXX shared library libperson_msgs__rosidl_typesupport_fastrtps_c.so[0m
[13.263s] [ 70%] Built target person_msgs__rosidl_typesupport_fastrtps_c
[13.269s] [35m[1mScanning dependencies of target person_msgs[0m
[13.275s] [ 70%] Built target person_msgs
[13.281s] [35m[1mScanning dependencies of target person_msgs__py[0m
[13.288s] [ 74%] [34m[1mGenerating Python code for ROS interfaces[0m
[13.530s] [ 74%] Built target person_msgs__py
[13.537s] [35m[1mScanning dependencies of target person_msgs__python[0m
[13.566s] [ 77%] [32mBuilding C object CMakeFiles/person_msgs__python.dir/rosidl_generator_py/person_msgs/msg/_person_s.c.o[0m
[13.633s] [ 80%] [32m[1mLinking C shared library rosidl_generator_py/person_msgs/libperson_msgs__python.so[0m
[13.785s] [ 80%] Built target person_msgs__python
[13.792s] [35m[1mScanning dependencies of target person_msgs__rosidl_typesupport_c__pyext[0m
[13.792s] [35m[1mScanning dependencies of target person_msgs__rosidl_typesupport_introspection_c__pyext[0m
[13.792s] [35m[1mScanning dependencies of target person_msgs__rosidl_typesupport_fastrtps_c__pyext[0m
[13.802s] [ 87%] [32mBuilding C object CMakeFiles/person_msgs__rosidl_typesupport_fastrtps_c__pyext.dir/rosidl_generator_py/person_msgs/_person_msgs_s.ep.rosidl_typesupport_fastrtps_c.c.o[0m
[13.802s] [ 87%] [32mBuilding C object CMakeFiles/person_msgs__rosidl_typesupport_c__pyext.dir/rosidl_generator_py/person_msgs/_person_msgs_s.ep.rosidl_typesupport_c.c.o[0m
[13.802s] [ 90%] [32mBuilding C object CMakeFiles/person_msgs__rosidl_typesupport_introspection_c__pyext.dir/rosidl_generator_py/person_msgs/_person_msgs_s.ep.rosidl_typesupport_introspection_c.c.o[0m
[13.851s] [ 93%] [32m[1mLinking C shared library rosidl_generator_py/person_msgs/person_msgs_s__rosidl_typesupport_c.cpython-38-x86_64-linux-gnu.so[0m
[13.851s] [ 96%] [32m[1mLinking C shared library rosidl_generator_py/person_msgs/person_msgs_s__rosidl_typesupport_introspection_c.cpython-38-x86_64-linux-gnu.so[0m
[13.851s] [100%] [32m[1mLinking CXX shared library rosidl_generator_py/person_msgs/person_msgs_s__rosidl_typesupport_fastrtps_c.cpython-38-x86_64-linux-gnu.so[0m
[13.959s] [100%] Built target person_msgs__rosidl_typesupport_introspection_c__pyext
[13.973s] [100%] Built target person_msgs__rosidl_typesupport_c__pyext
[13.979s] [100%] Built target person_msgs__rosidl_typesupport_fastrtps_c__pyext
[13.987s] Invoked command in '/home/mori/ros2_ws/build/person_msgs' returned '0': CMAKE_PREFIX_PATH=/home/mori/ros2_ws/install/mypkg:/opt/ros/foxy /usr/bin/cmake --build /home/mori/ros2_ws/build/person_msgs -- -j20 -l20
[14.025s] Invoking command in '/home/mori/ros2_ws/build/person_msgs': CMAKE_PREFIX_PATH=/home/mori/ros2_ws/install/mypkg:/opt/ros/foxy /usr/bin/cmake --install /home/mori/ros2_ws/build/person_msgs
[14.031s] -- Install configuration: ""
[14.031s] -- Installing: /home/mori/ros2_ws/install/person_msgs/share/ament_index/resource_index/rosidl_interfaces/person_msgs
[14.031s] -- Installing: /home/mori/ros2_ws/install/person_msgs/include/person_msgs
[14.032s] -- Installing: /home/mori/ros2_ws/install/person_msgs/include/person_msgs/msg
[14.032s] -- Installing: /home/mori/ros2_ws/install/person_msgs/include/person_msgs/msg/person.h
[14.032s] -- Installing: /home/mori/ros2_ws/install/person_msgs/include/person_msgs/msg/rosidl_generator_c__visibility_control.h
[14.032s] -- Installing: /home/mori/ros2_ws/install/person_msgs/include/person_msgs/msg/detail
[14.032s] -- Installing: /home/mori/ros2_ws/install/person_msgs/include/person_msgs/msg/detail/person__functions.h
[14.032s] -- Installing: /home/mori/ros2_ws/install/person_msgs/include/person_msgs/msg/detail/person__functions.c
[14.032s] -- Installing: /home/mori/ros2_ws/install/person_msgs/include/person_msgs/msg/detail/person__type_support.h
[14.032s] -- Installing: /home/mori/ros2_ws/install/person_msgs/include/person_msgs/msg/detail/person__struct.h
[14.032s] -- Installing: /home/mori/ros2_ws/install/person_msgs/share/person_msgs/environment/library_path.sh
[14.032s] -- Installing: /home/mori/ros2_ws/install/person_msgs/share/person_msgs/environment/library_path.dsv
[14.032s] -- Installing: /home/mori/ros2_ws/install/person_msgs/lib/libperson_msgs__rosidl_generator_c.so
[14.033s] -- Set runtime path of "/home/mori/ros2_ws/install/person_msgs/lib/libperson_msgs__rosidl_generator_c.so" to ""
[14.033s] -- Up-to-date: /home/mori/ros2_ws/install/person_msgs/include/person_msgs
[14.033s] -- Up-to-date: /home/mori/ros2_ws/install/person_msgs/include/person_msgs/msg
[14.033s] -- Installing: /home/mori/ros2_ws/install/person_msgs/include/person_msgs/msg/rosidl_typesupport_fastrtps_c__visibility_control.h
[14.033s] -- Up-to-date: /home/mori/ros2_ws/install/person_msgs/include/person_msgs/msg/detail
[14.033s] -- Installing: /home/mori/ros2_ws/install/person_msgs/include/person_msgs/msg/detail/person__rosidl_typesupport_fastrtps_c.h
[14.033s] -- Installing: /home/mori/ros2_ws/install/person_msgs/lib/libperson_msgs__rosidl_typesupport_fastrtps_c.so
[14.033s] -- Set runtime path of "/home/mori/ros2_ws/install/person_msgs/lib/libperson_msgs__rosidl_typesupport_fastrtps_c.so" to ""
[14.033s] -- Up-to-date: /home/mori/ros2_ws/install/person_msgs/include/person_msgs
[14.033s] -- Up-to-date: /home/mori/ros2_ws/install/person_msgs/include/person_msgs/msg
[14.033s] -- Installing: /home/mori/ros2_ws/install/person_msgs/include/person_msgs/msg/rosidl_typesupport_fastrtps_cpp__visibility_control.h
[14.033s] -- Up-to-date: /home/mori/ros2_ws/install/person_msgs/include/person_msgs/msg/detail
[14.033s] -- Installing: /home/mori/ros2_ws/install/person_msgs/include/person_msgs/msg/detail/dds_fastrtps
[14.034s] -- Installing: /home/mori/ros2_ws/install/person_msgs/include/person_msgs/msg/detail/person__rosidl_typesupport_fastrtps_cpp.hpp
[14.034s] -- Installing: /home/mori/ros2_ws/install/person_msgs/lib/libperson_msgs__rosidl_typesupport_fastrtps_cpp.so
[14.034s] -- Set runtime path of "/home/mori/ros2_ws/install/person_msgs/lib/libperson_msgs__rosidl_typesupport_fastrtps_cpp.so" to ""
[14.034s] -- Up-to-date: /home/mori/ros2_ws/install/person_msgs/include/person_msgs
[14.034s] -- Up-to-date: /home/mori/ros2_ws/install/person_msgs/include/person_msgs/msg
[14.034s] -- Up-to-date: /home/mori/ros2_ws/install/person_msgs/include/person_msgs/msg/detail
[14.034s] -- Installing: /home/mori/ros2_ws/install/person_msgs/include/person_msgs/msg/detail/person__type_support.c
[14.034s] -- Installing: /home/mori/ros2_ws/install/person_msgs/include/person_msgs/msg/detail/person__rosidl_typesupport_introspection_c.h
[14.034s] -- Installing: /home/mori/ros2_ws/install/person_msgs/include/person_msgs/msg/rosidl_typesupport_introspection_c__visibility_control.h
[14.034s] -- Installing: /home/mori/ros2_ws/install/person_msgs/lib/libperson_msgs__rosidl_typesupport_introspection_c.so
[14.034s] -- Set runtime path of "/home/mori/ros2_ws/install/person_msgs/lib/libperson_msgs__rosidl_typesupport_introspection_c.so" to ""
[14.035s] -- Installing: /home/mori/ros2_ws/install/person_msgs/lib/libperson_msgs__rosidl_typesupport_c.so
[14.035s] -- Set runtime path of "/home/mori/ros2_ws/install/person_msgs/lib/libperson_msgs__rosidl_typesupport_c.so" to ""
[14.035s] -- Up-to-date: /home/mori/ros2_ws/install/person_msgs/include/person_msgs
[14.035s] -- Up-to-date: /home/mori/ros2_ws/install/person_msgs/include/person_msgs/msg
[14.035s] -- Installing: /home/mori/ros2_ws/install/person_msgs/include/person_msgs/msg/person.hpp
[14.035s] -- Installing: /home/mori/ros2_ws/install/person_msgs/include/person_msgs/msg/rosidl_generator_cpp__visibility_control.hpp
[14.035s] -- Up-to-date: /home/mori/ros2_ws/install/person_msgs/include/person_msgs/msg/detail
[14.035s] -- Installing: /home/mori/ros2_ws/install/person_msgs/include/person_msgs/msg/detail/person__struct.hpp
[14.035s] -- Installing: /home/mori/ros2_ws/install/person_msgs/include/person_msgs/msg/detail/person__type_support.hpp
[14.036s] -- Installing: /home/mori/ros2_ws/install/person_msgs/include/person_msgs/msg/detail/person__traits.hpp
[14.036s] -- Installing: /home/mori/ros2_ws/install/person_msgs/include/person_msgs/msg/detail/person__builder.hpp
[14.036s] -- Up-to-date: /home/mori/ros2_ws/install/person_msgs/include/person_msgs
[14.036s] -- Up-to-date: /home/mori/ros2_ws/install/person_msgs/include/person_msgs/msg
[14.036s] -- Up-to-date: /home/mori/ros2_ws/install/person_msgs/include/person_msgs/msg/detail
[14.036s] -- Installing: /home/mori/ros2_ws/install/person_msgs/include/person_msgs/msg/detail/person__rosidl_typesupport_introspection_cpp.hpp
[14.036s] -- Installing: /home/mori/ros2_ws/install/person_msgs/include/person_msgs/msg/detail/person__type_support.cpp
[14.036s] -- Installing: /home/mori/ros2_ws/install/person_msgs/lib/libperson_msgs__rosidl_typesupport_introspection_cpp.so
[14.036s] -- Set runtime path of "/home/mori/ros2_ws/install/person_msgs/lib/libperson_msgs__rosidl_typesupport_introspection_cpp.so" to ""
[14.036s] -- Installing: /home/mori/ros2_ws/install/person_msgs/lib/libperson_msgs__rosidl_typesupport_cpp.so
[14.036s] -- Set runtime path of "/home/mori/ros2_ws/install/person_msgs/lib/libperson_msgs__rosidl_typesupport_cpp.so" to ""
[14.036s] -- Installing: /home/mori/ros2_ws/install/person_msgs/share/person_msgs/environment/pythonpath.sh
[14.036s] -- Installing: /home/mori/ros2_ws/install/person_msgs/share/person_msgs/environment/pythonpath.dsv
[14.036s] -- Installing: /home/mori/ros2_ws/install/person_msgs/lib/python3.8/site-packages/person_msgs/__init__.py
[14.056s] Compiling '/home/mori/ros2_ws/install/person_msgs/lib/python3.8/site-packages/person_msgs/__init__.py'...
[14.059s] -- Installing: /home/mori/ros2_ws/install/person_msgs/lib/python3.8/site-packages/person_msgs/msg
[14.059s] -- Installing: /home/mori/ros2_ws/install/person_msgs/lib/python3.8/site-packages/person_msgs/msg/_person_s.c
[14.059s] -- Installing: /home/mori/ros2_ws/install/person_msgs/lib/python3.8/site-packages/person_msgs/msg/_person.py
[14.059s] -- Installing: /home/mori/ros2_ws/install/person_msgs/lib/python3.8/site-packages/person_msgs/msg/__init__.py
[14.059s] -- Installing: /home/mori/ros2_ws/install/person_msgs/lib/python3.8/site-packages/person_msgs/person_msgs_s__rosidl_typesupport_fastrtps_c.cpython-38-x86_64-linux-gnu.so
[14.060s] -- Set runtime path of "/home/mori/ros2_ws/install/person_msgs/lib/python3.8/site-packages/person_msgs/person_msgs_s__rosidl_typesupport_fastrtps_c.cpython-38-x86_64-linux-gnu.so" to ""
[14.060s] -- Installing: /home/mori/ros2_ws/install/person_msgs/lib/python3.8/site-packages/person_msgs/person_msgs_s__rosidl_typesupport_introspection_c.cpython-38-x86_64-linux-gnu.so
[14.060s] -- Set runtime path of "/home/mori/ros2_ws/install/person_msgs/lib/python3.8/site-packages/person_msgs/person_msgs_s__rosidl_typesupport_introspection_c.cpython-38-x86_64-linux-gnu.so" to ""
[14.060s] -- Installing: /home/mori/ros2_ws/install/person_msgs/lib/python3.8/site-packages/person_msgs/person_msgs_s__rosidl_typesupport_c.cpython-38-x86_64-linux-gnu.so
[14.060s] -- Set runtime path of "/home/mori/ros2_ws/install/person_msgs/lib/python3.8/site-packages/person_msgs/person_msgs_s__rosidl_typesupport_c.cpython-38-x86_64-linux-gnu.so" to ""
[14.060s] -- Installing: /home/mori/ros2_ws/install/person_msgs/lib/libperson_msgs__python.so
[14.060s] -- Set runtime path of "/home/mori/ros2_ws/install/person_msgs/lib/libperson_msgs__python.so" to ""
[14.061s] -- Installing: /home/mori/ros2_ws/install/person_msgs/share/person_msgs/msg/Person.idl
[14.061s] -- Installing: /home/mori/ros2_ws/install/person_msgs/share/person_msgs/msg/Person.msg
[14.061s] -- Installing: /home/mori/ros2_ws/install/person_msgs/share/ament_index/resource_index/package_run_dependencies/person_msgs
[14.061s] -- Installing: /home/mori/ros2_ws/install/person_msgs/share/ament_index/resource_index/parent_prefix_path/person_msgs
[14.061s] -- Installing: /home/mori/ros2_ws/install/person_msgs/share/person_msgs/environment/ament_prefix_path.sh
[14.061s] -- Installing: /home/mori/ros2_ws/install/person_msgs/share/person_msgs/environment/ament_prefix_path.dsv
[14.061s] -- Installing: /home/mori/ros2_ws/install/person_msgs/share/person_msgs/environment/path.sh
[14.062s] -- Installing: /home/mori/ros2_ws/install/person_msgs/share/person_msgs/environment/path.dsv
[14.062s] -- Installing: /home/mori/ros2_ws/install/person_msgs/share/person_msgs/local_setup.bash
[14.062s] -- Installing: /home/mori/ros2_ws/install/person_msgs/share/person_msgs/local_setup.sh
[14.062s] -- Installing: /home/mori/ros2_ws/install/person_msgs/share/person_msgs/local_setup.zsh
[14.062s] -- Installing: /home/mori/ros2_ws/install/person_msgs/share/person_msgs/local_setup.dsv
[14.062s] -- Installing: /home/mori/ros2_ws/install/person_msgs/share/person_msgs/package.dsv
[14.062s] -- Installing: /home/mori/ros2_ws/install/person_msgs/share/ament_index/resource_index/packages/person_msgs
[14.062s] -- Installing: /home/mori/ros2_ws/install/person_msgs/share/person_msgs/cmake/person_msgs__rosidl_generator_cExport.cmake
[14.062s] -- Installing: /home/mori/ros2_ws/install/person_msgs/share/person_msgs/cmake/person_msgs__rosidl_generator_cExport-noconfig.cmake
[14.062s] -- Installing: /home/mori/ros2_ws/install/person_msgs/share/person_msgs/cmake/person_msgs__rosidl_typesupport_introspection_cExport.cmake
[14.063s] -- Installing: /home/mori/ros2_ws/install/person_msgs/share/person_msgs/cmake/person_msgs__rosidl_typesupport_introspection_cExport-noconfig.cmake
[14.063s] -- Installing: /home/mori/ros2_ws/install/person_msgs/share/person_msgs/cmake/person_msgs__rosidl_typesupport_cExport.cmake
[14.063s] -- Installing: /home/mori/ros2_ws/install/person_msgs/share/person_msgs/cmake/person_msgs__rosidl_typesupport_cExport-noconfig.cmake
[14.063s] -- Installing: /home/mori/ros2_ws/install/person_msgs/share/person_msgs/cmake/person_msgs__rosidl_generator_cppExport.cmake
[14.063s] -- Installing: /home/mori/ros2_ws/install/person_msgs/share/person_msgs/cmake/person_msgs__rosidl_typesupport_introspection_cppExport.cmake
[14.063s] -- Installing: /home/mori/ros2_ws/install/person_msgs/share/person_msgs/cmake/person_msgs__rosidl_typesupport_introspection_cppExport-noconfig.cmake
[14.063s] -- Installing: /home/mori/ros2_ws/install/person_msgs/share/person_msgs/cmake/person_msgs__rosidl_typesupport_cppExport.cmake
[14.063s] -- Installing: /home/mori/ros2_ws/install/person_msgs/share/person_msgs/cmake/person_msgs__rosidl_typesupport_cppExport-noconfig.cmake
[14.063s] -- Installing: /home/mori/ros2_ws/install/person_msgs/share/person_msgs/cmake/rosidl_cmake-extras.cmake
[14.063s] -- Installing: /home/mori/ros2_ws/install/person_msgs/share/person_msgs/cmake/ament_cmake_export_dependencies-extras.cmake
[14.063s] -- Installing: /home/mori/ros2_ws/install/person_msgs/share/person_msgs/cmake/ament_cmake_export_libraries-extras.cmake
[14.063s] -- Installing: /home/mori/ros2_ws/install/person_msgs/share/person_msgs/cmake/ament_cmake_export_targets-extras.cmake
[14.064s] -- Installing: /home/mori/ros2_ws/install/person_msgs/share/person_msgs/cmake/ament_cmake_export_include_directories-extras.cmake
[14.064s] -- Installing: /home/mori/ros2_ws/install/person_msgs/share/person_msgs/cmake/rosidl_cmake_export_typesupport_libraries-extras.cmake
[14.064s] -- Installing: /home/mori/ros2_ws/install/person_msgs/share/person_msgs/cmake/rosidl_cmake_export_typesupport_targets-extras.cmake
[14.064s] -- Installing: /home/mori/ros2_ws/install/person_msgs/share/person_msgs/cmake/person_msgsConfig.cmake
[14.064s] -- Installing: /home/mori/ros2_ws/install/person_msgs/share/person_msgs/cmake/person_msgsConfig-version.cmake
[14.064s] -- Installing: /home/mori/ros2_ws/install/person_msgs/share/person_msgs/package.xml
[14.066s] Invoked command in '/home/mori/ros2_ws/build/person_msgs' returned '0': CMAKE_PREFIX_PATH=/home/mori/ros2_ws/install/mypkg:/opt/ros/foxy /usr/bin/cmake --install /home/mori/ros2_ws/build/person_msgs
