[0.470s] Invoking command in '/home/mori/ros2_ws/src/mypkg': PYTHONPATH=/home/mori/ros2_ws/build/mypkg/prefix_override:/usr/lib/python3/dist-packages/colcon_core/task/python/colcon_distutils_commands:/home/mori/ros2_ws/install/mypkg/lib/python3.8/site-packages:${PYTHONPATH} /usr/bin/python3 -W ignore:setup.py install is deprecated setup.py egg_info --egg-base ../../build/mypkg build --build-base /home/mori/ros2_ws/build/mypkg/build install --record /home/mori/ros2_ws/build/mypkg/install.log --install-scripts $base/lib/mypkg --single-version-externally-managed install_data
[0.611s] running egg_info
[0.611s] writing ../../build/mypkg/mypkg.egg-info/PKG-INFO
[0.612s] writing dependency_links to ../../build/mypkg/mypkg.egg-info/dependency_links.txt
[0.612s] writing entry points to ../../build/mypkg/mypkg.egg-info/entry_points.txt
[0.612s] writing requirements to ../../build/mypkg/mypkg.egg-info/requires.txt
[0.612s] writing top-level names to ../../build/mypkg/mypkg.egg-info/top_level.txt
[0.639s] reading manifest file '../../build/mypkg/mypkg.egg-info/SOURCES.txt'
[0.639s] writing manifest file '../../build/mypkg/mypkg.egg-info/SOURCES.txt'
[0.640s] running build
[0.640s] running build_py
[0.640s] running install
[0.641s] running install_lib
[0.642s] running install_data
[0.642s] running install_egg_info
[0.643s] removing '/home/mori/ros2_ws/install/mypkg/lib/python3.8/site-packages/mypkg-0.0.0-py3.8.egg-info' (and everything under it)
[0.643s] Copying ../../build/mypkg/mypkg.egg-info to /home/mori/ros2_ws/install/mypkg/lib/python3.8/site-packages/mypkg-0.0.0-py3.8.egg-info
[0.644s] running install_scripts
[0.656s] Installing listener script to /home/mori/ros2_ws/install/mypkg/lib/mypkg
[0.656s] Installing talker script to /home/mori/ros2_ws/install/mypkg/lib/mypkg
[0.657s] writing list of installed files to '/home/mori/ros2_ws/build/mypkg/install.log'
[0.675s] Invoked command in '/home/mori/ros2_ws/src/mypkg' returned '0': PYTHONPATH=/home/mori/ros2_ws/build/mypkg/prefix_override:/usr/lib/python3/dist-packages/colcon_core/task/python/colcon_distutils_commands:/home/mori/ros2_ws/install/mypkg/lib/python3.8/site-packages:${PYTHONPATH} /usr/bin/python3 -W ignore:setup.py install is deprecated setup.py egg_info --egg-base ../../build/mypkg build --build-base /home/mori/ros2_ws/build/mypkg/build install --record /home/mori/ros2_ws/build/mypkg/install.log --install-scripts $base/lib/mypkg --single-version-externally-managed install_data
