[0.281s] DEBUG:colcon:Command line arguments: ['/usr/bin/colcon', 'build']
[0.281s] DEBUG:colcon:Parsed command line arguments: Namespace(allow_overriding=[], ament_cmake_args=None, base_paths=['.'], build_base='build', catkin_cmake_args=None, catkin_skip_building_tests=False, cmake_args=None, cmake_clean_cache=False, cmake_clean_first=False, cmake_force_configure=False, cmake_target=None, cmake_target_skip_unavailable=False, continue_on_error=False, event_handlers=None, executor='parallel', ignore_user_meta=False, install_base='install', log_base=None, log_level=None, main=<bound method BuildVerb.main of <colcon_core.verb.build.BuildVerb object at 0x7f82454885b0>>, merge_install=False, metas=['./colcon.meta'], packages_above=None, packages_above_and_dependencies=None, packages_above_depth=None, packages_end=None, packages_ignore=None, packages_ignore_regex=None, packages_select=None, packages_select_build_failed=False, packages_select_by_dep=None, packages_select_regex=None, packages_select_test_failures=False, packages_skip=None, packages_skip_build_finished=False, packages_skip_by_dep=None, packages_skip_regex=None, packages_skip_test_passed=False, packages_skip_up_to=None, packages_start=None, packages_up_to=None, packages_up_to_regex=None, parallel_workers=20, paths=None, symlink_install=False, test_result_base=None, verb_extension=<colcon_core.verb.build.BuildVerb object at 0x7f82454885b0>, verb_name='build', verb_parser=<colcon_defaults.argument_parser.defaults.DefaultArgumentsDecorator object at 0x7f8245448ca0>)
[0.376s] Level 1:colcon.colcon_core.package_discovery:discover_packages(colcon_meta) check parameters
[0.376s] Level 1:colcon.colcon_core.package_discovery:discover_packages(recursive) check parameters
[0.376s] Level 1:colcon.colcon_core.package_discovery:discover_packages(ignore) check parameters
[0.376s] Level 1:colcon.colcon_core.package_discovery:discover_packages(path) check parameters
[0.376s] Level 1:colcon.colcon_core.package_discovery:discover_packages(colcon_meta) discover
[0.376s] Level 1:colcon.colcon_core.package_discovery:discover_packages(recursive) discover
[0.376s] INFO:colcon.colcon_core.package_discovery:Crawling recursively for packages in '/home/mori/ros2_ws'
[0.376s] Level 1:colcon.colcon_core.package_identification:_identify(.) by extensions ['ignore', 'ignore_ament_install']
[0.376s] Level 1:colcon.colcon_core.package_identification:_identify(.) by extension 'ignore'
[0.376s] Level 1:colcon.colcon_core.package_identification:_identify(.) by extension 'ignore_ament_install'
[0.376s] Level 1:colcon.colcon_core.package_identification:_identify(.) by extensions ['colcon_pkg']
[0.376s] Level 1:colcon.colcon_core.package_identification:_identify(.) by extension 'colcon_pkg'
[0.376s] Level 1:colcon.colcon_core.package_identification:_identify(.) by extensions ['colcon_meta']
[0.376s] Level 1:colcon.colcon_core.package_identification:_identify(.) by extension 'colcon_meta'
[0.376s] Level 1:colcon.colcon_core.package_identification:_identify(.) by extensions ['ros']
[0.376s] Level 1:colcon.colcon_core.package_identification:_identify(.) by extension 'ros'
[0.384s] Level 1:colcon.colcon_core.package_identification:_identify(.) by extensions ['cmake', 'python']
[0.384s] Level 1:colcon.colcon_core.package_identification:_identify(.) by extension 'cmake'
[0.384s] Level 1:colcon.colcon_core.package_identification:_identify(.) by extension 'python'
[0.384s] Level 1:colcon.colcon_core.package_identification:_identify(.) by extensions ['python_setup_py']
[0.384s] Level 1:colcon.colcon_core.package_identification:_identify(.) by extension 'python_setup_py'
[0.384s] Level 1:colcon.colcon_core.package_identification:_identify(build) by extensions ['ignore', 'ignore_ament_install']
[0.384s] Level 1:colcon.colcon_core.package_identification:_identify(build) by extension 'ignore'
[0.384s] Level 1:colcon.colcon_core.package_identification:_identify(build) ignored
[0.384s] Level 1:colcon.colcon_core.package_identification:_identify(install) by extensions ['ignore', 'ignore_ament_install']
[0.384s] Level 1:colcon.colcon_core.package_identification:_identify(install) by extension 'ignore'
[0.384s] Level 1:colcon.colcon_core.package_identification:_identify(install) ignored
[0.384s] Level 1:colcon.colcon_core.package_identification:_identify(log) by extensions ['ignore', 'ignore_ament_install']
[0.384s] Level 1:colcon.colcon_core.package_identification:_identify(log) by extension 'ignore'
[0.384s] Level 1:colcon.colcon_core.package_identification:_identify(log) ignored
[0.385s] Level 1:colcon.colcon_core.package_identification:_identify(src) by extensions ['ignore', 'ignore_ament_install']
[0.385s] Level 1:colcon.colcon_core.package_identification:_identify(src) by extension 'ignore'
[0.385s] Level 1:colcon.colcon_core.package_identification:_identify(src) by extension 'ignore_ament_install'
[0.385s] Level 1:colcon.colcon_core.package_identification:_identify(src) by extensions ['colcon_pkg']
[0.385s] Level 1:colcon.colcon_core.package_identification:_identify(src) by extension 'colcon_pkg'
[0.385s] Level 1:colcon.colcon_core.package_identification:_identify(src) by extensions ['colcon_meta']
[0.385s] Level 1:colcon.colcon_core.package_identification:_identify(src) by extension 'colcon_meta'
[0.385s] Level 1:colcon.colcon_core.package_identification:_identify(src) by extensions ['ros']
[0.385s] Level 1:colcon.colcon_core.package_identification:_identify(src) by extension 'ros'
[0.385s] Level 1:colcon.colcon_core.package_identification:_identify(src) by extensions ['cmake', 'python']
[0.385s] Level 1:colcon.colcon_core.package_identification:_identify(src) by extension 'cmake'
[0.385s] Level 1:colcon.colcon_core.package_identification:_identify(src) by extension 'python'
[0.385s] Level 1:colcon.colcon_core.package_identification:_identify(src) by extensions ['python_setup_py']
[0.385s] Level 1:colcon.colcon_core.package_identification:_identify(src) by extension 'python_setup_py'
[0.385s] Level 1:colcon.colcon_core.package_identification:_identify(src/mypkg) by extensions ['ignore', 'ignore_ament_install']
[0.385s] Level 1:colcon.colcon_core.package_identification:_identify(src/mypkg) by extension 'ignore'
[0.385s] Level 1:colcon.colcon_core.package_identification:_identify(src/mypkg) by extension 'ignore_ament_install'
[0.385s] Level 1:colcon.colcon_core.package_identification:_identify(src/mypkg) by extensions ['colcon_pkg']
[0.385s] Level 1:colcon.colcon_core.package_identification:_identify(src/mypkg) by extension 'colcon_pkg'
[0.385s] Level 1:colcon.colcon_core.package_identification:_identify(src/mypkg) by extensions ['colcon_meta']
[0.385s] Level 1:colcon.colcon_core.package_identification:_identify(src/mypkg) by extension 'colcon_meta'
[0.385s] Level 1:colcon.colcon_core.package_identification:_identify(src/mypkg) by extensions ['ros']
[0.385s] Level 1:colcon.colcon_core.package_identification:_identify(src/mypkg) by extension 'ros'
[0.387s] DEBUG:colcon.colcon_core.package_identification:Package 'src/mypkg' with type 'ros.ament_python' and name 'mypkg'
[0.387s] Level 1:colcon.colcon_core.package_identification:_identify(src/person_msgs) by extensions ['ignore', 'ignore_ament_install']
[0.387s] Level 1:colcon.colcon_core.package_identification:_identify(src/person_msgs) by extension 'ignore'
[0.387s] Level 1:colcon.colcon_core.package_identification:_identify(src/person_msgs) by extension 'ignore_ament_install'
[0.387s] Level 1:colcon.colcon_core.package_identification:_identify(src/person_msgs) by extensions ['colcon_pkg']
[0.387s] Level 1:colcon.colcon_core.package_identification:_identify(src/person_msgs) by extension 'colcon_pkg'
[0.387s] Level 1:colcon.colcon_core.package_identification:_identify(src/person_msgs) by extensions ['colcon_meta']
[0.387s] Level 1:colcon.colcon_core.package_identification:_identify(src/person_msgs) by extension 'colcon_meta'
[0.387s] Level 1:colcon.colcon_core.package_identification:_identify(src/person_msgs) by extensions ['ros']
[0.387s] Level 1:colcon.colcon_core.package_identification:_identify(src/person_msgs) by extension 'ros'
[0.388s] DEBUG:colcon.colcon_core.package_identification:Package 'src/person_msgs' with type 'ros.ament_cmake' and name 'person_msgs'
[0.388s] Level 1:colcon.colcon_core.package_discovery:discover_packages(recursive) using defaults
[0.388s] Level 1:colcon.colcon_core.package_discovery:discover_packages(ignore) discover
[0.388s] Level 1:colcon.colcon_core.package_discovery:discover_packages(ignore) using defaults
[0.388s] Level 1:colcon.colcon_core.package_discovery:discover_packages(path) discover
[0.388s] Level 1:colcon.colcon_core.package_discovery:discover_packages(path) using defaults
[0.402s] Level 1:colcon.colcon_core.package_discovery:discover_packages(prefix_path) check parameters
[0.402s] Level 1:colcon.colcon_core.package_discovery:discover_packages(prefix_path) discover
[0.402s] WARNING:colcon.colcon_ros.prefix_path.ament:The path '/home/mori/ros2_ws/install/person_msgs' in the environment variable AMENT_PREFIX_PATH doesn't exist
[0.402s] WARNING:colcon.colcon_ros.prefix_path.ament:The path '/home/mori/ros2_ws/install/mypkg' in the environment variable AMENT_PREFIX_PATH doesn't exist
[0.402s] WARNING:colcon.colcon_ros.prefix_path.catkin:The path '/home/mori/ros2_ws/install/person_msgs' in the environment variable CMAKE_PREFIX_PATH doesn't exist
[0.403s] DEBUG:colcon.colcon_installed_package_information.package_discovery:Found 0 installed packages in /home/mori/ros2_ws/install
[0.404s] DEBUG:colcon.colcon_installed_package_information.package_discovery:Found 256 installed packages in /opt/ros/foxy
[0.404s] Level 1:colcon.colcon_core.package_discovery:discover_packages(prefix_path) using defaults
[0.447s] Level 5:colcon.colcon_core.verb:set package 'mypkg' build argument 'cmake_args' from command line to 'None'
[0.447s] Level 5:colcon.colcon_core.verb:set package 'mypkg' build argument 'cmake_target' from command line to 'None'
[0.447s] Level 5:colcon.colcon_core.verb:set package 'mypkg' build argument 'cmake_target_skip_unavailable' from command line to 'False'
[0.447s] Level 5:colcon.colcon_core.verb:set package 'mypkg' build argument 'cmake_clean_cache' from command line to 'False'
[0.447s] Level 5:colcon.colcon_core.verb:set package 'mypkg' build argument 'cmake_clean_first' from command line to 'False'
[0.447s] Level 5:colcon.colcon_core.verb:set package 'mypkg' build argument 'cmake_force_configure' from command line to 'False'
[0.447s] Level 5:colcon.colcon_core.verb:set package 'mypkg' build argument 'ament_cmake_args' from command line to 'None'
[0.447s] Level 5:colcon.colcon_core.verb:set package 'mypkg' build argument 'catkin_cmake_args' from command line to 'None'
[0.447s] Level 5:colcon.colcon_core.verb:set package 'mypkg' build argument 'catkin_skip_building_tests' from command line to 'False'
[0.447s] DEBUG:colcon.colcon_core.verb:Building package 'mypkg' with the following arguments: {'ament_cmake_args': None, 'build_base': '/home/mori/ros2_ws/build/mypkg', 'catkin_cmake_args': None, 'catkin_skip_building_tests': False, 'cmake_args': None, 'cmake_clean_cache': False, 'cmake_clean_first': False, 'cmake_force_configure': False, 'cmake_target': None, 'cmake_target_skip_unavailable': False, 'install_base': '/home/mori/ros2_ws/install/mypkg', 'merge_install': False, 'path': '/home/mori/ros2_ws/src/mypkg', 'symlink_install': False, 'test_result_base': None}
[0.448s] Level 5:colcon.colcon_core.verb:set package 'person_msgs' build argument 'cmake_args' from command line to 'None'
[0.448s] Level 5:colcon.colcon_core.verb:set package 'person_msgs' build argument 'cmake_target' from command line to 'None'
[0.448s] Level 5:colcon.colcon_core.verb:set package 'person_msgs' build argument 'cmake_target_skip_unavailable' from command line to 'False'
[0.448s] Level 5:colcon.colcon_core.verb:set package 'person_msgs' build argument 'cmake_clean_cache' from command line to 'False'
[0.448s] Level 5:colcon.colcon_core.verb:set package 'person_msgs' build argument 'cmake_clean_first' from command line to 'False'
[0.448s] Level 5:colcon.colcon_core.verb:set package 'person_msgs' build argument 'cmake_force_configure' from command line to 'False'
[0.448s] Level 5:colcon.colcon_core.verb:set package 'person_msgs' build argument 'ament_cmake_args' from command line to 'None'
[0.448s] Level 5:colcon.colcon_core.verb:set package 'person_msgs' build argument 'catkin_cmake_args' from command line to 'None'
[0.448s] Level 5:colcon.colcon_core.verb:set package 'person_msgs' build argument 'catkin_skip_building_tests' from command line to 'False'
[0.448s] DEBUG:colcon.colcon_core.verb:Building package 'person_msgs' with the following arguments: {'ament_cmake_args': None, 'build_base': '/home/mori/ros2_ws/build/person_msgs', 'catkin_cmake_args': None, 'catkin_skip_building_tests': False, 'cmake_args': None, 'cmake_clean_cache': False, 'cmake_clean_first': False, 'cmake_force_configure': False, 'cmake_target': None, 'cmake_target_skip_unavailable': False, 'install_base': '/home/mori/ros2_ws/install/person_msgs', 'merge_install': False, 'path': '/home/mori/ros2_ws/src/person_msgs', 'symlink_install': False, 'test_result_base': None}
[0.448s] INFO:colcon.colcon_core.executor:Executing jobs using 'parallel' executor
[0.449s] DEBUG:colcon.colcon_parallel_executor.executor.parallel:run_until_complete
[0.449s] INFO:colcon.colcon_ros.task.ament_python.build:Building ROS package in '/home/mori/ros2_ws/src/mypkg' with build type 'ament_python'
[0.449s] Level 1:colcon.colcon_core.shell:create_environment_hook('mypkg', 'ament_prefix_path')
[0.452s] INFO:colcon.colcon_core.plugin_system:Skipping extension 'colcon_core.shell.bat': Not used on non-Windows systems
[0.452s] INFO:colcon.colcon_core.shell:Creating environment hook '/home/mori/ros2_ws/install/mypkg/share/mypkg/hook/ament_prefix_path.ps1'
[0.453s] INFO:colcon.colcon_core.shell:Creating environment descriptor '/home/mori/ros2_ws/install/mypkg/share/mypkg/hook/ament_prefix_path.dsv'
[0.453s] INFO:colcon.colcon_core.shell:Creating environment hook '/home/mori/ros2_ws/install/mypkg/share/mypkg/hook/ament_prefix_path.sh'
[0.454s] INFO:colcon.colcon_core.shell:Skip shell extension 'powershell' for command environment: Not usable outside of PowerShell
[0.454s] DEBUG:colcon.colcon_core.shell:Skip shell extension 'dsv' for command environment
[0.457s] INFO:colcon.colcon_ros.task.ament_cmake.build:Building ROS package in '/home/mori/ros2_ws/src/person_msgs' with build type 'ament_cmake'
[0.458s] INFO:colcon.colcon_cmake.task.cmake.build:Building CMake package in '/home/mori/ros2_ws/src/person_msgs'
[0.458s] INFO:colcon.colcon_core.shell:Skip shell extension 'powershell' for command environment: Not usable outside of PowerShell
[0.458s] DEBUG:colcon.colcon_core.shell:Skip shell extension 'dsv' for command environment
[0.610s] INFO:colcon.colcon_core.task.python.build:Building Python package in '/home/mori/ros2_ws/src/mypkg'
[0.611s] INFO:colcon.colcon_core.shell:Skip shell extension 'powershell' for command environment: Not usable outside of PowerShell
[0.611s] DEBUG:colcon.colcon_core.shell:Skip shell extension 'dsv' for command environment
[0.623s] DEBUG:colcon.colcon_core.event_handler.log_command:Invoking command in '/home/mori/ros2_ws/build/person_msgs': CMAKE_PREFIX_PATH=${CMAKE_PREFIX_PATH}:/home/mori/ros2_ws/install/mypkg:/opt/ros/foxy /usr/bin/cmake /home/mori/ros2_ws/src/person_msgs -DCMAKE_INSTALL_PREFIX=/home/mori/ros2_ws/install/person_msgs
[0.926s] DEBUG:colcon.colcon_core.event_handler.log_command:Invoking command in '/home/mori/ros2_ws/src/mypkg': PYTHONPATH=/home/mori/ros2_ws/build/mypkg/prefix_override:/usr/lib/python3/dist-packages/colcon_core/task/python/colcon_distutils_commands:/home/mori/ros2_ws/install/mypkg/lib/python3.8/site-packages:${PYTHONPATH} /usr/bin/python3 -W ignore:setup.py install is deprecated setup.py egg_info --egg-base ../../build/mypkg build --build-base /home/mori/ros2_ws/build/mypkg/build install --record /home/mori/ros2_ws/build/mypkg/install.log --install-scripts $base/lib/mypkg --single-version-externally-managed install_data
[1.140s] DEBUG:colcon.colcon_core.event_handler.log_command:Invoked command in '/home/mori/ros2_ws/src/mypkg' returned '0': PYTHONPATH=/home/mori/ros2_ws/build/mypkg/prefix_override:/usr/lib/python3/dist-packages/colcon_core/task/python/colcon_distutils_commands:/home/mori/ros2_ws/install/mypkg/lib/python3.8/site-packages:${PYTHONPATH} /usr/bin/python3 -W ignore:setup.py install is deprecated setup.py egg_info --egg-base ../../build/mypkg build --build-base /home/mori/ros2_ws/build/mypkg/build install --record /home/mori/ros2_ws/build/mypkg/install.log --install-scripts $base/lib/mypkg --single-version-externally-managed install_data
[1.142s] Level 1:colcon.colcon_core.environment:checking '/home/mori/ros2_ws/install/mypkg' for CMake module files
[1.142s] Level 1:colcon.colcon_core.environment:checking '/home/mori/ros2_ws/install/mypkg' for CMake config files
[1.143s] Level 1:colcon.colcon_core.environment:checking '/home/mori/ros2_ws/install/mypkg/lib'
[1.143s] Level 1:colcon.colcon_core.environment:checking '/home/mori/ros2_ws/install/mypkg/bin'
[1.143s] Level 1:colcon.colcon_core.environment:checking '/home/mori/ros2_ws/install/mypkg/lib/pkgconfig/mypkg.pc'
[1.144s] Level 1:colcon.colcon_core.environment:checking '/home/mori/ros2_ws/install/mypkg/lib/python3.8/site-packages'
[1.144s] Level 1:colcon.colcon_core.shell:create_environment_hook('mypkg', 'pythonpath')
[1.144s] INFO:colcon.colcon_core.shell:Creating environment hook '/home/mori/ros2_ws/install/mypkg/share/mypkg/hook/pythonpath.ps1'
[1.144s] INFO:colcon.colcon_core.shell:Creating environment descriptor '/home/mori/ros2_ws/install/mypkg/share/mypkg/hook/pythonpath.dsv'
[1.145s] INFO:colcon.colcon_core.shell:Creating environment hook '/home/mori/ros2_ws/install/mypkg/share/mypkg/hook/pythonpath.sh'
[1.145s] Level 1:colcon.colcon_core.environment:checking '/home/mori/ros2_ws/install/mypkg/bin'
[1.145s] Level 1:colcon.colcon_core.environment:create_environment_scripts_only(mypkg)
[1.146s] INFO:colcon.colcon_core.shell:Creating package script '/home/mori/ros2_ws/install/mypkg/share/mypkg/package.ps1'
[1.146s] INFO:colcon.colcon_core.shell:Creating package descriptor '/home/mori/ros2_ws/install/mypkg/share/mypkg/package.dsv'
[1.147s] INFO:colcon.colcon_core.shell:Creating package script '/home/mori/ros2_ws/install/mypkg/share/mypkg/package.sh'
[1.148s] INFO:colcon.colcon_core.shell:Creating package script '/home/mori/ros2_ws/install/mypkg/share/mypkg/package.bash'
[1.148s] INFO:colcon.colcon_core.shell:Creating package script '/home/mori/ros2_ws/install/mypkg/share/mypkg/package.zsh'
[1.149s] Level 1:colcon.colcon_core.environment:create_file_with_runtime_dependencies(/home/mori/ros2_ws/install/mypkg/share/colcon-core/packages/mypkg)
[12.610s] DEBUG:colcon.colcon_core.event_handler.log_command:Invoked command in '/home/mori/ros2_ws/build/person_msgs' returned '0': CMAKE_PREFIX_PATH=${CMAKE_PREFIX_PATH}:/home/mori/ros2_ws/install/mypkg:/opt/ros/foxy /usr/bin/cmake /home/mori/ros2_ws/src/person_msgs -DCMAKE_INSTALL_PREFIX=/home/mori/ros2_ws/install/person_msgs
[12.611s] DEBUG:colcon.colcon_core.event_handler.log_command:Invoking command in '/home/mori/ros2_ws/build/person_msgs': CMAKE_PREFIX_PATH=${CMAKE_PREFIX_PATH}:/home/mori/ros2_ws/install/mypkg:/opt/ros/foxy /usr/bin/cmake --build /home/mori/ros2_ws/build/person_msgs -- -j20 -l20
[14.756s] DEBUG:colcon.colcon_core.event_handler.log_command:Invoked command in '/home/mori/ros2_ws/build/person_msgs' returned '0': CMAKE_PREFIX_PATH=${CMAKE_PREFIX_PATH}:/home/mori/ros2_ws/install/mypkg:/opt/ros/foxy /usr/bin/cmake --build /home/mori/ros2_ws/build/person_msgs -- -j20 -l20
[14.795s] DEBUG:colcon.colcon_core.event_handler.log_command:Invoking command in '/home/mori/ros2_ws/build/person_msgs': CMAKE_PREFIX_PATH=${CMAKE_PREFIX_PATH}:/home/mori/ros2_ws/install/mypkg:/opt/ros/foxy /usr/bin/cmake --install /home/mori/ros2_ws/build/person_msgs
[14.835s] Level 1:colcon.colcon_core.environment:create_environment_scripts_only(person_msgs)
[14.835s] Level 1:colcon.colcon_core.environment:checking '/home/mori/ros2_ws/install/person_msgs' for CMake module files
[14.835s] DEBUG:colcon.colcon_core.event_handler.log_command:Invoked command in '/home/mori/ros2_ws/build/person_msgs' returned '0': CMAKE_PREFIX_PATH=${CMAKE_PREFIX_PATH}:/home/mori/ros2_ws/install/mypkg:/opt/ros/foxy /usr/bin/cmake --install /home/mori/ros2_ws/build/person_msgs
[14.836s] Level 1:colcon.colcon_core.environment:checking '/home/mori/ros2_ws/install/person_msgs' for CMake config files
[14.836s] Level 1:colcon.colcon_core.shell:create_environment_hook('person_msgs', 'cmake_prefix_path')
[14.836s] INFO:colcon.colcon_core.shell:Creating environment hook '/home/mori/ros2_ws/install/person_msgs/share/person_msgs/hook/cmake_prefix_path.ps1'
[14.837s] INFO:colcon.colcon_core.shell:Creating environment descriptor '/home/mori/ros2_ws/install/person_msgs/share/person_msgs/hook/cmake_prefix_path.dsv'
[14.837s] INFO:colcon.colcon_core.shell:Creating environment hook '/home/mori/ros2_ws/install/person_msgs/share/person_msgs/hook/cmake_prefix_path.sh'
[14.837s] Level 1:colcon.colcon_core.environment:checking '/home/mori/ros2_ws/install/person_msgs/lib'
[14.837s] Level 1:colcon.colcon_core.shell:create_environment_hook('person_msgs', 'ld_library_path_lib')
[14.837s] INFO:colcon.colcon_core.shell:Creating environment hook '/home/mori/ros2_ws/install/person_msgs/share/person_msgs/hook/ld_library_path_lib.ps1'
[14.837s] INFO:colcon.colcon_core.shell:Creating environment descriptor '/home/mori/ros2_ws/install/person_msgs/share/person_msgs/hook/ld_library_path_lib.dsv'
[14.837s] INFO:colcon.colcon_core.shell:Creating environment hook '/home/mori/ros2_ws/install/person_msgs/share/person_msgs/hook/ld_library_path_lib.sh'
[14.838s] Level 1:colcon.colcon_core.environment:checking '/home/mori/ros2_ws/install/person_msgs/bin'
[14.838s] Level 1:colcon.colcon_core.environment:checking '/home/mori/ros2_ws/install/person_msgs/lib/pkgconfig/person_msgs.pc'
[14.838s] Level 1:colcon.colcon_core.environment:checking '/home/mori/ros2_ws/install/person_msgs/lib/python3.8/site-packages'
[14.838s] Level 1:colcon.colcon_core.shell:create_environment_hook('person_msgs', 'pythonpath')
[14.838s] INFO:colcon.colcon_core.shell:Creating environment hook '/home/mori/ros2_ws/install/person_msgs/share/person_msgs/hook/pythonpath.ps1'
[14.838s] INFO:colcon.colcon_core.shell:Creating environment descriptor '/home/mori/ros2_ws/install/person_msgs/share/person_msgs/hook/pythonpath.dsv'
[14.838s] INFO:colcon.colcon_core.shell:Creating environment hook '/home/mori/ros2_ws/install/person_msgs/share/person_msgs/hook/pythonpath.sh'
[14.838s] Level 1:colcon.colcon_core.environment:checking '/home/mori/ros2_ws/install/person_msgs/bin'
[14.839s] INFO:colcon.colcon_core.shell:Creating package script '/home/mori/ros2_ws/install/person_msgs/share/person_msgs/package.ps1'
[14.839s] INFO:colcon.colcon_core.shell:Creating package descriptor '/home/mori/ros2_ws/install/person_msgs/share/person_msgs/package.dsv'
[14.839s] INFO:colcon.colcon_core.shell:Creating package script '/home/mori/ros2_ws/install/person_msgs/share/person_msgs/package.sh'
[14.840s] INFO:colcon.colcon_core.shell:Creating package script '/home/mori/ros2_ws/install/person_msgs/share/person_msgs/package.bash'
[14.840s] INFO:colcon.colcon_core.shell:Creating package script '/home/mori/ros2_ws/install/person_msgs/share/person_msgs/package.zsh'
[14.840s] Level 1:colcon.colcon_core.environment:create_file_with_runtime_dependencies(/home/mori/ros2_ws/install/person_msgs/share/colcon-core/packages/person_msgs)
[14.868s] Level 1:colcon.colcon_core.environment:create_environment_scripts_only(person_msgs)
[14.869s] Level 1:colcon.colcon_core.environment:checking '/home/mori/ros2_ws/install/person_msgs' for CMake module files
[14.869s] Level 1:colcon.colcon_core.environment:checking '/home/mori/ros2_ws/install/person_msgs' for CMake config files
[14.869s] Level 1:colcon.colcon_core.shell:create_environment_hook('person_msgs', 'cmake_prefix_path')
[14.869s] INFO:colcon.colcon_core.shell:Creating environment hook '/home/mori/ros2_ws/install/person_msgs/share/person_msgs/hook/cmake_prefix_path.ps1'
[14.870s] INFO:colcon.colcon_core.shell:Creating environment descriptor '/home/mori/ros2_ws/install/person_msgs/share/person_msgs/hook/cmake_prefix_path.dsv'
[14.870s] INFO:colcon.colcon_core.shell:Creating environment hook '/home/mori/ros2_ws/install/person_msgs/share/person_msgs/hook/cmake_prefix_path.sh'
[14.870s] Level 1:colcon.colcon_core.environment:checking '/home/mori/ros2_ws/install/person_msgs/lib'
[14.870s] Level 1:colcon.colcon_core.shell:create_environment_hook('person_msgs', 'ld_library_path_lib')
[14.870s] INFO:colcon.colcon_core.shell:Creating environment hook '/home/mori/ros2_ws/install/person_msgs/share/person_msgs/hook/ld_library_path_lib.ps1'
[14.871s] INFO:colcon.colcon_core.shell:Creating environment descriptor '/home/mori/ros2_ws/install/person_msgs/share/person_msgs/hook/ld_library_path_lib.dsv'
[14.871s] INFO:colcon.colcon_core.shell:Creating environment hook '/home/mori/ros2_ws/install/person_msgs/share/person_msgs/hook/ld_library_path_lib.sh'
[14.871s] Level 1:colcon.colcon_core.environment:checking '/home/mori/ros2_ws/install/person_msgs/bin'
[14.871s] Level 1:colcon.colcon_core.environment:checking '/home/mori/ros2_ws/install/person_msgs/lib/pkgconfig/person_msgs.pc'
[14.871s] Level 1:colcon.colcon_core.environment:checking '/home/mori/ros2_ws/install/person_msgs/lib/python3.8/site-packages'
[14.871s] Level 1:colcon.colcon_core.shell:create_environment_hook('person_msgs', 'pythonpath')
[14.871s] INFO:colcon.colcon_core.shell:Creating environment hook '/home/mori/ros2_ws/install/person_msgs/share/person_msgs/hook/pythonpath.ps1'
[14.872s] INFO:colcon.colcon_core.shell:Creating environment descriptor '/home/mori/ros2_ws/install/person_msgs/share/person_msgs/hook/pythonpath.dsv'
[14.872s] INFO:colcon.colcon_core.shell:Creating environment hook '/home/mori/ros2_ws/install/person_msgs/share/person_msgs/hook/pythonpath.sh'
[14.872s] Level 1:colcon.colcon_core.environment:checking '/home/mori/ros2_ws/install/person_msgs/bin'
[14.872s] INFO:colcon.colcon_core.shell:Creating package script '/home/mori/ros2_ws/install/person_msgs/share/person_msgs/package.ps1'
[14.872s] INFO:colcon.colcon_core.shell:Creating package descriptor '/home/mori/ros2_ws/install/person_msgs/share/person_msgs/package.dsv'
[14.873s] INFO:colcon.colcon_core.shell:Creating package script '/home/mori/ros2_ws/install/person_msgs/share/person_msgs/package.sh'
[14.873s] INFO:colcon.colcon_core.shell:Creating package script '/home/mori/ros2_ws/install/person_msgs/share/person_msgs/package.bash'
[14.873s] INFO:colcon.colcon_core.shell:Creating package script '/home/mori/ros2_ws/install/person_msgs/share/person_msgs/package.zsh'
[14.873s] Level 1:colcon.colcon_core.environment:create_file_with_runtime_dependencies(/home/mori/ros2_ws/install/person_msgs/share/colcon-core/packages/person_msgs)
[14.873s] DEBUG:colcon.colcon_parallel_executor.executor.parallel:closing loop
[14.875s] DEBUG:colcon.colcon_parallel_executor.executor.parallel:loop closed
[14.875s] DEBUG:colcon.colcon_parallel_executor.executor.parallel:run_until_complete finished with '0'
[14.875s] DEBUG:colcon.colcon_core.event_reactor:joining thread
[14.935s] INFO:colcon.colcon_core.plugin_system:Skipping extension 'colcon_notification.desktop_notification.notify_send': Could not find 'notify-send'
[14.935s] INFO:colcon.colcon_core.plugin_system:Skipping extension 'colcon_notification.desktop_notification.terminal_notifier': Not used on non-Darwin systems
[14.935s] INFO:colcon.colcon_core.plugin_system:Skipping extension 'colcon_notification.desktop_notification.win32': Not used on non-Windows systems
[14.935s] INFO:colcon.colcon_notification.desktop_notification:Sending desktop notification using 'notify2'
[14.940s] DEBUG:colcon.colcon_notification.desktop_notification.notify2:Failed to initialize notify2: org.freedesktop.DBus.Error.ServiceUnknown: The name org.freedesktop.Notifications was not provided by any .service files
[14.940s] DEBUG:colcon.colcon_core.event_reactor:joined thread
[14.940s] INFO:colcon.colcon_core.shell:Creating prefix script '/home/mori/ros2_ws/install/local_setup.ps1'
[14.941s] INFO:colcon.colcon_core.shell:Creating prefix util module '/home/mori/ros2_ws/install/_local_setup_util_ps1.py'
[14.942s] INFO:colcon.colcon_core.shell:Creating prefix chain script '/home/mori/ros2_ws/install/setup.ps1'
[14.942s] INFO:colcon.colcon_core.shell:Creating prefix script '/home/mori/ros2_ws/install/local_setup.sh'
[14.942s] INFO:colcon.colcon_core.shell:Creating prefix util module '/home/mori/ros2_ws/install/_local_setup_util_sh.py'
[14.943s] INFO:colcon.colcon_core.shell:Creating prefix chain script '/home/mori/ros2_ws/install/setup.sh'
[14.944s] INFO:colcon.colcon_core.shell:Creating prefix script '/home/mori/ros2_ws/install/local_setup.bash'
[14.944s] INFO:colcon.colcon_core.shell:Creating prefix chain script '/home/mori/ros2_ws/install/setup.bash'
[14.944s] INFO:colcon.colcon_core.shell:Creating prefix script '/home/mori/ros2_ws/install/local_setup.zsh'
[14.944s] INFO:colcon.colcon_core.shell:Creating prefix chain script '/home/mori/ros2_ws/install/setup.zsh'
