[0.144s] Invoking command in '/home/mori/ros2_ws/build/person_msgs': CMAKE_PREFIX_PATH=${CMAKE_PREFIX_PATH}:/home/mori/ros2_ws/install/mypkg:/opt/ros/foxy /usr/bin/cmake --build /home/mori/ros2_ws/build/person_msgs -- -j20 -l20
[0.176s] [  3%] Built target person_msgs__cpp
[0.176s] [ 12%] Built target person_msgs__rosidl_generator_c
[0.195s] [ 41%] Built target person_msgs__rosidl_typesupport_cpp
[0.195s] [ 41%] Built target person_msgs__rosidl_typesupport_introspection_cpp
[0.195s] [ 41%] Built target person_msgs__rosidl_typesupport_fastrtps_cpp
[0.211s] [ 61%] Built target person_msgs__rosidl_typesupport_c
[0.211s] [ 61%] Built target person_msgs__rosidl_typesupport_introspection_c
[0.229s] [ 70%] Built target person_msgs__rosidl_typesupport_fastrtps_c
[0.243s] [ 70%] Built target person_msgs
[0.258s] [ 74%] Built target person_msgs__py
[0.277s] [ 80%] Built target person_msgs__python
[0.295s] [100%] Built target person_msgs__rosidl_typesupport_fastrtps_c__pyext
[0.295s] [ 96%] Built target person_msgs__rosidl_typesupport_introspection_c__pyext
[0.295s] [100%] Built target person_msgs__rosidl_typesupport_c__pyext
[0.304s] Invoked command in '/home/mori/ros2_ws/build/person_msgs' returned '0': CMAKE_PREFIX_PATH=${CMAKE_PREFIX_PATH}:/home/mori/ros2_ws/install/mypkg:/opt/ros/foxy /usr/bin/cmake --build /home/mori/ros2_ws/build/person_msgs -- -j20 -l20
[0.345s] Invoking command in '/home/mori/ros2_ws/build/person_msgs': CMAKE_PREFIX_PATH=${CMAKE_PREFIX_PATH}:/home/mori/ros2_ws/install/mypkg:/opt/ros/foxy /usr/bin/cmake --install /home/mori/ros2_ws/build/person_msgs
[0.351s] -- Install configuration: ""
[0.352s] -- Execute custom install script
[0.352s] -- Up-to-date symlink: /home/mori/ros2_ws/install/person_msgs/share/ament_index/resource_index/rosidl_interfaces/person_msgs
[0.353s] -- Up-to-date symlink: /home/mori/ros2_ws/install/person_msgs/include/person_msgs/msg/detail/person__functions.h
[0.353s] -- Up-to-date symlink: /home/mori/ros2_ws/install/person_msgs/include/person_msgs/msg/detail/person__struct.h
[0.353s] -- Up-to-date symlink: /home/mori/ros2_ws/install/person_msgs/include/person_msgs/msg/detail/person__type_support.h
[0.353s] -- Up-to-date symlink: /home/mori/ros2_ws/install/person_msgs/include/person_msgs/msg/person.h
[0.353s] -- Up-to-date symlink: /home/mori/ros2_ws/install/person_msgs/include/person_msgs/msg/rosidl_generator_c__visibility_control.h
[0.353s] -- Up-to-date symlink: /home/mori/ros2_ws/install/person_msgs/share/person_msgs/environment/library_path.sh
[0.353s] -- Up-to-date symlink: /home/mori/ros2_ws/install/person_msgs/share/person_msgs/environment/library_path.dsv
[0.354s] -- Up-to-date symlink: /home/mori/ros2_ws/install/person_msgs/include/person_msgs/msg/detail/person__rosidl_typesupport_fastrtps_c.h
[0.354s] -- Up-to-date symlink: /home/mori/ros2_ws/install/person_msgs/include/person_msgs/msg/rosidl_typesupport_fastrtps_c__visibility_control.h
[0.354s] -- Up-to-date symlink: /home/mori/ros2_ws/install/person_msgs/lib/libperson_msgs__rosidl_typesupport_fastrtps_c.so
[0.355s] -- Up-to-date symlink: /home/mori/ros2_ws/install/person_msgs/include/person_msgs/msg/detail/person__rosidl_typesupport_fastrtps_cpp.hpp
[0.355s] -- Up-to-date symlink: /home/mori/ros2_ws/install/person_msgs/include/person_msgs/msg/rosidl_typesupport_fastrtps_cpp__visibility_control.h
[0.355s] -- Up-to-date symlink: /home/mori/ros2_ws/install/person_msgs/lib/libperson_msgs__rosidl_typesupport_fastrtps_cpp.so
[0.355s] -- Up-to-date symlink: /home/mori/ros2_ws/install/person_msgs/include/person_msgs/msg/detail/person__rosidl_typesupport_introspection_c.h
[0.355s] -- Up-to-date symlink: /home/mori/ros2_ws/install/person_msgs/include/person_msgs/msg/rosidl_typesupport_introspection_c__visibility_control.h
[0.356s] -- Up-to-date symlink: /home/mori/ros2_ws/install/person_msgs/include/person_msgs/msg/detail/person__builder.hpp
[0.356s] -- Up-to-date symlink: /home/mori/ros2_ws/install/person_msgs/include/person_msgs/msg/detail/person__struct.hpp
[0.356s] -- Up-to-date symlink: /home/mori/ros2_ws/install/person_msgs/include/person_msgs/msg/detail/person__traits.hpp
[0.356s] -- Up-to-date symlink: /home/mori/ros2_ws/install/person_msgs/include/person_msgs/msg/detail/person__type_support.hpp
[0.356s] -- Up-to-date symlink: /home/mori/ros2_ws/install/person_msgs/include/person_msgs/msg/person.hpp
[0.356s] -- Up-to-date symlink: /home/mori/ros2_ws/install/person_msgs/include/person_msgs/msg/rosidl_generator_cpp__visibility_control.hpp
[0.356s] -- Up-to-date symlink: /home/mori/ros2_ws/install/person_msgs/include/person_msgs/msg/detail/person__rosidl_typesupport_introspection_cpp.hpp
[0.356s] -- Up-to-date symlink: /home/mori/ros2_ws/install/person_msgs/share/person_msgs/environment/pythonpath.sh
[0.356s] -- Up-to-date symlink: /home/mori/ros2_ws/install/person_msgs/share/person_msgs/environment/pythonpath.dsv
[0.357s] -- Up-to-date symlink: /home/mori/ros2_ws/install/person_msgs/lib/python3.8/site-packages/person_msgs/__init__.py
[0.357s] -- Up-to-date symlink: /home/mori/ros2_ws/install/person_msgs/lib/python3.8/site-packages/person_msgs/msg/__init__.py
[0.357s] -- Up-to-date symlink: /home/mori/ros2_ws/install/person_msgs/lib/python3.8/site-packages/person_msgs/msg/_person.py
[0.357s] -- Up-to-date symlink: /home/mori/ros2_ws/install/person_msgs/lib/python3.8/site-packages/person_msgs/person_msgs_s__rosidl_typesupport_fastrtps_c.cpython-38-x86_64-linux-gnu.so
[0.357s] -- Up-to-date symlink: /home/mori/ros2_ws/install/person_msgs/lib/python3.8/site-packages/person_msgs/person_msgs_s__rosidl_typesupport_introspection_c.cpython-38-x86_64-linux-gnu.so
[0.358s] -- Up-to-date symlink: /home/mori/ros2_ws/install/person_msgs/lib/python3.8/site-packages/person_msgs/person_msgs_s__rosidl_typesupport_c.cpython-38-x86_64-linux-gnu.so
[0.358s] -- Up-to-date symlink: /home/mori/ros2_ws/install/person_msgs/lib/libperson_msgs__python.so
[0.358s] -- Up-to-date symlink: /home/mori/ros2_ws/install/person_msgs/share/person_msgs/msg/Person.idl
[0.358s] -- Up-to-date symlink: /home/mori/ros2_ws/install/person_msgs/share/person_msgs/msg/Person.msg
[0.359s] CMake Error at ament_cmake_symlink_install/ament_cmake_symlink_install.cmake:100 (message):
[0.359s]   ament_cmake_symlink_install_directory() can't find
[0.359s]   '/home/mori/ros2_ws/src/person_msgs/launch/'
[0.359s] Call Stack (most recent call first):
[0.359s]   ament_cmake_symlink_install/ament_cmake_symlink_install.cmake:377 (ament_cmake_symlink_install_directory)
[0.359s]   cmake_install.cmake:41 (include)
[0.359s] 
[0.359s] 
[0.360s] Invoked command in '/home/mori/ros2_ws/build/person_msgs' returned '1': CMAKE_PREFIX_PATH=${CMAKE_PREFIX_PATH}:/home/mori/ros2_ws/install/mypkg:/opt/ros/foxy /usr/bin/cmake --install /home/mori/ros2_ws/build/person_msgs
