running egg_info
creating ../../build/mypkg/mypkg.egg-info
writing ../../build/mypkg/mypkg.egg-info/PKG-INFO
writing dependency_links to ../../build/mypkg/mypkg.egg-info/dependency_links.txt
writing entry points to ../../build/mypkg/mypkg.egg-info/entry_points.txt
writing requirements to ../../build/mypkg/mypkg.egg-info/requires.txt
writing top-level names to ../../build/mypkg/mypkg.egg-info/top_level.txt
writing manifest file '../../build/mypkg/mypkg.egg-info/SOURCES.txt'
reading manifest file '../../build/mypkg/mypkg.egg-info/SOURCES.txt'
writing manifest file '../../build/mypkg/mypkg.egg-info/SOURCES.txt'
running build
running build_py
creating /home/mori/ros2_ws/build/mypkg/build
creating /home/mori/ros2_ws/build/mypkg/build/lib
creating /home/mori/ros2_ws/build/mypkg/build/lib/mypkg
copying mypkg/talker.py -> /home/mori/ros2_ws/build/mypkg/build/lib/mypkg
copying mypkg/__init__.py -> /home/mori/ros2_ws/build/mypkg/build/lib/mypkg
copying mypkg/listener.py -> /home/mori/ros2_ws/build/mypkg/build/lib/mypkg
running install
running install_lib
running install_data
running install_egg_info
removing '/home/mori/ros2_ws/install/mypkg/lib/python3.8/site-packages/mypkg-0.0.0-py3.8.egg-info' (and everything under it)
Copying ../../build/mypkg/mypkg.egg-info to /home/mori/ros2_ws/install/mypkg/lib/python3.8/site-packages/mypkg-0.0.0-py3.8.egg-info
running install_scripts
Installing listener script to /home/mori/ros2_ws/install/mypkg/lib/mypkg
Installing talker script to /home/mori/ros2_ws/install/mypkg/lib/mypkg
writing list of installed files to '/home/mori/ros2_ws/build/mypkg/install.log'
