[0.142s] Invoking command in '/home/mori/ros2_ws/build/person_msgs': CMAKE_PREFIX_PATH=${CMAKE_PREFIX_PATH}:/home/mori/ros2_ws/install/mypkg:/opt/ros/foxy /usr/bin/cmake --build /home/mori/ros2_ws/build/person_msgs -- -j20 -l20
[0.173s] [ 12%] Built target person_msgs__rosidl_generator_c
[0.173s] [  9%] Built target person_msgs__cpp
[0.188s] [ 22%] Built target person_msgs__rosidl_typesupport_cpp
[0.188s] [ 32%] Built target person_msgs__rosidl_typesupport_introspection_c
[0.189s] [ 41%] Built target person_msgs__rosidl_typesupport_introspection_cpp
[0.191s] [ 51%] Built target person_msgs__rosidl_typesupport_c
[0.192s] [ 61%] Built target person_msgs__rosidl_typesupport_fastrtps_cpp
[0.209s] [ 70%] Built target person_msgs__rosidl_typesupport_fastrtps_c
[0.224s] [ 70%] Built target person_msgs
[0.237s] [ 74%] Built target person_msgs__py
[0.255s] [ 80%] Built target person_msgs__python
[0.272s] [ 90%] Built target person_msgs__rosidl_typesupport_fastrtps_c__pyext
[0.273s] [ 93%] Built target person_msgs__rosidl_typesupport_c__pyext
[0.273s] [100%] Built target person_msgs__rosidl_typesupport_introspection_c__pyext
[0.282s] Invoked command in '/home/mori/ros2_ws/build/person_msgs' returned '0': CMAKE_PREFIX_PATH=${CMAKE_PREFIX_PATH}:/home/mori/ros2_ws/install/mypkg:/opt/ros/foxy /usr/bin/cmake --build /home/mori/ros2_ws/build/person_msgs -- -j20 -l20
[0.324s] Invoking command in '/home/mori/ros2_ws/build/person_msgs': CMAKE_PREFIX_PATH=${CMAKE_PREFIX_PATH}:/home/mori/ros2_ws/install/mypkg:/opt/ros/foxy /usr/bin/cmake --install /home/mori/ros2_ws/build/person_msgs
[0.329s] -- Install configuration: ""
[0.329s] -- Execute custom install script
[0.329s] -- Up-to-date symlink: /home/mori/ros2_ws/install/person_msgs/share/ament_index/resource_index/rosidl_interfaces/person_msgs
[0.330s] -- Up-to-date symlink: /home/mori/ros2_ws/install/person_msgs/include/person_msgs/msg/detail/person__functions.h
[0.330s] -- Up-to-date symlink: /home/mori/ros2_ws/install/person_msgs/include/person_msgs/msg/detail/person__struct.h
[0.330s] -- Up-to-date symlink: /home/mori/ros2_ws/install/person_msgs/include/person_msgs/msg/detail/person__type_support.h
[0.330s] -- Up-to-date symlink: /home/mori/ros2_ws/install/person_msgs/include/person_msgs/msg/person.h
[0.330s] -- Up-to-date symlink: /home/mori/ros2_ws/install/person_msgs/include/person_msgs/msg/rosidl_generator_c__visibility_control.h
[0.330s] -- Up-to-date symlink: /home/mori/ros2_ws/install/person_msgs/share/person_msgs/environment/library_path.sh
[0.331s] -- Up-to-date symlink: /home/mori/ros2_ws/install/person_msgs/share/person_msgs/environment/library_path.dsv
[0.331s] -- Up-to-date symlink: /home/mori/ros2_ws/install/person_msgs/include/person_msgs/msg/detail/person__rosidl_typesupport_fastrtps_c.h
[0.331s] -- Up-to-date symlink: /home/mori/ros2_ws/install/person_msgs/include/person_msgs/msg/rosidl_typesupport_fastrtps_c__visibility_control.h
[0.331s] -- Up-to-date symlink: /home/mori/ros2_ws/install/person_msgs/lib/libperson_msgs__rosidl_typesupport_fastrtps_c.so
[0.331s] -- Up-to-date symlink: /home/mori/ros2_ws/install/person_msgs/include/person_msgs/msg/detail/person__rosidl_typesupport_fastrtps_cpp.hpp
[0.331s] -- Up-to-date symlink: /home/mori/ros2_ws/install/person_msgs/include/person_msgs/msg/rosidl_typesupport_fastrtps_cpp__visibility_control.h
[0.332s] -- Up-to-date symlink: /home/mori/ros2_ws/install/person_msgs/lib/libperson_msgs__rosidl_typesupport_fastrtps_cpp.so
[0.332s] -- Up-to-date symlink: /home/mori/ros2_ws/install/person_msgs/include/person_msgs/msg/detail/person__rosidl_typesupport_introspection_c.h
[0.332s] -- Up-to-date symlink: /home/mori/ros2_ws/install/person_msgs/include/person_msgs/msg/rosidl_typesupport_introspection_c__visibility_control.h
[0.332s] -- Up-to-date symlink: /home/mori/ros2_ws/install/person_msgs/include/person_msgs/msg/detail/person__builder.hpp
[0.332s] -- Up-to-date symlink: /home/mori/ros2_ws/install/person_msgs/include/person_msgs/msg/detail/person__struct.hpp
[0.333s] -- Up-to-date symlink: /home/mori/ros2_ws/install/person_msgs/include/person_msgs/msg/detail/person__traits.hpp
[0.333s] -- Up-to-date symlink: /home/mori/ros2_ws/install/person_msgs/include/person_msgs/msg/detail/person__type_support.hpp
[0.333s] -- Up-to-date symlink: /home/mori/ros2_ws/install/person_msgs/include/person_msgs/msg/person.hpp
[0.333s] -- Up-to-date symlink: /home/mori/ros2_ws/install/person_msgs/include/person_msgs/msg/rosidl_generator_cpp__visibility_control.hpp
[0.333s] -- Up-to-date symlink: /home/mori/ros2_ws/install/person_msgs/include/person_msgs/msg/detail/person__rosidl_typesupport_introspection_cpp.hpp
[0.333s] -- Up-to-date symlink: /home/mori/ros2_ws/install/person_msgs/share/person_msgs/environment/pythonpath.sh
[0.333s] -- Up-to-date symlink: /home/mori/ros2_ws/install/person_msgs/share/person_msgs/environment/pythonpath.dsv
[0.334s] -- Up-to-date symlink: /home/mori/ros2_ws/install/person_msgs/lib/python3.8/site-packages/person_msgs/__init__.py
[0.334s] -- Up-to-date symlink: /home/mori/ros2_ws/install/person_msgs/lib/python3.8/site-packages/person_msgs/msg/__init__.py
[0.334s] -- Up-to-date symlink: /home/mori/ros2_ws/install/person_msgs/lib/python3.8/site-packages/person_msgs/msg/_person.py
[0.334s] -- Up-to-date symlink: /home/mori/ros2_ws/install/person_msgs/lib/python3.8/site-packages/person_msgs/person_msgs_s__rosidl_typesupport_fastrtps_c.cpython-38-x86_64-linux-gnu.so
[0.334s] -- Up-to-date symlink: /home/mori/ros2_ws/install/person_msgs/lib/python3.8/site-packages/person_msgs/person_msgs_s__rosidl_typesupport_introspection_c.cpython-38-x86_64-linux-gnu.so
[0.335s] -- Up-to-date symlink: /home/mori/ros2_ws/install/person_msgs/lib/python3.8/site-packages/person_msgs/person_msgs_s__rosidl_typesupport_c.cpython-38-x86_64-linux-gnu.so
[0.335s] -- Up-to-date symlink: /home/mori/ros2_ws/install/person_msgs/lib/libperson_msgs__python.so
[0.335s] -- Up-to-date symlink: /home/mori/ros2_ws/install/person_msgs/share/person_msgs/msg/Person.idl
[0.335s] -- Up-to-date symlink: /home/mori/ros2_ws/install/person_msgs/share/person_msgs/msg/Person.msg
[0.336s] CMake Error at ament_cmake_symlink_install/ament_cmake_symlink_install.cmake:100 (message):
[0.336s]   ament_cmake_symlink_install_directory() can't find
[0.336s]   '/home/mori/ros2_ws/src/person_msgs/launch/'
[0.336s] Call Stack (most recent call first):
[0.336s]   ament_cmake_symlink_install/ament_cmake_symlink_install.cmake:377 (ament_cmake_symlink_install_directory)
[0.336s]   cmake_install.cmake:41 (include)
[0.336s] 
[0.336s] 
[0.337s] Invoked command in '/home/mori/ros2_ws/build/person_msgs' returned '1': CMAKE_PREFIX_PATH=${CMAKE_PREFIX_PATH}:/home/mori/ros2_ws/install/mypkg:/opt/ros/foxy /usr/bin/cmake --install /home/mori/ros2_ws/build/person_msgs
