[0.163s] Invoking command in '/home/mori/ros2_ws/build/person_msgs': CMAKE_PREFIX_PATH=/opt/ros/foxy /usr/bin/cmake --build /home/mori/ros2_ws/build/person_msgs -- -j20 -l20
[0.273s] -- Found ament_cmake: 0.9.12 (/opt/ros/foxy/share/ament_cmake/cmake)
[0.300s] -- Found PythonInterp: /usr/bin/python3 (found suitable version "3.8.10", minimum required is "3") 
[0.300s] -- Using PYTHON_EXECUTABLE: /usr/bin/python3
[0.445s] -- Found rosidl_default_generators: 1.0.1 (/opt/ros/foxy/share/rosidl_default_generators/cmake)
[0.450s] -- Using all available rosidl_typesupport_c: rosidl_typesupport_fastrtps_c;rosidl_typesupport_introspection_c
[0.453s] -- Found rosidl_adapter: 1.3.1 (/opt/ros/foxy/share/rosidl_adapter/cmake)
[6.572s] -- Using all available rosidl_typesupport_cpp: rosidl_typesupport_fastrtps_cpp;rosidl_typesupport_introspection_cpp
[6.612s] -- Found PythonInterp: /usr/bin/python3 (found version "3.8.10") 
[6.701s] -- Found ament_cmake_ros: 0.9.2 (/opt/ros/foxy/share/ament_cmake_ros/cmake)
[12.170s] -- Using all available rosidl_typesupport_c: rosidl_typesupport_fastrtps_c;rosidl_typesupport_introspection_c
[12.181s] -- Using all available rosidl_typesupport_cpp: rosidl_typesupport_fastrtps_cpp;rosidl_typesupport_introspection_cpp
[12.198s] -- Found PythonInterp: /usr/bin/python3 (found suitable version "3.8.10", minimum required is "3.5") 
[12.199s] -- Found python_cmake_module: 0.8.1 (/opt/ros/foxy/share/python_cmake_module/cmake)
[12.221s] -- Using PYTHON_EXECUTABLE: /usr/bin/python3
[12.221s] -- Using PYTHON_INCLUDE_DIRS: /usr/include/python3.8
[12.221s] -- Using PYTHON_LIBRARIES: /usr/lib/x86_64-linux-gnu/libpython3.8.so
[12.234s] -- Found ament_lint_auto: 0.9.8 (/opt/ros/foxy/share/ament_lint_auto/cmake)
[12.256s] -- Added test 'copyright' to check source files copyright and LICENSE
[12.257s] -- Added test 'lint_cmake' to check CMake code style
[12.258s] -- Added test 'xmllint' to check XML markup files
[12.263s] -- Configuring done
[12.314s] -- Generating done
[12.316s] -- Build files have been written to: /home/mori/ros2_ws/build/person_msgs
[12.350s] [  3%] Built target person_msgs__cpp
[12.351s] [ 12%] Built target person_msgs__rosidl_generator_c
[12.373s] [ 32%] Built target person_msgs__rosidl_typesupport_cpp
[12.373s] [ 32%] Built target person_msgs__rosidl_typesupport_introspection_cpp
[12.375s] [ 41%] Built target person_msgs__rosidl_typesupport_fastrtps_cpp
[12.376s] [ 51%] Built target person_msgs__rosidl_typesupport_c
[12.378s] [ 61%] Built target person_msgs__rosidl_typesupport_introspection_c
[12.399s] [ 70%] Built target person_msgs__rosidl_typesupport_fastrtps_c
[12.418s] [ 70%] Built target person_msgs
[12.437s] [ 74%] Built target person_msgs__py
[12.459s] [ 80%] Built target person_msgs__python
[12.479s] [100%] Built target person_msgs__rosidl_typesupport_fastrtps_c__pyext
[12.479s] [100%] Built target person_msgs__rosidl_typesupport_introspection_c__pyext
[12.479s] [100%] Built target person_msgs__rosidl_typesupport_c__pyext
[12.488s] Invoked command in '/home/mori/ros2_ws/build/person_msgs' returned '0': CMAKE_PREFIX_PATH=/opt/ros/foxy /usr/bin/cmake --build /home/mori/ros2_ws/build/person_msgs -- -j20 -l20
[12.537s] Invoking command in '/home/mori/ros2_ws/build/person_msgs': CMAKE_PREFIX_PATH=/opt/ros/foxy /usr/bin/cmake --install /home/mori/ros2_ws/build/person_msgs
[12.543s] -- Install configuration: ""
[12.544s] -- Installing: /home/mori/ros2_ws/install/person_msgs/share/ament_index/resource_index/rosidl_interfaces/person_msgs
[12.544s] -- Up-to-date: /home/mori/ros2_ws/install/person_msgs/include/person_msgs
[12.544s] -- Up-to-date: /home/mori/ros2_ws/install/person_msgs/include/person_msgs/msg
[12.544s] -- Installing: /home/mori/ros2_ws/install/person_msgs/include/person_msgs/msg/person.h
[12.545s] -- Installing: /home/mori/ros2_ws/install/person_msgs/include/person_msgs/msg/rosidl_generator_c__visibility_control.h
[12.545s] -- Up-to-date: /home/mori/ros2_ws/install/person_msgs/include/person_msgs/msg/detail
[12.545s] -- Installing: /home/mori/ros2_ws/install/person_msgs/include/person_msgs/msg/detail/person__functions.h
[12.545s] -- Installing: /home/mori/ros2_ws/install/person_msgs/include/person_msgs/msg/detail/person__functions.c
[12.546s] -- Installing: /home/mori/ros2_ws/install/person_msgs/include/person_msgs/msg/detail/person__type_support.h
[12.546s] -- Installing: /home/mori/ros2_ws/install/person_msgs/include/person_msgs/msg/detail/person__struct.h
[12.547s] -- Installing: /home/mori/ros2_ws/install/person_msgs/share/person_msgs/environment/library_path.sh
[12.547s] -- Installing: /home/mori/ros2_ws/install/person_msgs/share/person_msgs/environment/library_path.dsv
[12.547s] -- Installing: /home/mori/ros2_ws/install/person_msgs/lib/libperson_msgs__rosidl_generator_c.so
[12.548s] -- Set runtime path of "/home/mori/ros2_ws/install/person_msgs/lib/libperson_msgs__rosidl_generator_c.so" to ""
[12.548s] -- Up-to-date: /home/mori/ros2_ws/install/person_msgs/include/person_msgs
[12.548s] -- Up-to-date: /home/mori/ros2_ws/install/person_msgs/include/person_msgs/msg
[12.549s] -- Installing: /home/mori/ros2_ws/install/person_msgs/include/person_msgs/msg/rosidl_typesupport_fastrtps_c__visibility_control.h
[12.549s] -- Up-to-date: /home/mori/ros2_ws/install/person_msgs/include/person_msgs/msg/detail
[12.549s] -- Installing: /home/mori/ros2_ws/install/person_msgs/include/person_msgs/msg/detail/person__rosidl_typesupport_fastrtps_c.h
[12.549s] -- Up-to-date: /home/mori/ros2_ws/install/person_msgs/lib/libperson_msgs__rosidl_typesupport_fastrtps_c.so
[12.550s] -- Up-to-date: /home/mori/ros2_ws/install/person_msgs/include/person_msgs
[12.550s] -- Up-to-date: /home/mori/ros2_ws/install/person_msgs/include/person_msgs/msg
[12.550s] -- Installing: /home/mori/ros2_ws/install/person_msgs/include/person_msgs/msg/rosidl_typesupport_fastrtps_cpp__visibility_control.h
[12.550s] -- Up-to-date: /home/mori/ros2_ws/install/person_msgs/include/person_msgs/msg/detail
[12.550s] -- Up-to-date: /home/mori/ros2_ws/install/person_msgs/include/person_msgs/msg/detail/dds_fastrtps
[12.550s] -- Installing: /home/mori/ros2_ws/install/person_msgs/include/person_msgs/msg/detail/person__rosidl_typesupport_fastrtps_cpp.hpp
[12.551s] -- Up-to-date: /home/mori/ros2_ws/install/person_msgs/lib/libperson_msgs__rosidl_typesupport_fastrtps_cpp.so
[12.551s] -- Up-to-date: /home/mori/ros2_ws/install/person_msgs/include/person_msgs
[12.551s] -- Up-to-date: /home/mori/ros2_ws/install/person_msgs/include/person_msgs/msg
[12.551s] -- Up-to-date: /home/mori/ros2_ws/install/person_msgs/include/person_msgs/msg/detail
[12.551s] -- Installing: /home/mori/ros2_ws/install/person_msgs/include/person_msgs/msg/detail/person__type_support.c
[12.551s] -- Installing: /home/mori/ros2_ws/install/person_msgs/include/person_msgs/msg/detail/person__rosidl_typesupport_introspection_c.h
[12.552s] -- Installing: /home/mori/ros2_ws/install/person_msgs/include/person_msgs/msg/rosidl_typesupport_introspection_c__visibility_control.h
[12.553s] -- Installing: /home/mori/ros2_ws/install/person_msgs/lib/libperson_msgs__rosidl_typesupport_introspection_c.so
[12.555s] -- Set runtime path of "/home/mori/ros2_ws/install/person_msgs/lib/libperson_msgs__rosidl_typesupport_introspection_c.so" to ""
[12.556s] -- Installing: /home/mori/ros2_ws/install/person_msgs/lib/libperson_msgs__rosidl_typesupport_c.so
[12.557s] -- Set runtime path of "/home/mori/ros2_ws/install/person_msgs/lib/libperson_msgs__rosidl_typesupport_c.so" to ""
[12.557s] -- Up-to-date: /home/mori/ros2_ws/install/person_msgs/include/person_msgs
[12.557s] -- Up-to-date: /home/mori/ros2_ws/install/person_msgs/include/person_msgs/msg
[12.558s] -- Installing: /home/mori/ros2_ws/install/person_msgs/include/person_msgs/msg/person.hpp
[12.558s] -- Installing: /home/mori/ros2_ws/install/person_msgs/include/person_msgs/msg/rosidl_generator_cpp__visibility_control.hpp
[12.558s] -- Up-to-date: /home/mori/ros2_ws/install/person_msgs/include/person_msgs/msg/detail
[12.558s] -- Installing: /home/mori/ros2_ws/install/person_msgs/include/person_msgs/msg/detail/person__struct.hpp
[12.559s] -- Installing: /home/mori/ros2_ws/install/person_msgs/include/person_msgs/msg/detail/person__type_support.hpp
[12.559s] -- Installing: /home/mori/ros2_ws/install/person_msgs/include/person_msgs/msg/detail/person__traits.hpp
[12.560s] -- Installing: /home/mori/ros2_ws/install/person_msgs/include/person_msgs/msg/detail/person__builder.hpp
[12.561s] -- Up-to-date: /home/mori/ros2_ws/install/person_msgs/include/person_msgs
[12.561s] -- Up-to-date: /home/mori/ros2_ws/install/person_msgs/include/person_msgs/msg
[12.561s] -- Up-to-date: /home/mori/ros2_ws/install/person_msgs/include/person_msgs/msg/detail
[12.561s] -- Installing: /home/mori/ros2_ws/install/person_msgs/include/person_msgs/msg/detail/person__rosidl_typesupport_introspection_cpp.hpp
[12.561s] -- Installing: /home/mori/ros2_ws/install/person_msgs/include/person_msgs/msg/detail/person__type_support.cpp
[12.563s] -- Installing: /home/mori/ros2_ws/install/person_msgs/lib/libperson_msgs__rosidl_typesupport_introspection_cpp.so
[12.565s] -- Set runtime path of "/home/mori/ros2_ws/install/person_msgs/lib/libperson_msgs__rosidl_typesupport_introspection_cpp.so" to ""
[12.566s] -- Installing: /home/mori/ros2_ws/install/person_msgs/lib/libperson_msgs__rosidl_typesupport_cpp.so
[12.567s] -- Set runtime path of "/home/mori/ros2_ws/install/person_msgs/lib/libperson_msgs__rosidl_typesupport_cpp.so" to ""
[12.567s] -- Installing: /home/mori/ros2_ws/install/person_msgs/share/person_msgs/environment/pythonpath.sh
[12.567s] -- Installing: /home/mori/ros2_ws/install/person_msgs/share/person_msgs/environment/pythonpath.dsv
[12.569s] -- Installing: /home/mori/ros2_ws/install/person_msgs/lib/python3.8/site-packages/person_msgs/__init__.py
[12.596s] Compiling '/home/mori/ros2_ws/install/person_msgs/lib/python3.8/site-packages/person_msgs/__init__.py'...
[12.600s] -- Up-to-date: /home/mori/ros2_ws/install/person_msgs/lib/python3.8/site-packages/person_msgs/msg
[12.600s] -- Installing: /home/mori/ros2_ws/install/person_msgs/lib/python3.8/site-packages/person_msgs/msg/_person_s.c
[12.601s] -- Installing: /home/mori/ros2_ws/install/person_msgs/lib/python3.8/site-packages/person_msgs/msg/_person.py
[12.601s] -- Installing: /home/mori/ros2_ws/install/person_msgs/lib/python3.8/site-packages/person_msgs/msg/__init__.py
[12.602s] -- Up-to-date: /home/mori/ros2_ws/install/person_msgs/lib/python3.8/site-packages/person_msgs/person_msgs_s__rosidl_typesupport_fastrtps_c.cpython-38-x86_64-linux-gnu.so
[12.603s] -- Up-to-date: /home/mori/ros2_ws/install/person_msgs/lib/python3.8/site-packages/person_msgs/person_msgs_s__rosidl_typesupport_introspection_c.cpython-38-x86_64-linux-gnu.so
[12.604s] -- Up-to-date: /home/mori/ros2_ws/install/person_msgs/lib/python3.8/site-packages/person_msgs/person_msgs_s__rosidl_typesupport_c.cpython-38-x86_64-linux-gnu.so
[12.606s] -- Up-to-date: /home/mori/ros2_ws/install/person_msgs/lib/libperson_msgs__python.so
[12.606s] -- Installing: /home/mori/ros2_ws/install/person_msgs/share/person_msgs/msg/Person.idl
[12.606s] -- Installing: /home/mori/ros2_ws/install/person_msgs/share/person_msgs/msg/Person.msg
[12.606s] -- Up-to-date: /home/mori/ros2_ws/install/person_msgs/share/ament_index/resource_index/package_run_dependencies/person_msgs
[12.607s] -- Installing: /home/mori/ros2_ws/install/person_msgs/share/ament_index/resource_index/parent_prefix_path/person_msgs
[12.607s] -- Up-to-date: /home/mori/ros2_ws/install/person_msgs/share/person_msgs/environment/ament_prefix_path.sh
[12.607s] -- Installing: /home/mori/ros2_ws/install/person_msgs/share/person_msgs/environment/ament_prefix_path.dsv
[12.607s] -- Up-to-date: /home/mori/ros2_ws/install/person_msgs/share/person_msgs/environment/path.sh
[12.607s] -- Installing: /home/mori/ros2_ws/install/person_msgs/share/person_msgs/environment/path.dsv
[12.607s] -- Up-to-date: /home/mori/ros2_ws/install/person_msgs/share/person_msgs/local_setup.bash
[12.607s] -- Up-to-date: /home/mori/ros2_ws/install/person_msgs/share/person_msgs/local_setup.sh
[12.607s] -- Up-to-date: /home/mori/ros2_ws/install/person_msgs/share/person_msgs/local_setup.zsh
[12.607s] -- Installing: /home/mori/ros2_ws/install/person_msgs/share/person_msgs/local_setup.dsv
[12.607s] -- Installing: /home/mori/ros2_ws/install/person_msgs/share/person_msgs/package.dsv
[12.608s] -- Up-to-date: /home/mori/ros2_ws/install/person_msgs/share/ament_index/resource_index/packages/person_msgs
[12.608s] -- Up-to-date: /home/mori/ros2_ws/install/person_msgs/share/person_msgs/cmake/person_msgs__rosidl_generator_cExport.cmake
[12.608s] -- Installing: /home/mori/ros2_ws/install/person_msgs/share/person_msgs/cmake/person_msgs__rosidl_generator_cExport-noconfig.cmake
[12.609s] -- Up-to-date: /home/mori/ros2_ws/install/person_msgs/share/person_msgs/cmake/person_msgs__rosidl_typesupport_introspection_cExport.cmake
[12.609s] -- Installing: /home/mori/ros2_ws/install/person_msgs/share/person_msgs/cmake/person_msgs__rosidl_typesupport_introspection_cExport-noconfig.cmake
[12.609s] -- Up-to-date: /home/mori/ros2_ws/install/person_msgs/share/person_msgs/cmake/person_msgs__rosidl_typesupport_cExport.cmake
[12.609s] -- Installing: /home/mori/ros2_ws/install/person_msgs/share/person_msgs/cmake/person_msgs__rosidl_typesupport_cExport-noconfig.cmake
[12.610s] -- Up-to-date: /home/mori/ros2_ws/install/person_msgs/share/person_msgs/cmake/person_msgs__rosidl_generator_cppExport.cmake
[12.610s] -- Up-to-date: /home/mori/ros2_ws/install/person_msgs/share/person_msgs/cmake/person_msgs__rosidl_typesupport_introspection_cppExport.cmake
[12.610s] -- Installing: /home/mori/ros2_ws/install/person_msgs/share/person_msgs/cmake/person_msgs__rosidl_typesupport_introspection_cppExport-noconfig.cmake
[12.610s] -- Up-to-date: /home/mori/ros2_ws/install/person_msgs/share/person_msgs/cmake/person_msgs__rosidl_typesupport_cppExport.cmake
[12.611s] -- Installing: /home/mori/ros2_ws/install/person_msgs/share/person_msgs/cmake/person_msgs__rosidl_typesupport_cppExport-noconfig.cmake
[12.611s] -- Up-to-date: /home/mori/ros2_ws/install/person_msgs/share/person_msgs/cmake/rosidl_cmake-extras.cmake
[12.611s] -- Up-to-date: /home/mori/ros2_ws/install/person_msgs/share/person_msgs/cmake/ament_cmake_export_dependencies-extras.cmake
[12.611s] -- Up-to-date: /home/mori/ros2_ws/install/person_msgs/share/person_msgs/cmake/ament_cmake_export_libraries-extras.cmake
[12.611s] -- Up-to-date: /home/mori/ros2_ws/install/person_msgs/share/person_msgs/cmake/ament_cmake_export_targets-extras.cmake
[12.611s] -- Up-to-date: /home/mori/ros2_ws/install/person_msgs/share/person_msgs/cmake/ament_cmake_export_include_directories-extras.cmake
[12.611s] -- Up-to-date: /home/mori/ros2_ws/install/person_msgs/share/person_msgs/cmake/rosidl_cmake_export_typesupport_libraries-extras.cmake
[12.611s] -- Up-to-date: /home/mori/ros2_ws/install/person_msgs/share/person_msgs/cmake/rosidl_cmake_export_typesupport_targets-extras.cmake
[12.611s] -- Up-to-date: /home/mori/ros2_ws/install/person_msgs/share/person_msgs/cmake/person_msgsConfig.cmake
[12.611s] -- Up-to-date: /home/mori/ros2_ws/install/person_msgs/share/person_msgs/cmake/person_msgsConfig-version.cmake
[12.611s] -- Installing: /home/mori/ros2_ws/install/person_msgs/share/person_msgs/package.xml
[12.613s] Invoked command in '/home/mori/ros2_ws/build/person_msgs' returned '0': CMAKE_PREFIX_PATH=/opt/ros/foxy /usr/bin/cmake --install /home/mori/ros2_ws/build/person_msgs
