[0.558s] Invoking command in '/home/mori/ros2_ws/src/mypkg': PYTHONPATH=/home/mori/ros2_ws/build/mypkg/prefix_override:/usr/lib/python3/dist-packages/colcon_core/task/python/colcon_distutils_commands:/home/mori/ros2_ws/install/mypkg/lib/python3.8/site-packages:${PYTHONPATH} /usr/bin/python3 -W ignore:setup.py install is deprecated setup.py egg_info --egg-base ../../build/mypkg build --build-base /home/mori/ros2_ws/build/mypkg/build install --record /home/mori/ros2_ws/build/mypkg/install.log --install-scripts $base/lib/mypkg --single-version-externally-managed install_data
[0.699s] running egg_info
[0.699s] writing ../../build/mypkg/mypkg.egg-info/PKG-INFO
[0.700s] writing dependency_links to ../../build/mypkg/mypkg.egg-info/dependency_links.txt
[0.700s] writing entry points to ../../build/mypkg/mypkg.egg-info/entry_points.txt
[0.701s] writing requirements to ../../build/mypkg/mypkg.egg-info/requires.txt
[0.701s] writing top-level names to ../../build/mypkg/mypkg.egg-info/top_level.txt
[0.727s] reading manifest file '../../build/mypkg/mypkg.egg-info/SOURCES.txt'
[0.728s] writing manifest file '../../build/mypkg/mypkg.egg-info/SOURCES.txt'
[0.728s] running build
[0.728s] running build_py
[0.729s] copying mypkg/talker.py -> /home/mori/ros2_ws/build/mypkg/build/lib/mypkg
[0.730s] running install
[0.730s] running install_lib
[0.731s] copying /home/mori/ros2_ws/build/mypkg/build/lib/mypkg/talker.py -> /home/mori/ros2_ws/install/mypkg/lib/python3.8/site-packages/mypkg
[0.732s] byte-compiling /home/mori/ros2_ws/install/mypkg/lib/python3.8/site-packages/mypkg/talker.py to talker.cpython-38.pyc
[0.733s] running install_data
[0.734s] running install_egg_info
[0.735s] removing '/home/mori/ros2_ws/install/mypkg/lib/python3.8/site-packages/mypkg-0.0.0-py3.8.egg-info' (and everything under it)
[0.735s] Copying ../../build/mypkg/mypkg.egg-info to /home/mori/ros2_ws/install/mypkg/lib/python3.8/site-packages/mypkg-0.0.0-py3.8.egg-info
[0.737s] running install_scripts
[0.752s] Installing listener script to /home/mori/ros2_ws/install/mypkg/lib/mypkg
[0.753s] Installing talker script to /home/mori/ros2_ws/install/mypkg/lib/mypkg
[0.753s] writing list of installed files to '/home/mori/ros2_ws/build/mypkg/install.log'
[0.772s] Invoked command in '/home/mori/ros2_ws/src/mypkg' returned '0': PYTHONPATH=/home/mori/ros2_ws/build/mypkg/prefix_override:/usr/lib/python3/dist-packages/colcon_core/task/python/colcon_distutils_commands:/home/mori/ros2_ws/install/mypkg/lib/python3.8/site-packages:${PYTHONPATH} /usr/bin/python3 -W ignore:setup.py install is deprecated setup.py egg_info --egg-base ../../build/mypkg build --build-base /home/mori/ros2_ws/build/mypkg/build install --record /home/mori/ros2_ws/build/mypkg/install.log --install-scripts $base/lib/mypkg --single-version-externally-managed install_data
