[0.432s] Invoking command in '/home/mori/ros2_ws/src/mypkg': PYTHONPATH=/home/mori/ros2_ws/build/mypkg/prefix_override:/usr/lib/python3/dist-packages/colcon_core/task/python/colcon_distutils_commands:/home/mori/ros2_ws/install/mypkg/lib/python3.8/site-packages:${PYTHONPATH} /usr/bin/python3 -W ignore:setup.py install is deprecated setup.py egg_info --egg-base ../../build/mypkg build --build-base /home/mori/ros2_ws/build/mypkg/build install --record /home/mori/ros2_ws/build/mypkg/install.log --install-scripts $base/lib/mypkg --single-version-externally-managed install_data
[0.571s] running egg_info
[0.571s] writing ../../build/mypkg/mypkg.egg-info/PKG-INFO
[0.571s] writing dependency_links to ../../build/mypkg/mypkg.egg-info/dependency_links.txt
[0.572s] writing entry points to ../../build/mypkg/mypkg.egg-info/entry_points.txt
[0.572s] writing requirements to ../../build/mypkg/mypkg.egg-info/requires.txt
[0.572s] writing top-level names to ../../build/mypkg/mypkg.egg-info/top_level.txt
[0.598s] reading manifest file '../../build/mypkg/mypkg.egg-info/SOURCES.txt'
[0.599s] writing manifest file '../../build/mypkg/mypkg.egg-info/SOURCES.txt'
[0.599s] running build
[0.599s] running build_py
[0.599s] running install
[0.600s] running install_lib
[0.601s] running install_data
[0.601s] running install_egg_info
[0.603s] removing '/home/mori/ros2_ws/install/mypkg/lib/python3.8/site-packages/mypkg-0.0.0-py3.8.egg-info' (and everything under it)
[0.604s] Copying ../../build/mypkg/mypkg.egg-info to /home/mori/ros2_ws/install/mypkg/lib/python3.8/site-packages/mypkg-0.0.0-py3.8.egg-info
[0.604s] running install_scripts
[0.619s] Installing listener script to /home/mori/ros2_ws/install/mypkg/lib/mypkg
[0.619s] Installing talker script to /home/mori/ros2_ws/install/mypkg/lib/mypkg
[0.619s] writing list of installed files to '/home/mori/ros2_ws/build/mypkg/install.log'
[0.648s] Invoked command in '/home/mori/ros2_ws/src/mypkg' returned '0': PYTHONPATH=/home/mori/ros2_ws/build/mypkg/prefix_override:/usr/lib/python3/dist-packages/colcon_core/task/python/colcon_distutils_commands:/home/mori/ros2_ws/install/mypkg/lib/python3.8/site-packages:${PYTHONPATH} /usr/bin/python3 -W ignore:setup.py install is deprecated setup.py egg_info --egg-base ../../build/mypkg build --build-base /home/mori/ros2_ws/build/mypkg/build install --record /home/mori/ros2_ws/build/mypkg/install.log --install-scripts $base/lib/mypkg --single-version-externally-managed install_data
