[0.445s] Invoking command in '/home/mori/ros2_ws/src/mypkg': PYTHONPATH=/home/mori/ros2_ws/build/mypkg/prefix_override:/usr/lib/python3/dist-packages/colcon_core/task/python/colcon_distutils_commands:/home/mori/ros2_ws/install/mypkg/lib/python3.8/site-packages:${PYTHONPATH} /usr/bin/python3 -W ignore:setup.py install is deprecated setup.py egg_info --egg-base ../../build/mypkg build --build-base /home/mori/ros2_ws/build/mypkg/build install --record /home/mori/ros2_ws/build/mypkg/install.log --install-scripts $base/lib/mypkg --single-version-externally-managed install_data
[0.566s] running egg_info
[0.566s] writing ../../build/mypkg/mypkg.egg-info/PKG-INFO
[0.567s] writing dependency_links to ../../build/mypkg/mypkg.egg-info/dependency_links.txt
[0.567s] writing entry points to ../../build/mypkg/mypkg.egg-info/entry_points.txt
[0.567s] writing requirements to ../../build/mypkg/mypkg.egg-info/requires.txt
[0.567s] writing top-level names to ../../build/mypkg/mypkg.egg-info/top_level.txt
[0.591s] reading manifest file '../../build/mypkg/mypkg.egg-info/SOURCES.txt'
[0.592s] writing manifest file '../../build/mypkg/mypkg.egg-info/SOURCES.txt'
[0.592s] running build
[0.592s] running build_py
[0.592s] copying mypkg/listener.py -> /home/mori/ros2_ws/build/mypkg/build/lib/mypkg
[0.592s] running install
[0.593s] running install_lib
[0.593s] copying /home/mori/ros2_ws/build/mypkg/build/lib/mypkg/listener.py -> /home/mori/ros2_ws/install/mypkg/lib/python3.8/site-packages/mypkg
[0.594s] byte-compiling /home/mori/ros2_ws/install/mypkg/lib/python3.8/site-packages/mypkg/listener.py to listener.cpython-38.pyc
[0.594s] running install_data
[0.595s] Sorry: IndentationError: unexpected indent (listener.py, line 1)
[0.595s] running install_egg_info
[0.596s] removing '/home/mori/ros2_ws/install/mypkg/lib/python3.8/site-packages/mypkg-0.0.0-py3.8.egg-info' (and everything under it)
[0.596s] Copying ../../build/mypkg/mypkg.egg-info to /home/mori/ros2_ws/install/mypkg/lib/python3.8/site-packages/mypkg-0.0.0-py3.8.egg-info
[0.597s] running install_scripts
[0.610s] Installing talker script to /home/mori/ros2_ws/install/mypkg/lib/mypkg
[0.610s] writing list of installed files to '/home/mori/ros2_ws/build/mypkg/install.log'
[0.627s] Invoked command in '/home/mori/ros2_ws/src/mypkg' returned '0': PYTHONPATH=/home/mori/ros2_ws/build/mypkg/prefix_override:/usr/lib/python3/dist-packages/colcon_core/task/python/colcon_distutils_commands:/home/mori/ros2_ws/install/mypkg/lib/python3.8/site-packages:${PYTHONPATH} /usr/bin/python3 -W ignore:setup.py install is deprecated setup.py egg_info --egg-base ../../build/mypkg build --build-base /home/mori/ros2_ws/build/mypkg/build install --record /home/mori/ros2_ws/build/mypkg/install.log --install-scripts $base/lib/mypkg --single-version-externally-managed install_data
