[0.149s] Invoking command in '/home/mori/ros2_ws/build/person_msgs': CMAKE_PREFIX_PATH=/opt/ros/foxy /usr/bin/cmake --build /home/mori/ros2_ws/build/person_msgs -- -j20 -l20
[0.230s] -- Found ament_cmake: 0.9.12 (/opt/ros/foxy/share/ament_cmake/cmake)
[0.247s] -- Found PythonInterp: /usr/bin/python3 (found suitable version "3.8.10", minimum required is "3") 
[0.247s] -- Using PYTHON_EXECUTABLE: /usr/bin/python3
[0.451s] -- Found rosidl_default_generators: 1.0.1 (/opt/ros/foxy/share/rosidl_default_generators/cmake)
[0.455s] -- Using all available rosidl_typesupport_c: rosidl_typesupport_fastrtps_c;rosidl_typesupport_introspection_c
[0.460s] -- Found rosidl_adapter: 1.3.1 (/opt/ros/foxy/share/rosidl_adapter/cmake)
[5.580s] -- Using all available rosidl_typesupport_cpp: rosidl_typesupport_fastrtps_cpp;rosidl_typesupport_introspection_cpp
[5.611s] -- Found PythonInterp: /usr/bin/python3 (found version "3.8.10") 
[5.690s] -- Found ament_cmake_ros: 0.9.2 (/opt/ros/foxy/share/ament_cmake_ros/cmake)
[10.071s] -- Using all available rosidl_typesupport_c: rosidl_typesupport_fastrtps_c;rosidl_typesupport_introspection_c
[10.076s] -- Using all available rosidl_typesupport_cpp: rosidl_typesupport_fastrtps_cpp;rosidl_typesupport_introspection_cpp
[10.090s] -- Found PythonInterp: /usr/bin/python3 (found suitable version "3.8.10", minimum required is "3.5") 
[10.091s] -- Found python_cmake_module: 0.8.1 (/opt/ros/foxy/share/python_cmake_module/cmake)
[10.106s] -- Using PYTHON_EXECUTABLE: /usr/bin/python3
[10.106s] -- Using PYTHON_INCLUDE_DIRS: /usr/include/python3.8
[10.106s] -- Using PYTHON_LIBRARIES: /usr/lib/x86_64-linux-gnu/libpython3.8.so
[10.114s] -- Found ament_lint_auto: 0.9.8 (/opt/ros/foxy/share/ament_lint_auto/cmake)
[10.131s] -- Added test 'copyright' to check source files copyright and LICENSE
[10.133s] -- Added test 'lint_cmake' to check CMake code style
[10.133s] -- Added test 'xmllint' to check XML markup files
[10.137s] -- Configuring done
[10.163s] -- Generating done
[10.164s] -- Build files have been written to: /home/mori/ros2_ws/build/person_msgs
[10.197s] [  3%] Built target person_msgs__cpp
[10.197s] [ 12%] Built target person_msgs__rosidl_generator_c
[10.212s] [ 32%] Built target person_msgs__rosidl_typesupport_cpp
[10.212s] [ 29%] Built target person_msgs__rosidl_typesupport_introspection_cpp
[10.213s] [ 41%] Built target person_msgs__rosidl_typesupport_fastrtps_cpp
[10.227s] [ 61%] Built target person_msgs__rosidl_typesupport_c
[10.228s] [ 61%] Built target person_msgs__rosidl_typesupport_introspection_c
[10.231s] [ 70%] Built target person_msgs__rosidl_typesupport_fastrtps_c
[10.245s] [ 70%] Built target person_msgs
[10.258s] [ 74%] Built target person_msgs__py
[10.276s] [ 80%] Built target person_msgs__python
[10.294s] [ 93%] Built target person_msgs__rosidl_typesupport_fastrtps_c__pyext
[10.294s] [ 90%] Built target person_msgs__rosidl_typesupport_c__pyext
[10.296s] [100%] Built target person_msgs__rosidl_typesupport_introspection_c__pyext
[10.305s] Invoked command in '/home/mori/ros2_ws/build/person_msgs' returned '0': CMAKE_PREFIX_PATH=/opt/ros/foxy /usr/bin/cmake --build /home/mori/ros2_ws/build/person_msgs -- -j20 -l20
[10.341s] Invoking command in '/home/mori/ros2_ws/build/person_msgs': CMAKE_PREFIX_PATH=/opt/ros/foxy /usr/bin/cmake --install /home/mori/ros2_ws/build/person_msgs
[10.345s] -- Install configuration: ""
[10.345s] -- Up-to-date: /home/mori/ros2_ws/install/person_msgs/share/ament_index/resource_index/rosidl_interfaces/person_msgs
[10.345s] -- Up-to-date: /home/mori/ros2_ws/install/person_msgs/include/person_msgs
[10.346s] -- Up-to-date: /home/mori/ros2_ws/install/person_msgs/include/person_msgs/msg
[10.346s] -- Up-to-date: /home/mori/ros2_ws/install/person_msgs/include/person_msgs/msg/person.h
[10.346s] -- Up-to-date: /home/mori/ros2_ws/install/person_msgs/include/person_msgs/msg/rosidl_generator_c__visibility_control.h
[10.347s] -- Up-to-date: /home/mori/ros2_ws/install/person_msgs/include/person_msgs/msg/detail
[10.347s] -- Up-to-date: /home/mori/ros2_ws/install/person_msgs/include/person_msgs/msg/detail/person__functions.h
[10.347s] -- Up-to-date: /home/mori/ros2_ws/install/person_msgs/include/person_msgs/msg/detail/person__functions.c
[10.347s] -- Up-to-date: /home/mori/ros2_ws/install/person_msgs/include/person_msgs/msg/detail/person__type_support.h
[10.347s] -- Up-to-date: /home/mori/ros2_ws/install/person_msgs/include/person_msgs/msg/detail/person__struct.h
[10.347s] -- Up-to-date: /home/mori/ros2_ws/install/person_msgs/share/person_msgs/environment/library_path.sh
[10.347s] -- Installing: /home/mori/ros2_ws/install/person_msgs/share/person_msgs/environment/library_path.dsv
[10.347s] -- Up-to-date: /home/mori/ros2_ws/install/person_msgs/lib/libperson_msgs__rosidl_generator_c.so
[10.347s] -- Up-to-date: /home/mori/ros2_ws/install/person_msgs/include/person_msgs
[10.347s] -- Up-to-date: /home/mori/ros2_ws/install/person_msgs/include/person_msgs/msg
[10.347s] -- Up-to-date: /home/mori/ros2_ws/install/person_msgs/include/person_msgs/msg/rosidl_typesupport_fastrtps_c__visibility_control.h
[10.348s] -- Up-to-date: /home/mori/ros2_ws/install/person_msgs/include/person_msgs/msg/detail
[10.348s] -- Up-to-date: /home/mori/ros2_ws/install/person_msgs/include/person_msgs/msg/detail/person__rosidl_typesupport_fastrtps_c.h
[10.348s] -- Up-to-date: /home/mori/ros2_ws/install/person_msgs/lib/libperson_msgs__rosidl_typesupport_fastrtps_c.so
[10.348s] -- Up-to-date: /home/mori/ros2_ws/install/person_msgs/include/person_msgs
[10.348s] -- Up-to-date: /home/mori/ros2_ws/install/person_msgs/include/person_msgs/msg
[10.348s] -- Up-to-date: /home/mori/ros2_ws/install/person_msgs/include/person_msgs/msg/rosidl_typesupport_fastrtps_cpp__visibility_control.h
[10.348s] -- Up-to-date: /home/mori/ros2_ws/install/person_msgs/include/person_msgs/msg/detail
[10.348s] -- Up-to-date: /home/mori/ros2_ws/install/person_msgs/include/person_msgs/msg/detail/dds_fastrtps
[10.348s] -- Up-to-date: /home/mori/ros2_ws/install/person_msgs/include/person_msgs/msg/detail/person__rosidl_typesupport_fastrtps_cpp.hpp
[10.348s] -- Up-to-date: /home/mori/ros2_ws/install/person_msgs/lib/libperson_msgs__rosidl_typesupport_fastrtps_cpp.so
[10.349s] -- Up-to-date: /home/mori/ros2_ws/install/person_msgs/include/person_msgs
[10.349s] -- Up-to-date: /home/mori/ros2_ws/install/person_msgs/include/person_msgs/msg
[10.349s] -- Up-to-date: /home/mori/ros2_ws/install/person_msgs/include/person_msgs/msg/detail
[10.349s] -- Up-to-date: /home/mori/ros2_ws/install/person_msgs/include/person_msgs/msg/detail/person__type_support.c
[10.349s] -- Up-to-date: /home/mori/ros2_ws/install/person_msgs/include/person_msgs/msg/detail/person__rosidl_typesupport_introspection_c.h
[10.349s] -- Up-to-date: /home/mori/ros2_ws/install/person_msgs/include/person_msgs/msg/rosidl_typesupport_introspection_c__visibility_control.h
[10.349s] -- Up-to-date: /home/mori/ros2_ws/install/person_msgs/lib/libperson_msgs__rosidl_typesupport_introspection_c.so
[10.349s] -- Up-to-date: /home/mori/ros2_ws/install/person_msgs/lib/libperson_msgs__rosidl_typesupport_c.so
[10.349s] -- Up-to-date: /home/mori/ros2_ws/install/person_msgs/include/person_msgs
[10.349s] -- Up-to-date: /home/mori/ros2_ws/install/person_msgs/include/person_msgs/msg
[10.350s] -- Up-to-date: /home/mori/ros2_ws/install/person_msgs/include/person_msgs/msg/person.hpp
[10.350s] -- Up-to-date: /home/mori/ros2_ws/install/person_msgs/include/person_msgs/msg/rosidl_generator_cpp__visibility_control.hpp
[10.350s] -- Up-to-date: /home/mori/ros2_ws/install/person_msgs/include/person_msgs/msg/detail
[10.350s] -- Up-to-date: /home/mori/ros2_ws/install/person_msgs/include/person_msgs/msg/detail/person__struct.hpp
[10.350s] -- Up-to-date: /home/mori/ros2_ws/install/person_msgs/include/person_msgs/msg/detail/person__type_support.hpp
[10.350s] -- Up-to-date: /home/mori/ros2_ws/install/person_msgs/include/person_msgs/msg/detail/person__traits.hpp
[10.350s] -- Up-to-date: /home/mori/ros2_ws/install/person_msgs/include/person_msgs/msg/detail/person__builder.hpp
[10.350s] -- Up-to-date: /home/mori/ros2_ws/install/person_msgs/include/person_msgs
[10.350s] -- Up-to-date: /home/mori/ros2_ws/install/person_msgs/include/person_msgs/msg
[10.350s] -- Up-to-date: /home/mori/ros2_ws/install/person_msgs/include/person_msgs/msg/detail
[10.350s] -- Up-to-date: /home/mori/ros2_ws/install/person_msgs/include/person_msgs/msg/detail/person__rosidl_typesupport_introspection_cpp.hpp
[10.350s] -- Up-to-date: /home/mori/ros2_ws/install/person_msgs/include/person_msgs/msg/detail/person__type_support.cpp
[10.350s] -- Up-to-date: /home/mori/ros2_ws/install/person_msgs/lib/libperson_msgs__rosidl_typesupport_introspection_cpp.so
[10.350s] -- Up-to-date: /home/mori/ros2_ws/install/person_msgs/lib/libperson_msgs__rosidl_typesupport_cpp.so
[10.351s] -- Up-to-date: /home/mori/ros2_ws/install/person_msgs/share/person_msgs/environment/pythonpath.sh
[10.351s] -- Installing: /home/mori/ros2_ws/install/person_msgs/share/person_msgs/environment/pythonpath.dsv
[10.351s] -- Installing: /home/mori/ros2_ws/install/person_msgs/lib/python3.8/site-packages/person_msgs/__init__.py
[10.370s] Compiling '/home/mori/ros2_ws/install/person_msgs/lib/python3.8/site-packages/person_msgs/__init__.py'...
[10.372s] -- Up-to-date: /home/mori/ros2_ws/install/person_msgs/lib/python3.8/site-packages/person_msgs/msg
[10.373s] -- Up-to-date: /home/mori/ros2_ws/install/person_msgs/lib/python3.8/site-packages/person_msgs/msg/_person_s.c
[10.373s] -- Up-to-date: /home/mori/ros2_ws/install/person_msgs/lib/python3.8/site-packages/person_msgs/msg/_person.py
[10.373s] -- Up-to-date: /home/mori/ros2_ws/install/person_msgs/lib/python3.8/site-packages/person_msgs/msg/__init__.py
[10.373s] -- Up-to-date: /home/mori/ros2_ws/install/person_msgs/lib/python3.8/site-packages/person_msgs/person_msgs_s__rosidl_typesupport_fastrtps_c.cpython-38-x86_64-linux-gnu.so
[10.374s] -- Up-to-date: /home/mori/ros2_ws/install/person_msgs/lib/python3.8/site-packages/person_msgs/person_msgs_s__rosidl_typesupport_introspection_c.cpython-38-x86_64-linux-gnu.so
[10.374s] -- Up-to-date: /home/mori/ros2_ws/install/person_msgs/lib/python3.8/site-packages/person_msgs/person_msgs_s__rosidl_typesupport_c.cpython-38-x86_64-linux-gnu.so
[10.375s] -- Up-to-date: /home/mori/ros2_ws/install/person_msgs/lib/libperson_msgs__python.so
[10.375s] -- Up-to-date: /home/mori/ros2_ws/install/person_msgs/share/person_msgs/msg/Person.idl
[10.375s] -- Up-to-date: /home/mori/ros2_ws/install/person_msgs/share/person_msgs/msg/Person.msg
[10.375s] CMake Error at cmake_install.cmake:362 (file):
[10.375s]   file INSTALL cannot find "/home/mori/ros2_ws/src/person_msgs/launch": No
[10.375s]   such file or directory.
[10.375s] 
[10.375s] 
[10.376s] Invoked command in '/home/mori/ros2_ws/build/person_msgs' returned '1': CMAKE_PREFIX_PATH=/opt/ros/foxy /usr/bin/cmake --install /home/mori/ros2_ws/build/person_msgs
