[0.743s] Invoking command in '/home/mori/ros2_ws/src/mypkg': PYTHONPATH=/home/mori/ros2_ws/build/mypkg/prefix_override:/usr/lib/python3/dist-packages/colcon_core/task/python/colcon_distutils_commands:/home/mori/ros2_ws/install/mypkg/lib/python3.8/site-packages:/home/mori/ros2_ws/install/person_msgs/lib/python3.8/site-packages:/home/mori/ros2_ws/install/mypkg/lib/python3.8/site-packages:/opt/ros/foxy/lib/python3.8/site-packages /usr/bin/python3 -W ignore:setup.py install is deprecated setup.py egg_info --egg-base ../../build/mypkg build --build-base /home/mori/ros2_ws/build/mypkg/build install --record /home/mori/ros2_ws/build/mypkg/install.log --install-scripts $base/lib/mypkg --single-version-externally-managed install_data
[0.845s] running egg_info
[0.846s] writing ../../build/mypkg/mypkg.egg-info/PKG-INFO
[0.846s] writing dependency_links to ../../build/mypkg/mypkg.egg-info/dependency_links.txt
[0.846s] writing entry points to ../../build/mypkg/mypkg.egg-info/entry_points.txt
[0.846s] writing requirements to ../../build/mypkg/mypkg.egg-info/requires.txt
[0.846s] writing top-level names to ../../build/mypkg/mypkg.egg-info/top_level.txt
[0.865s] reading manifest file '../../build/mypkg/mypkg.egg-info/SOURCES.txt'
[0.865s] writing manifest file '../../build/mypkg/mypkg.egg-info/SOURCES.txt'
[0.865s] running build
[0.865s] running build_py
[0.866s] running install
[0.866s] running install_lib
[0.867s] running install_data
[0.867s] running install_egg_info
[0.868s] removing '/home/mori/ros2_ws/install/mypkg/lib/python3.8/site-packages/mypkg-0.0.0-py3.8.egg-info' (and everything under it)
[0.868s] Copying ../../build/mypkg/mypkg.egg-info to /home/mori/ros2_ws/install/mypkg/lib/python3.8/site-packages/mypkg-0.0.0-py3.8.egg-info
[0.869s] running install_scripts
[0.881s] Installing listener script to /home/mori/ros2_ws/install/mypkg/lib/mypkg
[0.882s] Installing talker script to /home/mori/ros2_ws/install/mypkg/lib/mypkg
[0.882s] writing list of installed files to '/home/mori/ros2_ws/build/mypkg/install.log'
[0.897s] Invoked command in '/home/mori/ros2_ws/src/mypkg' returned '0': PYTHONPATH=/home/mori/ros2_ws/build/mypkg/prefix_override:/usr/lib/python3/dist-packages/colcon_core/task/python/colcon_distutils_commands:/home/mori/ros2_ws/install/mypkg/lib/python3.8/site-packages:/home/mori/ros2_ws/install/person_msgs/lib/python3.8/site-packages:/home/mori/ros2_ws/install/mypkg/lib/python3.8/site-packages:/opt/ros/foxy/lib/python3.8/site-packages /usr/bin/python3 -W ignore:setup.py install is deprecated setup.py egg_info --egg-base ../../build/mypkg build --build-base /home/mori/ros2_ws/build/mypkg/build install --record /home/mori/ros2_ws/build/mypkg/install.log --install-scripts $base/lib/mypkg --single-version-externally-managed install_data
