[0.149s] Invoking command in '/home/mori/ros2_ws/build/person_msgs': CMAKE_PREFIX_PATH=${CMAKE_PREFIX_PATH}:/home/mori/ros2_ws/install/mypkg:/opt/ros/foxy /usr/bin/cmake --build /home/mori/ros2_ws/build/person_msgs -- -j20 -l20
[0.196s] [  3%] Built target person_msgs__cpp
[0.196s] [ 12%] Built target person_msgs__rosidl_generator_c
[0.215s] [ 22%] Built target person_msgs__rosidl_typesupport_introspection_c
[0.215s] [ 32%] Built target person_msgs__rosidl_typesupport_c
[0.217s] [ 41%] Built target person_msgs__rosidl_typesupport_introspection_cpp
[0.217s] [ 51%] Built target person_msgs__rosidl_typesupport_cpp
[0.219s] [ 61%] Built target person_msgs__rosidl_typesupport_fastrtps_cpp
[0.240s] [ 70%] Built target person_msgs__rosidl_typesupport_fastrtps_c
[0.260s] [ 70%] Built target person_msgs
[0.278s] [ 74%] Built target person_msgs__py
[0.302s] [ 80%] Built target person_msgs__python
[0.323s] [ 93%] Built target person_msgs__rosidl_typesupport_fastrtps_c__pyext
[0.323s] [ 93%] Built target person_msgs__rosidl_typesupport_c__pyext
[0.324s] [100%] Built target person_msgs__rosidl_typesupport_introspection_c__pyext
[0.335s] Invoked command in '/home/mori/ros2_ws/build/person_msgs' returned '0': CMAKE_PREFIX_PATH=${CMAKE_PREFIX_PATH}:/home/mori/ros2_ws/install/mypkg:/opt/ros/foxy /usr/bin/cmake --build /home/mori/ros2_ws/build/person_msgs -- -j20 -l20
[0.386s] Invoking command in '/home/mori/ros2_ws/build/person_msgs': CMAKE_PREFIX_PATH=${CMAKE_PREFIX_PATH}:/home/mori/ros2_ws/install/mypkg:/opt/ros/foxy /usr/bin/cmake --install /home/mori/ros2_ws/build/person_msgs
[0.394s] -- Install configuration: ""
[0.394s] -- Up-to-date: /home/mori/ros2_ws/install/person_msgs/share/ament_index/resource_index/rosidl_interfaces/person_msgs
[0.394s] -- Up-to-date: /home/mori/ros2_ws/install/person_msgs/include/person_msgs
[0.394s] -- Up-to-date: /home/mori/ros2_ws/install/person_msgs/include/person_msgs/msg
[0.394s] -- Up-to-date: /home/mori/ros2_ws/install/person_msgs/include/person_msgs/msg/person.h
[0.394s] -- Up-to-date: /home/mori/ros2_ws/install/person_msgs/include/person_msgs/msg/rosidl_generator_c__visibility_control.h
[0.394s] -- Up-to-date: /home/mori/ros2_ws/install/person_msgs/include/person_msgs/msg/detail
[0.394s] -- Up-to-date: /home/mori/ros2_ws/install/person_msgs/include/person_msgs/msg/detail/person__functions.h
[0.395s] -- Up-to-date: /home/mori/ros2_ws/install/person_msgs/include/person_msgs/msg/detail/person__functions.c
[0.395s] -- Up-to-date: /home/mori/ros2_ws/install/person_msgs/include/person_msgs/msg/detail/person__type_support.h
[0.395s] -- Up-to-date: /home/mori/ros2_ws/install/person_msgs/include/person_msgs/msg/detail/person__struct.h
[0.395s] -- Up-to-date: /home/mori/ros2_ws/install/person_msgs/share/person_msgs/environment/library_path.sh
[0.395s] -- Up-to-date: /home/mori/ros2_ws/install/person_msgs/share/person_msgs/environment/library_path.dsv
[0.395s] -- Up-to-date: /home/mori/ros2_ws/install/person_msgs/lib/libperson_msgs__rosidl_generator_c.so
[0.396s] -- Up-to-date: /home/mori/ros2_ws/install/person_msgs/include/person_msgs
[0.396s] -- Up-to-date: /home/mori/ros2_ws/install/person_msgs/include/person_msgs/msg
[0.396s] -- Up-to-date: /home/mori/ros2_ws/install/person_msgs/include/person_msgs/msg/rosidl_typesupport_fastrtps_c__visibility_control.h
[0.396s] -- Up-to-date: /home/mori/ros2_ws/install/person_msgs/include/person_msgs/msg/detail
[0.396s] -- Up-to-date: /home/mori/ros2_ws/install/person_msgs/include/person_msgs/msg/detail/person__rosidl_typesupport_fastrtps_c.h
[0.396s] -- Up-to-date: /home/mori/ros2_ws/install/person_msgs/lib/libperson_msgs__rosidl_typesupport_fastrtps_c.so
[0.396s] -- Up-to-date: /home/mori/ros2_ws/install/person_msgs/include/person_msgs
[0.396s] -- Up-to-date: /home/mori/ros2_ws/install/person_msgs/include/person_msgs/msg
[0.396s] -- Up-to-date: /home/mori/ros2_ws/install/person_msgs/include/person_msgs/msg/rosidl_typesupport_fastrtps_cpp__visibility_control.h
[0.396s] -- Up-to-date: /home/mori/ros2_ws/install/person_msgs/include/person_msgs/msg/detail
[0.397s] -- Up-to-date: /home/mori/ros2_ws/install/person_msgs/include/person_msgs/msg/detail/dds_fastrtps
[0.397s] -- Up-to-date: /home/mori/ros2_ws/install/person_msgs/include/person_msgs/msg/detail/person__rosidl_typesupport_fastrtps_cpp.hpp
[0.397s] -- Up-to-date: /home/mori/ros2_ws/install/person_msgs/lib/libperson_msgs__rosidl_typesupport_fastrtps_cpp.so
[0.397s] -- Up-to-date: /home/mori/ros2_ws/install/person_msgs/include/person_msgs
[0.397s] -- Up-to-date: /home/mori/ros2_ws/install/person_msgs/include/person_msgs/msg
[0.397s] -- Up-to-date: /home/mori/ros2_ws/install/person_msgs/include/person_msgs/msg/detail
[0.397s] -- Up-to-date: /home/mori/ros2_ws/install/person_msgs/include/person_msgs/msg/detail/person__type_support.c
[0.397s] -- Up-to-date: /home/mori/ros2_ws/install/person_msgs/include/person_msgs/msg/detail/person__rosidl_typesupport_introspection_c.h
[0.397s] -- Up-to-date: /home/mori/ros2_ws/install/person_msgs/include/person_msgs/msg/rosidl_typesupport_introspection_c__visibility_control.h
[0.397s] -- Up-to-date: /home/mori/ros2_ws/install/person_msgs/lib/libperson_msgs__rosidl_typesupport_introspection_c.so
[0.398s] -- Up-to-date: /home/mori/ros2_ws/install/person_msgs/lib/libperson_msgs__rosidl_typesupport_c.so
[0.398s] -- Up-to-date: /home/mori/ros2_ws/install/person_msgs/include/person_msgs
[0.398s] -- Up-to-date: /home/mori/ros2_ws/install/person_msgs/include/person_msgs/msg
[0.398s] -- Up-to-date: /home/mori/ros2_ws/install/person_msgs/include/person_msgs/msg/person.hpp
[0.398s] -- Up-to-date: /home/mori/ros2_ws/install/person_msgs/include/person_msgs/msg/rosidl_generator_cpp__visibility_control.hpp
[0.398s] -- Up-to-date: /home/mori/ros2_ws/install/person_msgs/include/person_msgs/msg/detail
[0.398s] -- Up-to-date: /home/mori/ros2_ws/install/person_msgs/include/person_msgs/msg/detail/person__struct.hpp
[0.398s] -- Up-to-date: /home/mori/ros2_ws/install/person_msgs/include/person_msgs/msg/detail/person__type_support.hpp
[0.399s] -- Up-to-date: /home/mori/ros2_ws/install/person_msgs/include/person_msgs/msg/detail/person__traits.hpp
[0.399s] -- Up-to-date: /home/mori/ros2_ws/install/person_msgs/include/person_msgs/msg/detail/person__builder.hpp
[0.399s] -- Up-to-date: /home/mori/ros2_ws/install/person_msgs/include/person_msgs
[0.399s] -- Up-to-date: /home/mori/ros2_ws/install/person_msgs/include/person_msgs/msg
[0.399s] -- Up-to-date: /home/mori/ros2_ws/install/person_msgs/include/person_msgs/msg/detail
[0.399s] -- Up-to-date: /home/mori/ros2_ws/install/person_msgs/include/person_msgs/msg/detail/person__rosidl_typesupport_introspection_cpp.hpp
[0.399s] -- Up-to-date: /home/mori/ros2_ws/install/person_msgs/include/person_msgs/msg/detail/person__type_support.cpp
[0.399s] -- Up-to-date: /home/mori/ros2_ws/install/person_msgs/lib/libperson_msgs__rosidl_typesupport_introspection_cpp.so
[0.399s] -- Up-to-date: /home/mori/ros2_ws/install/person_msgs/lib/libperson_msgs__rosidl_typesupport_cpp.so
[0.399s] -- Up-to-date: /home/mori/ros2_ws/install/person_msgs/share/person_msgs/environment/pythonpath.sh
[0.399s] -- Up-to-date: /home/mori/ros2_ws/install/person_msgs/share/person_msgs/environment/pythonpath.dsv
[0.399s] -- Up-to-date: /home/mori/ros2_ws/install/person_msgs/lib/python3.8/site-packages/person_msgs/__init__.py
[0.424s] -- Up-to-date: /home/mori/ros2_ws/install/person_msgs/lib/python3.8/site-packages/person_msgs/msg
[0.424s] -- Up-to-date: /home/mori/ros2_ws/install/person_msgs/lib/python3.8/site-packages/person_msgs/msg/_person_s.c
[0.424s] -- Up-to-date: /home/mori/ros2_ws/install/person_msgs/lib/python3.8/site-packages/person_msgs/msg/_person.py
[0.424s] -- Up-to-date: /home/mori/ros2_ws/install/person_msgs/lib/python3.8/site-packages/person_msgs/msg/__init__.py
[0.424s] -- Up-to-date: /home/mori/ros2_ws/install/person_msgs/lib/python3.8/site-packages/person_msgs/person_msgs_s__rosidl_typesupport_fastrtps_c.cpython-38-x86_64-linux-gnu.so
[0.424s] -- Up-to-date: /home/mori/ros2_ws/install/person_msgs/lib/python3.8/site-packages/person_msgs/person_msgs_s__rosidl_typesupport_introspection_c.cpython-38-x86_64-linux-gnu.so
[0.425s] -- Up-to-date: /home/mori/ros2_ws/install/person_msgs/lib/python3.8/site-packages/person_msgs/person_msgs_s__rosidl_typesupport_c.cpython-38-x86_64-linux-gnu.so
[0.425s] -- Up-to-date: /home/mori/ros2_ws/install/person_msgs/lib/libperson_msgs__python.so
[0.425s] -- Up-to-date: /home/mori/ros2_ws/install/person_msgs/share/person_msgs/msg/Person.idl
[0.425s] -- Up-to-date: /home/mori/ros2_ws/install/person_msgs/share/person_msgs/msg/Person.msg
[0.425s] CMake Error at cmake_install.cmake:362 (file):
[0.425s]   file INSTALL cannot find "/home/mori/ros2_ws/src/person_msgs/launch": No
[0.425s]   such file or directory.
[0.425s] 
[0.425s] 
[0.427s] Invoked command in '/home/mori/ros2_ws/build/person_msgs' returned '1': CMAKE_PREFIX_PATH=${CMAKE_PREFIX_PATH}:/home/mori/ros2_ws/install/mypkg:/opt/ros/foxy /usr/bin/cmake --install /home/mori/ros2_ws/build/person_msgs
