[0.403s] Invoking command in '/home/mori/ros2_ws/build/mypkg': PYTHONPATH=/home/mori/ros2_ws/build/mypkg/prefix_override:/usr/lib/python3/dist-packages/colcon_core/task/python/colcon_distutils_commands:/home/mori/ros2_ws/install/mypkg/lib/python3.8/site-packages:${PYTHONPATH} /usr/bin/python3 -W ignore:setup.py install is deprecated setup.py develop --editable --build-directory /home/mori/ros2_ws/build/mypkg/build --no-deps symlink_data --force
[0.528s] running develop
[0.589s] running egg_info
[0.589s] writing mypkg.egg-info/PKG-INFO
[0.590s] writing dependency_links to mypkg.egg-info/dependency_links.txt
[0.590s] writing entry points to mypkg.egg-info/entry_points.txt
[0.590s] writing requirements to mypkg.egg-info/requires.txt
[0.590s] writing top-level names to mypkg.egg-info/top_level.txt
[0.612s] reading manifest file 'mypkg.egg-info/SOURCES.txt'
[0.613s] writing manifest file 'mypkg.egg-info/SOURCES.txt'
[0.635s] running build_ext
[0.636s] Creating /home/mori/ros2_ws/install/mypkg/lib/python3.8/site-packages/site.py
[0.637s] Creating /home/mori/ros2_ws/install/mypkg/lib/python3.8/site-packages/mypkg.egg-link (link to .)
[0.638s] Installing listener script to /home/mori/ros2_ws/install/mypkg/lib/mypkg
[0.638s] Installing talker script to /home/mori/ros2_ws/install/mypkg/lib/mypkg
[0.638s] 
[0.638s] Installed /home/mori/ros2_ws/build/mypkg
[0.638s] running symlink_data
[0.638s] symbolically linking /home/mori/ros2_ws/build/mypkg/resource/mypkg -> /home/mori/ros2_ws/install/mypkg/share/ament_index/resource_index/packages
[0.638s] symbolically linking /home/mori/ros2_ws/build/mypkg/package.xml -> /home/mori/ros2_ws/install/mypkg/share/mypkg
[0.638s] symbolically linking /home/mori/ros2_ws/build/mypkg/launch/talk_listen.launch.py -> /home/mori/ros2_ws/install/mypkg/share/mypkg
[0.659s] Invoked command in '/home/mori/ros2_ws/build/mypkg' returned '0': PYTHONPATH=/home/mori/ros2_ws/build/mypkg/prefix_override:/usr/lib/python3/dist-packages/colcon_core/task/python/colcon_distutils_commands:/home/mori/ros2_ws/install/mypkg/lib/python3.8/site-packages:${PYTHONPATH} /usr/bin/python3 -W ignore:setup.py install is deprecated setup.py develop --editable --build-directory /home/mori/ros2_ws/build/mypkg/build --no-deps symlink_data --force
