[0.153s] Invoking command in '/home/mori/ros2_ws/build/person_msgs': CMAKE_PREFIX_PATH=/home/mori/ros2_ws/install/mypkg:/opt/ros/foxy /usr/bin/cmake /home/mori/ros2_ws/src/person_msgs -DCMAKE_INSTALL_PREFIX=/home/mori/ros2_ws/install/person_msgs
[0.536s] -- The C compiler identification is GNU 9.4.0
[0.896s] -- The CXX compiler identification is GNU 9.4.0
[1.029s] -- Check for working C compiler: /usr/bin/cc
[1.211s] -- Check for working C compiler: /usr/bin/cc -- works
[1.213s] -- Detecting C compiler ABI info
[1.341s] -- Detecting C compiler ABI info - done
[1.349s] -- Detecting C compile features
[1.349s] -- Detecting C compile features - done
[1.351s] -- Check for working CXX compiler: /usr/bin/c++
[1.496s] -- Check for working CXX compiler: /usr/bin/c++ -- works
[1.497s] -- Detecting CXX compiler ABI info
[1.695s] -- Detecting CXX compiler ABI info - done
[1.703s] -- Detecting CXX compile features
[1.703s] -- Detecting CXX compile features - done
[1.713s] -- Found ament_cmake: 0.9.12 (/opt/ros/foxy/share/ament_cmake/cmake)
[1.733s] -- Found PythonInterp: /usr/bin/python3 (found suitable version "3.8.10", minimum required is "3") 
[1.733s] -- Using PYTHON_EXECUTABLE: /usr/bin/python3
[1.876s] -- Found rosidl_default_generators: 1.0.1 (/opt/ros/foxy/share/rosidl_default_generators/cmake)
[1.882s] -- Using all available rosidl_typesupport_c: rosidl_typesupport_fastrtps_c;rosidl_typesupport_introspection_c
[1.890s] -- Found rosidl_adapter: 1.3.1 (/opt/ros/foxy/share/rosidl_adapter/cmake)
[3.540s] -- Found OpenSSL: /usr/lib/x86_64-linux-gnu/libcrypto.so (found version "1.1.1f")  
[5.066s] -- Found FastRTPS: /opt/ros/foxy/include  
[7.791s] -- Using all available rosidl_typesupport_cpp: rosidl_typesupport_fastrtps_cpp;rosidl_typesupport_introspection_cpp
[7.825s] -- Found PythonInterp: /usr/bin/python3 (found version "3.8.10") 
[7.896s] CMake Error at /opt/ros/foxy/share/rosidl_cmake/cmake/rosidl_generate_interfaces.cmake:229 (message):
[7.896s]   Packages installing interfaces must include
[7.896s]   '<member_of_group>rosidl_interface_packages</member_of_group>' in their
[7.896s]   package.xml
[7.896s] Call Stack (most recent call first):
[7.896s]   CMakeLists.txt:21 (rosidl_generate_interfaces)
[7.896s] 
[7.896s] 
[7.896s] -- Configuring incomplete, errors occurred!
[7.896s] See also "/home/mori/ros2_ws/build/person_msgs/CMakeFiles/CMakeOutput.log".
[7.903s] Invoked command in '/home/mori/ros2_ws/build/person_msgs' returned '1': CMAKE_PREFIX_PATH=/home/mori/ros2_ws/install/mypkg:/opt/ros/foxy /usr/bin/cmake /home/mori/ros2_ws/src/person_msgs -DCMAKE_INSTALL_PREFIX=/home/mori/ros2_ws/install/person_msgs
