[0.143s] Invoking command in '/home/mori/ros2_ws/build/person_msgs': CMAKE_PREFIX_PATH=${CMAKE_PREFIX_PATH}:/home/mori/ros2_ws/install/mypkg:/opt/ros/foxy /usr/bin/cmake --build /home/mori/ros2_ws/build/person_msgs -- -j20 -l20
[0.182s] [  9%] Built target person_msgs__rosidl_generator_c
[0.183s] [ 12%] Built target person_msgs__cpp
[0.200s] [ 32%] Built target person_msgs__rosidl_typesupport_introspection_c
[0.200s] [ 29%] Built target person_msgs__rosidl_typesupport_cpp
[0.200s] [ 41%] Built target person_msgs__rosidl_typesupport_c
[0.201s] [ 51%] Built target person_msgs__rosidl_typesupport_introspection_cpp
[0.207s] [ 61%] Built target person_msgs__rosidl_typesupport_fastrtps_cpp
[0.225s] [ 70%] Built target person_msgs__rosidl_typesupport_fastrtps_c
[0.241s] [ 70%] Built target person_msgs
[0.256s] [ 74%] Built target person_msgs__py
[0.274s] [ 80%] Built target person_msgs__python
[0.294s] [100%] Built target person_msgs__rosidl_typesupport_c__pyext
[0.294s] [100%] Built target person_msgs__rosidl_typesupport_introspection_c__pyext
[0.294s] [100%] Built target person_msgs__rosidl_typesupport_fastrtps_c__pyext
[0.302s] Invoked command in '/home/mori/ros2_ws/build/person_msgs' returned '0': CMAKE_PREFIX_PATH=${CMAKE_PREFIX_PATH}:/home/mori/ros2_ws/install/mypkg:/opt/ros/foxy /usr/bin/cmake --build /home/mori/ros2_ws/build/person_msgs -- -j20 -l20
[0.348s] Invoking command in '/home/mori/ros2_ws/build/person_msgs': CMAKE_PREFIX_PATH=${CMAKE_PREFIX_PATH}:/home/mori/ros2_ws/install/mypkg:/opt/ros/foxy /usr/bin/cmake --install /home/mori/ros2_ws/build/person_msgs
[0.354s] -- Install configuration: ""
[0.354s] -- Execute custom install script
[0.354s] -- Up-to-date symlink: /home/mori/ros2_ws/install/person_msgs/share/ament_index/resource_index/rosidl_interfaces/person_msgs
[0.355s] -- Up-to-date symlink: /home/mori/ros2_ws/install/person_msgs/include/person_msgs/msg/detail/person__functions.h
[0.355s] -- Up-to-date symlink: /home/mori/ros2_ws/install/person_msgs/include/person_msgs/msg/detail/person__struct.h
[0.355s] -- Up-to-date symlink: /home/mori/ros2_ws/install/person_msgs/include/person_msgs/msg/detail/person__type_support.h
[0.355s] -- Up-to-date symlink: /home/mori/ros2_ws/install/person_msgs/include/person_msgs/msg/person.h
[0.355s] -- Up-to-date symlink: /home/mori/ros2_ws/install/person_msgs/include/person_msgs/msg/rosidl_generator_c__visibility_control.h
[0.355s] -- Up-to-date symlink: /home/mori/ros2_ws/install/person_msgs/share/person_msgs/environment/library_path.sh
[0.355s] -- Up-to-date symlink: /home/mori/ros2_ws/install/person_msgs/share/person_msgs/environment/library_path.dsv
[0.356s] -- Up-to-date symlink: /home/mori/ros2_ws/install/person_msgs/include/person_msgs/msg/detail/person__rosidl_typesupport_fastrtps_c.h
[0.356s] -- Up-to-date symlink: /home/mori/ros2_ws/install/person_msgs/include/person_msgs/msg/rosidl_typesupport_fastrtps_c__visibility_control.h
[0.356s] -- Up-to-date symlink: /home/mori/ros2_ws/install/person_msgs/lib/libperson_msgs__rosidl_typesupport_fastrtps_c.so
[0.356s] -- Up-to-date symlink: /home/mori/ros2_ws/install/person_msgs/include/person_msgs/msg/detail/person__rosidl_typesupport_fastrtps_cpp.hpp
[0.357s] -- Up-to-date symlink: /home/mori/ros2_ws/install/person_msgs/include/person_msgs/msg/rosidl_typesupport_fastrtps_cpp__visibility_control.h
[0.357s] -- Up-to-date symlink: /home/mori/ros2_ws/install/person_msgs/lib/libperson_msgs__rosidl_typesupport_fastrtps_cpp.so
[0.357s] -- Up-to-date symlink: /home/mori/ros2_ws/install/person_msgs/include/person_msgs/msg/detail/person__rosidl_typesupport_introspection_c.h
[0.357s] -- Up-to-date symlink: /home/mori/ros2_ws/install/person_msgs/include/person_msgs/msg/rosidl_typesupport_introspection_c__visibility_control.h
[0.358s] -- Up-to-date symlink: /home/mori/ros2_ws/install/person_msgs/include/person_msgs/msg/detail/person__builder.hpp
[0.358s] -- Up-to-date symlink: /home/mori/ros2_ws/install/person_msgs/include/person_msgs/msg/detail/person__struct.hpp
[0.358s] -- Up-to-date symlink: /home/mori/ros2_ws/install/person_msgs/include/person_msgs/msg/detail/person__traits.hpp
[0.358s] -- Up-to-date symlink: /home/mori/ros2_ws/install/person_msgs/include/person_msgs/msg/detail/person__type_support.hpp
[0.359s] -- Up-to-date symlink: /home/mori/ros2_ws/install/person_msgs/include/person_msgs/msg/person.hpp
[0.359s] -- Up-to-date symlink: /home/mori/ros2_ws/install/person_msgs/include/person_msgs/msg/rosidl_generator_cpp__visibility_control.hpp
[0.359s] -- Up-to-date symlink: /home/mori/ros2_ws/install/person_msgs/include/person_msgs/msg/detail/person__rosidl_typesupport_introspection_cpp.hpp
[0.359s] -- Up-to-date symlink: /home/mori/ros2_ws/install/person_msgs/share/person_msgs/environment/pythonpath.sh
[0.359s] -- Up-to-date symlink: /home/mori/ros2_ws/install/person_msgs/share/person_msgs/environment/pythonpath.dsv
[0.359s] -- Up-to-date symlink: /home/mori/ros2_ws/install/person_msgs/lib/python3.8/site-packages/person_msgs/__init__.py
[0.359s] -- Up-to-date symlink: /home/mori/ros2_ws/install/person_msgs/lib/python3.8/site-packages/person_msgs/msg/__init__.py
[0.359s] -- Up-to-date symlink: /home/mori/ros2_ws/install/person_msgs/lib/python3.8/site-packages/person_msgs/msg/_person.py
[0.360s] -- Up-to-date symlink: /home/mori/ros2_ws/install/person_msgs/lib/python3.8/site-packages/person_msgs/person_msgs_s__rosidl_typesupport_fastrtps_c.cpython-38-x86_64-linux-gnu.so
[0.360s] -- Up-to-date symlink: /home/mori/ros2_ws/install/person_msgs/lib/python3.8/site-packages/person_msgs/person_msgs_s__rosidl_typesupport_introspection_c.cpython-38-x86_64-linux-gnu.so
[0.360s] -- Up-to-date symlink: /home/mori/ros2_ws/install/person_msgs/lib/python3.8/site-packages/person_msgs/person_msgs_s__rosidl_typesupport_c.cpython-38-x86_64-linux-gnu.so
[0.360s] -- Up-to-date symlink: /home/mori/ros2_ws/install/person_msgs/lib/libperson_msgs__python.so
[0.360s] -- Up-to-date symlink: /home/mori/ros2_ws/install/person_msgs/share/person_msgs/msg/Person.idl
[0.360s] -- Up-to-date symlink: /home/mori/ros2_ws/install/person_msgs/share/person_msgs/msg/Person.msg
[0.361s] CMake Error at ament_cmake_symlink_install/ament_cmake_symlink_install.cmake:100 (message):
[0.361s]   ament_cmake_symlink_install_directory() can't find
[0.361s]   '/home/mori/ros2_ws/src/person_msgs/launch/'
[0.361s] Call Stack (most recent call first):
[0.361s]   ament_cmake_symlink_install/ament_cmake_symlink_install.cmake:377 (ament_cmake_symlink_install_directory)
[0.361s]   cmake_install.cmake:41 (include)
[0.361s] 
[0.361s] 
[0.362s] Invoked command in '/home/mori/ros2_ws/build/person_msgs' returned '1': CMAKE_PREFIX_PATH=${CMAKE_PREFIX_PATH}:/home/mori/ros2_ws/install/mypkg:/opt/ros/foxy /usr/bin/cmake --install /home/mori/ros2_ws/build/person_msgs
