[0.399s] Invoking command in '/home/mori/ros2_ws/build/mypkg': PYTHONPATH=/home/mori/ros2_ws/build/mypkg/prefix_override:/usr/lib/python3/dist-packages/colcon_core/task/python/colcon_distutils_commands:/home/mori/ros2_ws/install/mypkg/lib/python3.8/site-packages:${PYTHONPATH} /usr/bin/python3 -W ignore:setup.py install is deprecated setup.py develop --uninstall --editable --build-directory /home/mori/ros2_ws/build/mypkg/build
[0.539s] running develop
[0.604s] Removing /home/mori/ros2_ws/install/mypkg/lib/python3.8/site-packages/mypkg.egg-link (link to .)
[0.628s] Invoked command in '/home/mori/ros2_ws/build/mypkg' returned '0': PYTHONPATH=/home/mori/ros2_ws/build/mypkg/prefix_override:/usr/lib/python3/dist-packages/colcon_core/task/python/colcon_distutils_commands:/home/mori/ros2_ws/install/mypkg/lib/python3.8/site-packages:${PYTHONPATH} /usr/bin/python3 -W ignore:setup.py install is deprecated setup.py develop --uninstall --editable --build-directory /home/mori/ros2_ws/build/mypkg/build
[0.630s] Invoking command in '/home/mori/ros2_ws/src/mypkg': PYTHONPATH=/home/mori/ros2_ws/build/mypkg/prefix_override:/usr/lib/python3/dist-packages/colcon_core/task/python/colcon_distutils_commands:/home/mori/ros2_ws/install/mypkg/lib/python3.8/site-packages:${PYTHONPATH} /usr/bin/python3 -W ignore:setup.py install is deprecated setup.py egg_info --egg-base ../../build/mypkg build --build-base /home/mori/ros2_ws/build/mypkg/build install --record /home/mori/ros2_ws/build/mypkg/install.log --install-scripts $base/lib/mypkg --single-version-externally-managed install_data --force
[0.751s] running egg_info
[0.751s] writing ../../build/mypkg/mypkg.egg-info/PKG-INFO
[0.752s] writing dependency_links to ../../build/mypkg/mypkg.egg-info/dependency_links.txt
[0.752s] writing entry points to ../../build/mypkg/mypkg.egg-info/entry_points.txt
[0.752s] writing requirements to ../../build/mypkg/mypkg.egg-info/requires.txt
[0.752s] writing top-level names to ../../build/mypkg/mypkg.egg-info/top_level.txt
[0.772s] reading manifest file '../../build/mypkg/mypkg.egg-info/SOURCES.txt'
[0.772s] writing manifest file '../../build/mypkg/mypkg.egg-info/SOURCES.txt'
[0.772s] running build
[0.772s] running build_py
[0.772s] running install
[0.773s] running install_lib
[0.774s] creating /home/mori/ros2_ws/install/mypkg/lib/python3.8/site-packages/mypkg
[0.774s] copying /home/mori/ros2_ws/build/mypkg/build/lib/mypkg/talker.py -> /home/mori/ros2_ws/install/mypkg/lib/python3.8/site-packages/mypkg
[0.774s] copying /home/mori/ros2_ws/build/mypkg/build/lib/mypkg/__init__.py -> /home/mori/ros2_ws/install/mypkg/lib/python3.8/site-packages/mypkg
[0.774s] copying /home/mori/ros2_ws/build/mypkg/build/lib/mypkg/listener.py -> /home/mori/ros2_ws/install/mypkg/lib/python3.8/site-packages/mypkg
[0.775s] byte-compiling /home/mori/ros2_ws/install/mypkg/lib/python3.8/site-packages/mypkg/talker.py to talker.cpython-38.pyc
[0.775s] byte-compiling /home/mori/ros2_ws/install/mypkg/lib/python3.8/site-packages/mypkg/__init__.py to __init__.cpython-38.pyc
[0.776s] byte-compiling /home/mori/ros2_ws/install/mypkg/lib/python3.8/site-packages/mypkg/listener.py to listener.cpython-38.pyc
[0.776s] running install_data
[0.776s] copying resource/mypkg -> /home/mori/ros2_ws/install/mypkg/share/ament_index/resource_index/packages
[0.776s] copying package.xml -> /home/mori/ros2_ws/install/mypkg/share/mypkg
[0.776s] copying launch/talk_listen.launch.py -> /home/mori/ros2_ws/install/mypkg/share/mypkg
[0.776s] running install_egg_info
[0.777s] Copying ../../build/mypkg/mypkg.egg-info to /home/mori/ros2_ws/install/mypkg/lib/python3.8/site-packages/mypkg-0.0.0-py3.8.egg-info
[0.778s] running install_scripts
[0.791s] Installing listener script to /home/mori/ros2_ws/install/mypkg/lib/mypkg
[0.791s] Installing talker script to /home/mori/ros2_ws/install/mypkg/lib/mypkg
[0.792s] writing list of installed files to '/home/mori/ros2_ws/build/mypkg/install.log'
[0.809s] Invoked command in '/home/mori/ros2_ws/src/mypkg' returned '0': PYTHONPATH=/home/mori/ros2_ws/build/mypkg/prefix_override:/usr/lib/python3/dist-packages/colcon_core/task/python/colcon_distutils_commands:/home/mori/ros2_ws/install/mypkg/lib/python3.8/site-packages:${PYTHONPATH} /usr/bin/python3 -W ignore:setup.py install is deprecated setup.py egg_info --egg-base ../../build/mypkg build --build-base /home/mori/ros2_ws/build/mypkg/build install --record /home/mori/ros2_ws/build/mypkg/install.log --install-scripts $base/lib/mypkg --single-version-externally-managed install_data --force
